

================================================================
== Vivado HLS Report for 'cross_channel_deblur'
================================================================
* Date:           Wed Jan 13 22:02:50 2021

* Version:        2019.2 (Build 2704478 on Wed Nov 06 22:10:23 MST 2019)
* Project:        ISPfinal
* Solution:       solution1
* Product family: zynq
* Target device:  xc7z020-clg400-1


================================================================
== Performance Estimates
================================================================
+ Timing: 
    * Summary: 
    +--------+----------+----------+------------+
    |  Clock |  Target  | Estimated| Uncertainty|
    +--------+----------+----------+------------+
    |ap_clk  | 10.00 ns | 8.750 ns |   1.25 ns  |
    +--------+----------+----------+------------+

+ Latency: 
    * Summary: 
    +---------+---------+----------+----------+--------+--------+---------+
    |  Latency (cycles) |  Latency (absolute) |     Interval    | Pipeline|
    |   min   |   max   |    min   |    max   |   min  |   max  |   Type  |
    +---------+---------+----------+----------+--------+--------+---------+
    |   857364|   857364| 8.574 ms | 8.574 ms |  857364|  857364|   none  |
    +---------+---------+----------+----------+--------+--------+---------+

    + Detail: 
        * Instance: 
        +-------------------------+--------------+---------+---------+----------+----------+--------+--------+---------+
        |                         |              |  Latency (cycles) |  Latency (absolute) |     Interval    | Pipeline|
        |         Instance        |    Module    |   min   |   max   |    min   |    max   |   min  |   max  |   Type  |
        +-------------------------+--------------+---------+---------+----------+----------+--------+--------+---------+
        |grp_ProxGS_fu_305        |ProxGS        |   611297|   611297| 6.113 ms | 6.113 ms |  611297|  611297|   none  |
        |grp_my_filter_v1_fu_316  |my_filter_v1  |   164130|   164130| 1.641 ms | 1.641 ms |  164130|  164130|   none  |
        |grp_array_copy_fu_330    |array_copy    |    16386|    16386| 0.164 ms | 0.164 ms |   16386|   16386|   none  |
        +-------------------------+--------------+---------+---------+----------+----------+--------+--------+---------+

        * Loop: 
        +---------------+---------+---------+----------+-----------+-----------+-------+----------+
        |               |  Latency (cycles) | Iteration|  Initiation Interval  |  Trip |          |
        |   Loop Name   |   min   |   max   |  Latency |  achieved |   target  | Count | Pipelined|
        +---------------+---------+---------+----------+-----------+-----------+-------+----------+
        |- for_y_for_x  |    16384|    16384|         1|          1|          1|  16384|    yes   |
        |- for_y_for_x  |    16384|    16384|         2|          1|          1|  16384|    yes   |
        +---------------+---------+---------+----------+-----------+-----------+-------+----------+



================================================================
== Utilization Estimates
================================================================
* Summary: 
+-----------------+---------+-------+--------+-------+-----+
|       Name      | BRAM_18K| DSP48E|   FF   |  LUT  | URAM|
+-----------------+---------+-------+--------+-------+-----+
|DSP              |        -|      -|       -|      -|    -|
|Expression       |        -|      -|       0|    253|    -|
|FIFO             |        -|      -|       -|      -|    -|
|Instance         |      362|     58|   27300|  29118|    0|
|Memory           |       66|      -|       0|      0|    0|
|Multiplexer      |        -|      -|       -|    683|    -|
|Register         |        -|      -|     104|      -|    -|
+-----------------+---------+-------+--------+-------+-----+
|Total            |      428|     58|   27404|  30054|    0|
+-----------------+---------+-------+--------+-------+-----+
|Available        |      280|    220|  106400|  53200|    0|
+-----------------+---------+-------+--------+-------+-----+
|Utilization (%)  |      152|     26|      25|     56|    0|
+-----------------+---------+-------+--------+-------+-----+

+ Detail: 
    * Instance: 
    +-------------------------+--------------+---------+-------+-------+-------+-----+
    |         Instance        |    Module    | BRAM_18K| DSP48E|   FF  |  LUT  | URAM|
    +-------------------------+--------------+---------+-------+-------+-------+-----+
    |grp_ProxGS_fu_305        |ProxGS        |      210|     58|  26708|  26012|    0|
    |grp_array_copy_fu_330    |array_copy    |        0|      0|     61|    192|    0|
    |grp_my_filter_v1_fu_316  |my_filter_v1  |      152|      0|    531|   2914|    0|
    +-------------------------+--------------+---------+-------+-------+-------+-----+
    |Total                    |              |      362|     58|  27300|  29118|    0|
    +-------------------------+--------------+---------+-------+-------+-------+-----+

    * DSP48E: 
    N/A

    * Memory: 
    +-----------+----------------------+---------+---+----+-----+-------+-----+------+-------------+
    |   Memory  |        Module        | BRAM_18K| FF| LUT| URAM| Words | Bits| Banks| W*Bits*Banks|
    +-----------+----------------------+---------+---+----+-----+-------+-----+------+-------------+
    |y_6_V_U    |cross_channel_debCeG  |        1|  0|   0|    0|  16384|    1|     1|        16384|
    |y_7_V_U    |cross_channel_debCeG  |        1|  0|   0|    0|  16384|    1|     1|        16384|
    |x_bar_V_U  |cross_channel_debudo  |        8|  0|   0|    0|  16384|    8|     1|       131072|
    |x_old_V_U  |cross_channel_debvdy  |        8|  0|   0|    0|  16384|    8|     1|       131072|
    |x_V_U      |cross_channel_debvdy  |        8|  0|   0|    0|  16384|    8|     1|       131072|
    |y_1_V_U    |cross_channel_debxdS  |        8|  0|   0|    0|  16384|    8|     1|       131072|
    |y_2_V_U    |cross_channel_debxdS  |        8|  0|   0|    0|  16384|    8|     1|       131072|
    |y_3_V_U    |cross_channel_debxdS  |        8|  0|   0|    0|  16384|    8|     1|       131072|
    |y_4_V_U    |cross_channel_debxdS  |        8|  0|   0|    0|  16384|    8|     1|       131072|
    |y_5_V_U    |cross_channel_debxdS  |        8|  0|   0|    0|  16384|    8|     1|       131072|
    +-----------+----------------------+---------+---+----+-----+-------+-----+------+-------------+
    |Total      |                      |       66|  0|   0|    0| 163840|   66|    10|      1081344|
    +-----------+----------------------+---------+---+----+-----+-------+-----+------+-------------+

    * FIFO: 
    N/A

    * Expression: 
    +---------------------------------+----------+-------+---+----+------------+------------+
    |          Variable Name          | Operation| DSP48E| FF| LUT| Bitwidth P0| Bitwidth P1|
    +---------------------------------+----------+-------+---+----+------------+------------+
    |add_ln213_fu_424_p2              |     +    |      0|  0|  21|          15|           1|
    |add_ln321_1_fu_474_p2            |     +    |      0|  0|  23|          16|          16|
    |add_ln321_fu_395_p2              |     +    |      0|  0|  23|          16|          16|
    |add_ln41_fu_345_p2               |     +    |      0|  0|  21|          15|           1|
    |i_fu_486_p2                      |     +    |      0|  0|  15|           8|           1|
    |j_fu_430_p2                      |     +    |      0|  0|  15|           8|           1|
    |x_fu_412_p2                      |     +    |      0|  0|  15|           8|           1|
    |y_fu_351_p2                      |     +    |      0|  0|  15|           8|           1|
    |sub_ln214_fu_492_p2              |     -    |      0|  0|  15|           8|           8|
    |icmp_ln213_fu_418_p2             |   icmp   |      0|  0|  13|          15|          16|
    |icmp_ln215_fu_436_p2             |   icmp   |      0|  0|  13|           8|           9|
    |icmp_ln41_fu_339_p2              |   icmp   |      0|  0|  13|          15|          16|
    |icmp_ln43_fu_357_p2              |   icmp   |      0|  0|  13|           8|           9|
    |ap_block_state7_on_subcall_done  |    or    |      0|  0|   2|           1|           1|
    |select_ln218_1_fu_450_p3         |  select  |      0|  0|   8|           1|           8|
    |select_ln218_fu_442_p3           |  select  |      0|  0|   8|           1|           1|
    |select_ln46_1_fu_371_p3          |  select  |      0|  0|   8|           1|           8|
    |select_ln46_fu_363_p3            |  select  |      0|  0|   8|           1|           1|
    |ap_enable_pp1                    |    xor   |      0|  0|   2|           1|           2|
    |ap_enable_reg_pp1_iter1          |    xor   |      0|  0|   2|           2|           1|
    +---------------------------------+----------+-------+---+----+------------+------------+
    |Total                            |          |      0|  0| 253|         156|         118|
    +---------------------------------+----------+-------+---+----+------------+------------+

    * Multiplexer: 
    +------------------------------------+----+-----------+-----+-----------+
    |                Name                | LUT| Input Size| Bits| Total Bits|
    +------------------------------------+----+-----------+-----+-----------+
    |Img_V_address0                      |  15|          3|   14|         42|
    |Img_V_ce0                           |  15|          3|    1|          3|
    |Img_V_we0                           |   9|          2|    1|          2|
    |ap_NS_fsm                           |  56|         13|    1|         13|
    |ap_enable_reg_pp1_iter1             |  15|          3|    1|          3|
    |ap_phi_mux_j_0_i_phi_fu_287_p4      |   9|          2|    8|         16|
    |grp_array_copy_fu_330_data_in_V_q0  |  15|          3|    8|         24|
    |i_0_i_reg_294                       |   9|          2|    8|         16|
    |indvar_flatten11_reg_272            |   9|          2|   15|         30|
    |indvar_flatten_reg_239              |   9|          2|   15|         30|
    |j_0_i_reg_283                       |   9|          2|    8|         16|
    |x_0_i_reg_261                       |   9|          2|    8|         16|
    |x_V_address0                        |  21|          4|   14|         56|
    |x_V_ce0                             |  21|          4|    1|          4|
    |x_V_we0                             |   9|          2|    1|          2|
    |x_bar_V_address0                    |  27|          5|   14|         70|
    |x_bar_V_ce0                         |  27|          5|    1|          5|
    |x_bar_V_ce1                         |   9|          2|    1|          2|
    |x_bar_V_d0                          |  21|          4|    8|         32|
    |x_bar_V_we0                         |  21|          4|    1|          4|
    |x_old_V_address0                    |  15|          3|   14|         42|
    |x_old_V_ce0                         |  15|          3|    1|          3|
    |x_old_V_we0                         |   9|          2|    1|          2|
    |y_0_i_reg_250                       |   9|          2|    8|         16|
    |y_1_V_address0                      |  15|          3|   14|         42|
    |y_1_V_ce0                           |  15|          3|    1|          3|
    |y_1_V_ce1                           |   9|          2|    1|          2|
    |y_1_V_we1                           |   9|          2|    1|          2|
    |y_2_V_address0                      |  15|          3|   14|         42|
    |y_2_V_ce0                           |  15|          3|    1|          3|
    |y_2_V_ce1                           |   9|          2|    1|          2|
    |y_2_V_we1                           |   9|          2|    1|          2|
    |y_3_V_address0                      |  15|          3|   14|         42|
    |y_3_V_ce0                           |  15|          3|    1|          3|
    |y_3_V_ce1                           |   9|          2|    1|          2|
    |y_3_V_we1                           |   9|          2|    1|          2|
    |y_4_V_address0                      |  15|          3|   14|         42|
    |y_4_V_ce0                           |  15|          3|    1|          3|
    |y_4_V_ce1                           |   9|          2|    1|          2|
    |y_4_V_we1                           |   9|          2|    1|          2|
    |y_5_V_address0                      |  15|          3|   14|         42|
    |y_5_V_ce0                           |  15|          3|    1|          3|
    |y_5_V_ce1                           |   9|          2|    1|          2|
    |y_5_V_we1                           |   9|          2|    1|          2|
    |y_6_V_address0                      |  15|          3|   14|         42|
    |y_6_V_ce0                           |  15|          3|    1|          3|
    |y_7_V_address0                      |  15|          3|   14|         42|
    |y_7_V_ce0                           |  15|          3|    1|          3|
    +------------------------------------+----+-----------+-----+-----------+
    |Total                               | 683|        141|  268|        784|
    +------------------------------------+----+-----------+-----+-----------+

    * Register: 
    +--------------------------------------+----+----+-----+-----------+
    |                 Name                 | FF | LUT| Bits| Const Bits|
    +--------------------------------------+----+----+-----+-----------+
    |ap_CS_fsm                             |  12|   0|   12|          0|
    |ap_enable_reg_pp1_iter0               |   1|   0|    1|          0|
    |ap_enable_reg_pp1_iter1               |   1|   0|    1|          0|
    |grp_ProxGS_fu_305_ap_start_reg        |   1|   0|    1|          0|
    |grp_array_copy_fu_330_ap_start_reg    |   1|   0|    1|          0|
    |grp_my_filter_v1_fu_316_ap_start_reg  |   1|   0|    1|          0|
    |i_0_i_reg_294                         |   8|   0|    8|          0|
    |icmp_ln213_reg_517                    |   1|   0|    1|          0|
    |indvar_flatten11_reg_272              |  15|   0|   15|          0|
    |indvar_flatten_reg_239                |  15|   0|   15|          0|
    |j_0_i_reg_283                         |   8|   0|    8|          0|
    |select_ln218_1_reg_526                |   8|   0|    8|          0|
    |x_0_i_reg_261                         |   8|   0|    8|          0|
    |y_0_i_reg_250                         |   8|   0|    8|          0|
    |zext_ln321_5_reg_531                  |  16|   0|   64|         48|
    +--------------------------------------+----+----+-----+-----------+
    |Total                                 | 104|   0|  152|         48|
    +--------------------------------------+----+----+-----+-----------+



================================================================
== Interface
================================================================
* Summary: 
+-----------------------+-----+-----+------------+----------------------+--------------+
|       RTL Ports       | Dir | Bits|  Protocol  |     Source Object    |    C Type    |
+-----------------------+-----+-----+------------+----------------------+--------------+
|ap_clk                 |  in |    1| ap_ctrl_hs | cross_channel_deblur | return value |
|ap_rst                 |  in |    1| ap_ctrl_hs | cross_channel_deblur | return value |
|ap_start               |  in |    1| ap_ctrl_hs | cross_channel_deblur | return value |
|ap_done                | out |    1| ap_ctrl_hs | cross_channel_deblur | return value |
|ap_idle                | out |    1| ap_ctrl_hs | cross_channel_deblur | return value |
|ap_ready               | out |    1| ap_ctrl_hs | cross_channel_deblur | return value |
|Img_V_address0         | out |   14|  ap_memory |         Img_V        |     array    |
|Img_V_ce0              | out |    1|  ap_memory |         Img_V        |     array    |
|Img_V_we0              | out |    1|  ap_memory |         Img_V        |     array    |
|Img_V_d0               | out |    8|  ap_memory |         Img_V        |     array    |
|Img_V_q0               |  in |    8|  ap_memory |         Img_V        |     array    |
|adjChImg_V_address0    | out |   14|  ap_memory |      adjChImg_V      |     array    |
|adjChImg_V_ce0         | out |    1|  ap_memory |      adjChImg_V      |     array    |
|adjChImg_V_q0          |  in |    8|  ap_memory |      adjChImg_V      |     array    |
|adjChImg_V_address1    | out |   14|  ap_memory |      adjChImg_V      |     array    |
|adjChImg_V_ce1         | out |    1|  ap_memory |      adjChImg_V      |     array    |
|adjChImg_V_q1          |  in |    8|  ap_memory |      adjChImg_V      |     array    |
|coe_a_M_real_address0  | out |   14|  ap_memory |     coe_a_M_real     |     array    |
|coe_a_M_real_ce0       | out |    1|  ap_memory |     coe_a_M_real     |     array    |
|coe_a_M_real_q0        |  in |   32|  ap_memory |     coe_a_M_real     |     array    |
|coe_a_M_imag_address0  | out |   14|  ap_memory |     coe_a_M_imag     |     array    |
|coe_a_M_imag_ce0       | out |    1|  ap_memory |     coe_a_M_imag     |     array    |
|coe_a_M_imag_q0        |  in |   32|  ap_memory |     coe_a_M_imag     |     array    |
|coe_b_address0         | out |   14|  ap_memory |         coe_b        |     array    |
|coe_b_ce0              | out |    1|  ap_memory |         coe_b        |     array    |
|coe_b_q0               |  in |   32|  ap_memory |         coe_b        |     array    |
+-----------------------+-----+-----+------------+----------------------+--------------+

