

================================================================
== Vivado HLS Report for 'DEBLUR'
================================================================
* Date:           Tue Jan 19 21:42:28 2021

* Version:        2019.2 (Build 2704478 on Wed Nov 06 22:10:23 MST 2019)
* Project:        ISPfinal
* Solution:       solution1
* Product family: zynq
* Target device:  xc7z020-clg400-1


================================================================
== Performance Estimates
================================================================
+ Timing: 
    * Summary: 
    +--------+----------+----------+------------+
    |  Clock |  Target  | Estimated| Uncertainty|
    +--------+----------+----------+------------+
    |ap_clk  | 10.00 ns | 9.406 ns |   1.25 ns  |
    +--------+----------+----------+------------+

+ Latency: 
    * Summary: 
    +----------+----------+-----------+-----------+----------+----------+---------+
    |   Latency (cycles)  |   Latency (absolute)  |       Interval      | Pipeline|
    |    min   |    max   |    min    |    max    |    min   |    max   |   Type  |
    +----------+----------+-----------+-----------+----------+----------+---------+
    |  35952981|  50698581| 0.360 sec | 0.507 sec |  35952981|  50698581|   none  |
    +----------+----------+-----------+-----------+----------+----------+---------+

    + Detail: 
        * Instance: 
        +--------------------------------+----------------------+----------+----------+-----------+-----------+----------+----------+---------+
        |                                |                      |   Latency (cycles)  |   Latency (absolute)  |       Interval      | Pipeline|
        |            Instance            |        Module        |    min   |    max   |    min    |    max    |    min   |    max   |   Type  |
        +--------------------------------+----------------------+----------+----------+-----------+-----------+----------+----------+---------+
        |grp_cross_channel_deblur_fu_32  |cross_channel_deblur  |  17976489|  25349289| 0.180 sec | 0.253 sec |  17976489|  25349289|   none  |
        +--------------------------------+----------------------+----------+----------+-----------+-----------+----------+----------+---------+

        * Loop: 
        N/A



================================================================
== Utilization Estimates
================================================================
* Summary: 
+-----------------+---------+-------+--------+-------+-----+
|       Name      | BRAM_18K| DSP48E|   FF   |  LUT  | URAM|
+-----------------+---------+-------+--------+-------+-----+
|DSP              |        -|      -|       -|      -|    -|
|Expression       |        -|      -|       -|      -|    -|
|FIFO             |        -|      -|       -|      -|    -|
|Instance         |      530|    124|   36066|  43315|    0|
|Memory           |        -|      -|       -|      -|    -|
|Multiplexer      |        -|      -|       -|    285|    -|
|Register         |        -|      -|       5|      -|    -|
+-----------------+---------+-------+--------+-------+-----+
|Total            |      530|    124|   36071|  43600|    0|
+-----------------+---------+-------+--------+-------+-----+
|Available        |      280|    220|  106400|  53200|    0|
+-----------------+---------+-------+--------+-------+-----+
|Utilization (%)  |      189|     56|      33|     81|    0|
+-----------------+---------+-------+--------+-------+-----+

+ Detail: 
    * Instance: 
    +--------------------------------+----------------------+---------+-------+-------+-------+-----+
    |            Instance            |        Module        | BRAM_18K| DSP48E|   FF  |  LUT  | URAM|
    +--------------------------------+----------------------+---------+-------+-------+-------+-----+
    |grp_cross_channel_deblur_fu_32  |cross_channel_deblur  |      530|    124|  36066|  43315|    0|
    +--------------------------------+----------------------+---------+-------+-------+-------+-----+
    |Total                           |                      |      530|    124|  36066|  43315|    0|
    +--------------------------------+----------------------+---------+-------+-------+-------+-----+

    * DSP48E: 
    N/A

    * Memory: 
    N/A

    * FIFO: 
    N/A

    * Expression: 
    N/A

    * Multiplexer: 
    +------------------------------------------------+----+-----------+-----+-----------+
    |                      Name                      | LUT| Input Size| Bits| Total Bits|
    +------------------------------------------------+----+-----------+-----+-----------+
    |adjChImg_B_address0                             |  15|          3|   14|         42|
    |adjChImg_B_ce0                                  |  15|          3|    1|          3|
    |adjChImg_B_ce1                                  |   9|          2|    1|          2|
    |adjChImg_B_we0                                  |   9|          2|    1|          2|
    |adjChImg_G_address0                             |  15|          3|   14|         42|
    |adjChImg_G_ce0                                  |  15|          3|    1|          3|
    |adjChImg_G_ce1                                  |   9|          2|    1|          2|
    |adjChImg_G_we0                                  |   9|          2|    1|          2|
    |ap_NS_fsm                                       |  27|          5|    1|          5|
    |denominator_B_ce0                               |   9|          2|    1|          2|
    |denominator_G_ce0                               |   9|          2|    1|          2|
    |grp_cross_channel_deblur_fu_32_Img_q0           |  15|          3|   32|         96|
    |grp_cross_channel_deblur_fu_32_adjChImg2_q0     |  15|          3|   32|         96|
    |grp_cross_channel_deblur_fu_32_adjChImg2_q1     |  15|          3|   32|         96|
    |grp_cross_channel_deblur_fu_32_coe_a_M_imag_q0  |  15|          3|   32|         96|
    |grp_cross_channel_deblur_fu_32_coe_a_M_real_q0  |  15|          3|   32|         96|
    |grp_cross_channel_deblur_fu_32_coe_b_q0         |  15|          3|   32|         96|
    |nominator_B_M_imag_ce0                          |   9|          2|    1|          2|
    |nominator_B_M_real_ce0                          |   9|          2|    1|          2|
    |nominator_G_M_imag_ce0                          |   9|          2|    1|          2|
    |nominator_G_M_real_ce0                          |   9|          2|    1|          2|
    |refImg_R_ce0                                    |   9|          2|    1|          2|
    |refImg_R_ce1                                    |   9|          2|    1|          2|
    +------------------------------------------------+----+-----------+-----+-----------+
    |Total                                           | 285|         59|  235|        695|
    +------------------------------------------------+----+-----------+-----+-----------+

    * Register: 
    +---------------------------------------------+---+----+-----+-----------+
    |                     Name                    | FF| LUT| Bits| Const Bits|
    +---------------------------------------------+---+----+-----+-----------+
    |ap_CS_fsm                                    |  4|   0|    4|          0|
    |grp_cross_channel_deblur_fu_32_ap_start_reg  |  1|   0|    1|          0|
    +---------------------------------------------+---+----+-----+-----------+
    |Total                                        |  5|   0|    5|          0|
    +---------------------------------------------+---+----+-----+-----------+



================================================================
== Interface
================================================================
* Summary: 
+-----------------------------+-----+-----+------------+--------------------+--------------+
|          RTL Ports          | Dir | Bits|  Protocol  |    Source Object   |    C Type    |
+-----------------------------+-----+-----+------------+--------------------+--------------+
|ap_clk                       |  in |    1| ap_ctrl_hs |       DEBLUR       | return value |
|ap_rst                       |  in |    1| ap_ctrl_hs |       DEBLUR       | return value |
|ap_start                     |  in |    1| ap_ctrl_hs |       DEBLUR       | return value |
|ap_done                      | out |    1| ap_ctrl_hs |       DEBLUR       | return value |
|ap_idle                      | out |    1| ap_ctrl_hs |       DEBLUR       | return value |
|ap_ready                     | out |    1| ap_ctrl_hs |       DEBLUR       | return value |
|refImg_R_address0            | out |   14|  ap_memory |      refImg_R      |     array    |
|refImg_R_ce0                 | out |    1|  ap_memory |      refImg_R      |     array    |
|refImg_R_q0                  |  in |   32|  ap_memory |      refImg_R      |     array    |
|refImg_R_address1            | out |   14|  ap_memory |      refImg_R      |     array    |
|refImg_R_ce1                 | out |    1|  ap_memory |      refImg_R      |     array    |
|refImg_R_q1                  |  in |   32|  ap_memory |      refImg_R      |     array    |
|adjChImg_G_address0          | out |   14|  ap_memory |     adjChImg_G     |     array    |
|adjChImg_G_ce0               | out |    1|  ap_memory |     adjChImg_G     |     array    |
|adjChImg_G_we0               | out |    1|  ap_memory |     adjChImg_G     |     array    |
|adjChImg_G_d0                | out |   32|  ap_memory |     adjChImg_G     |     array    |
|adjChImg_G_q0                |  in |   32|  ap_memory |     adjChImg_G     |     array    |
|adjChImg_G_address1          | out |   14|  ap_memory |     adjChImg_G     |     array    |
|adjChImg_G_ce1               | out |    1|  ap_memory |     adjChImg_G     |     array    |
|adjChImg_G_q1                |  in |   32|  ap_memory |     adjChImg_G     |     array    |
|adjChImg_B_address0          | out |   14|  ap_memory |     adjChImg_B     |     array    |
|adjChImg_B_ce0               | out |    1|  ap_memory |     adjChImg_B     |     array    |
|adjChImg_B_we0               | out |    1|  ap_memory |     adjChImg_B     |     array    |
|adjChImg_B_d0                | out |   32|  ap_memory |     adjChImg_B     |     array    |
|adjChImg_B_q0                |  in |   32|  ap_memory |     adjChImg_B     |     array    |
|adjChImg_B_address1          | out |   14|  ap_memory |     adjChImg_B     |     array    |
|adjChImg_B_ce1               | out |    1|  ap_memory |     adjChImg_B     |     array    |
|adjChImg_B_q1                |  in |   32|  ap_memory |     adjChImg_B     |     array    |
|nominator_R_M_real_address0  | out |   14|  ap_memory | nominator_R_M_real |     array    |
|nominator_R_M_real_ce0       | out |    1|  ap_memory | nominator_R_M_real |     array    |
|nominator_R_M_real_we0       | out |    1|  ap_memory | nominator_R_M_real |     array    |
|nominator_R_M_real_d0        | out |   32|  ap_memory | nominator_R_M_real |     array    |
|nominator_R_M_real_q0        |  in |   32|  ap_memory | nominator_R_M_real |     array    |
|nominator_R_M_real_address1  | out |   14|  ap_memory | nominator_R_M_real |     array    |
|nominator_R_M_real_ce1       | out |    1|  ap_memory | nominator_R_M_real |     array    |
|nominator_R_M_real_we1       | out |    1|  ap_memory | nominator_R_M_real |     array    |
|nominator_R_M_real_d1        | out |   32|  ap_memory | nominator_R_M_real |     array    |
|nominator_R_M_real_q1        |  in |   32|  ap_memory | nominator_R_M_real |     array    |
|nominator_R_M_imag_address0  | out |   14|  ap_memory | nominator_R_M_imag |     array    |
|nominator_R_M_imag_ce0       | out |    1|  ap_memory | nominator_R_M_imag |     array    |
|nominator_R_M_imag_we0       | out |    1|  ap_memory | nominator_R_M_imag |     array    |
|nominator_R_M_imag_d0        | out |   32|  ap_memory | nominator_R_M_imag |     array    |
|nominator_R_M_imag_q0        |  in |   32|  ap_memory | nominator_R_M_imag |     array    |
|nominator_R_M_imag_address1  | out |   14|  ap_memory | nominator_R_M_imag |     array    |
|nominator_R_M_imag_ce1       | out |    1|  ap_memory | nominator_R_M_imag |     array    |
|nominator_R_M_imag_we1       | out |    1|  ap_memory | nominator_R_M_imag |     array    |
|nominator_R_M_imag_d1        | out |   32|  ap_memory | nominator_R_M_imag |     array    |
|nominator_R_M_imag_q1        |  in |   32|  ap_memory | nominator_R_M_imag |     array    |
|denominator_R_address0       | out |   14|  ap_memory |    denominator_R   |     array    |
|denominator_R_ce0            | out |    1|  ap_memory |    denominator_R   |     array    |
|denominator_R_we0            | out |    1|  ap_memory |    denominator_R   |     array    |
|denominator_R_d0             | out |   32|  ap_memory |    denominator_R   |     array    |
|denominator_R_q0             |  in |   32|  ap_memory |    denominator_R   |     array    |
|denominator_R_address1       | out |   14|  ap_memory |    denominator_R   |     array    |
|denominator_R_ce1            | out |    1|  ap_memory |    denominator_R   |     array    |
|denominator_R_we1            | out |    1|  ap_memory |    denominator_R   |     array    |
|denominator_R_d1             | out |   32|  ap_memory |    denominator_R   |     array    |
|denominator_R_q1             |  in |   32|  ap_memory |    denominator_R   |     array    |
|nominator_G_M_real_address0  | out |   14|  ap_memory | nominator_G_M_real |     array    |
|nominator_G_M_real_ce0       | out |    1|  ap_memory | nominator_G_M_real |     array    |
|nominator_G_M_real_q0        |  in |   32|  ap_memory | nominator_G_M_real |     array    |
|nominator_G_M_imag_address0  | out |   14|  ap_memory | nominator_G_M_imag |     array    |
|nominator_G_M_imag_ce0       | out |    1|  ap_memory | nominator_G_M_imag |     array    |
|nominator_G_M_imag_q0        |  in |   32|  ap_memory | nominator_G_M_imag |     array    |
|denominator_G_address0       | out |   14|  ap_memory |    denominator_G   |     array    |
|denominator_G_ce0            | out |    1|  ap_memory |    denominator_G   |     array    |
|denominator_G_q0             |  in |   32|  ap_memory |    denominator_G   |     array    |
|nominator_B_M_real_address0  | out |   14|  ap_memory | nominator_B_M_real |     array    |
|nominator_B_M_real_ce0       | out |    1|  ap_memory | nominator_B_M_real |     array    |
|nominator_B_M_real_q0        |  in |   32|  ap_memory | nominator_B_M_real |     array    |
|nominator_B_M_imag_address0  | out |   14|  ap_memory | nominator_B_M_imag |     array    |
|nominator_B_M_imag_ce0       | out |    1|  ap_memory | nominator_B_M_imag |     array    |
|nominator_B_M_imag_q0        |  in |   32|  ap_memory | nominator_B_M_imag |     array    |
|denominator_B_address0       | out |   14|  ap_memory |    denominator_B   |     array    |
|denominator_B_ce0            | out |    1|  ap_memory |    denominator_B   |     array    |
|denominator_B_q0             |  in |   32|  ap_memory |    denominator_B   |     array    |
+-----------------------------+-----+-----+------------+--------------------+--------------+

