

================================================================
== Vivado HLS Report for 'dummy_proc_be_1'
================================================================
* Date:           Thu Jan 14 15:49:10 2021

* Version:        2019.2 (Build 2704478 on Wed Nov 06 22:10:23 MST 2019)
* Project:        ISPfinal
* Solution:       solution1
* Product family: zynq
* Target device:  xc7z020-clg400-1


================================================================
== Performance Estimates
================================================================
+ Timing: 
    * Summary: 
    +--------+----------+----------+------------+
    |  Clock |  Target  | Estimated| Uncertainty|
    +--------+----------+----------+------------+
    |ap_clk  | 10.00 ns | 6.888 ns |   1.25 ns  |
    +--------+----------+----------+------------+

+ Latency: 
    * Summary: 
    +---------+---------+----------+----------+-----+-----+---------+
    |  Latency (cycles) |  Latency (absolute) |  Interval | Pipeline|
    |   min   |   max   |    min   |    max   | min | max |   Type  |
    +---------+---------+----------+----------+-----+-----+---------+
    |      129|      129| 1.290 us | 1.290 us |  129|  129|   none  |
    +---------+---------+----------+----------+-----+-----+---------+

    + Detail: 
        * Instance: 
        N/A

        * Loop: 
        +----------+---------+---------+----------+-----------+-----------+------+----------+
        |          |  Latency (cycles) | Iteration|  Initiation Interval  | Trip |          |
        | Loop Name|   min   |   max   |  Latency |  achieved |   target  | Count| Pipelined|
        +----------+---------+---------+----------+-----------+-----------+------+----------+
        |- Loop 1  |      128|      128|         1|          -|          -|   128|    no    |
        +----------+---------+---------+----------+-----------+-----------+------+----------+



================================================================
== Utilization Estimates
================================================================
* Summary: 
+-----------------+---------+-------+--------+-------+-----+
|       Name      | BRAM_18K| DSP48E|   FF   |  LUT  | URAM|
+-----------------+---------+-------+--------+-------+-----+
|DSP              |        -|      -|       -|      -|    -|
|Expression       |        -|      -|       0|     32|    -|
|FIFO             |        -|      -|       -|      -|    -|
|Instance         |        -|      -|       -|      -|    -|
|Memory           |        -|      -|       -|      -|    -|
|Multiplexer      |        -|      -|       -|     60|    -|
|Register         |        -|      -|      12|      -|    -|
+-----------------+---------+-------+--------+-------+-----+
|Total            |        0|      0|      12|     92|    0|
+-----------------+---------+-------+--------+-------+-----+
|Available        |      280|    220|  106400|  53200|    0|
+-----------------+---------+-------+--------+-------+-----+
|Utilization (%)  |        0|      0|   ~0   |   ~0  |    0|
+-----------------+---------+-------+--------+-------+-----+

+ Detail: 
    * Instance: 
    N/A

    * DSP48E: 
    N/A

    * Memory: 
    N/A

    * FIFO: 
    N/A

    * Expression: 
    +----------------------+----------+-------+---+----+------------+------------+
    |     Variable Name    | Operation| DSP48E| FF| LUT| Bitwidth P0| Bitwidth P1|
    +----------------------+----------+-------+---+----+------------+------------+
    |i_fu_110_p2           |     +    |      0|  0|  15|           8|           1|
    |icmp_ln160_fu_104_p2  |   icmp   |      0|  0|  13|           8|           9|
    |ap_block_state1       |    or    |      0|  0|   2|           1|           1|
    |ap_block_state2       |    or    |      0|  0|   2|           1|           1|
    +----------------------+----------+-------+---+----+------------+------------+
    |Total                 |          |      0|  0|  32|          18|          12|
    +----------------------+----------+-------+---+----+------------+------------+

    * Multiplexer: 
    +------------------------+----+-----------+-----+-----------+
    |          Name          | LUT| Input Size| Bits| Total Bits|
    +------------------------+----+-----------+-----+-----------+
    |ap_NS_fsm               |  15|          3|    1|          3|
    |ap_done                 |   9|          2|    1|          2|
    |i_0_reg_93              |   9|          2|    8|         16|
    |in_r_blk_n              |   9|          2|    1|          2|
    |ovflo                   |   9|          2|    1|          2|
    |status_in_data_V_blk_n  |   9|          2|    1|          2|
    +------------------------+----+-----------+-----+-----------+
    |Total                   |  60|         13|   13|         27|
    +------------------------+----+-----------+-----+-----------+

    * Register: 
    +-------------+---+----+-----+-----------+
    |     Name    | FF| LUT| Bits| Const Bits|
    +-------------+---+----+-----+-----------+
    |ap_CS_fsm    |  2|   0|    2|          0|
    |ap_done_reg  |  1|   0|    1|          0|
    |i_0_reg_93   |  8|   0|    8|          0|
    |ovflo_preg   |  1|   0|    1|          0|
    +-------------+---+----+-----+-----------+
    |Total        | 12|   0|   12|          0|
    +-------------+---+----+-----+-----------+



================================================================
== Interface
================================================================
* Summary: 
+--------------------------+-----+-----+------------+------------------+--------------+
|         RTL Ports        | Dir | Bits|  Protocol  |   Source Object  |    C Type    |
+--------------------------+-----+-----+------------+------------------+--------------+
|ap_clk                    |  in |    1| ap_ctrl_hs |  dummy_proc_be.1 | return value |
|ap_rst                    |  in |    1| ap_ctrl_hs |  dummy_proc_be.1 | return value |
|ap_start                  |  in |    1| ap_ctrl_hs |  dummy_proc_be.1 | return value |
|ap_done                   | out |    1| ap_ctrl_hs |  dummy_proc_be.1 | return value |
|ap_continue               |  in |    1| ap_ctrl_hs |  dummy_proc_be.1 | return value |
|ap_idle                   | out |    1| ap_ctrl_hs |  dummy_proc_be.1 | return value |
|ap_ready                  | out |    1| ap_ctrl_hs |  dummy_proc_be.1 | return value |
|status_in_data_V_dout     |  in |    8|   ap_fifo  | status_in_data_V |    pointer   |
|status_in_data_V_empty_n  |  in |    1|   ap_fifo  | status_in_data_V |    pointer   |
|status_in_data_V_read     | out |    1|   ap_fifo  | status_in_data_V |    pointer   |
|ovflo                     | out |    1|   ap_vld   |       ovflo      |    pointer   |
|ovflo_ap_vld              | out |    1|   ap_vld   |       ovflo      |    pointer   |
|in_r_dout                 |  in |   64|   ap_fifo  |       in_r       |    pointer   |
|in_r_empty_n              |  in |    1|   ap_fifo  |       in_r       |    pointer   |
|in_r_read                 | out |    1|   ap_fifo  |       in_r       |    pointer   |
|out_r_address0            | out |    7|  ap_memory |       out_r      |     array    |
|out_r_ce0                 | out |    1|  ap_memory |       out_r      |     array    |
|out_r_we0                 | out |    1|  ap_memory |       out_r      |     array    |
|out_r_d0                  | out |   64|  ap_memory |       out_r      |     array    |
+--------------------------+-----+-----+------------+------------------+--------------+

