

================================================================
== Vivado HLS Report for 'fft_top_2D'
================================================================
* Date:           Tue Jan 19 21:42:25 2021

* Version:        2019.2 (Build 2704478 on Wed Nov 06 22:10:23 MST 2019)
* Project:        ISPfinal
* Solution:       solution1
* Product family: zynq
* Target device:  xc7z020-clg400-1


================================================================
== Performance Estimates
================================================================
+ Timing: 
    * Summary: 
    +--------+----------+----------+------------+
    |  Clock |  Target  | Estimated| Uncertainty|
    +--------+----------+----------+------------+
    |ap_clk  | 10.00 ns | 8.750 ns |   1.25 ns  |
    +--------+----------+----------+------------+

+ Latency: 
    * Summary: 
    +---------+---------+----------+----------+--------+--------+---------+
    |  Latency (cycles) |  Latency (absolute) |     Interval    | Pipeline|
    |   min   |   max   |    min   |    max   |   min  |   max  |   Type  |
    +---------+---------+----------+----------+--------+--------+---------+
    |   256258|   256258| 2.563 ms | 2.563 ms |  256258|  256258|   none  |
    +---------+---------+----------+----------+--------+--------+---------+

    + Detail: 
        * Instance: 
        +--------------------+---------+---------+---------+----------+----------+-----+-----+----------+
        |                    |         |  Latency (cycles) |  Latency (absolute) |  Interval | Pipeline |
        |      Instance      |  Module |   min   |   max   |    min   |    max   | min | max |   Type   |
        +--------------------+---------+---------+---------+----------+----------+-----+-----+----------+
        |grp_fft_top_fu_304  |fft_top  |      484|      484| 4.840 us | 4.840 us |  485|  485| dataflow |
        +--------------------+---------+---------+---------+----------+----------+-----+-----+----------+

        * Loop: 
        +-------------------+---------+---------+----------+-----------+-----------+------+----------+
        |                   |  Latency (cycles) | Iteration|  Initiation Interval  | Trip |          |
        |     Loop Name     |   min   |   max   |  Latency |  achieved |   target  | Count| Pipelined|
        +-------------------+---------+---------+----------+-----------+-----------+------+----------+
        |- Loop 1           |      127|      127|         1|          -|          -|   128|    no    |
        |- Loop 2           |      127|      127|         1|          -|          -|   128|    no    |
        |- for_row          |   128000|   128000|      1000|          -|          -|   128|    no    |
        | + for_column_in   |      256|      256|         2|          -|          -|   128|    no    |
        | + for_column_out  |      256|      256|         2|          -|          -|   128|    no    |
        |- for_column       |   128000|   128000|      1000|          -|          -|   128|    no    |
        | + for_row_in      |      256|      256|         2|          -|          -|   128|    no    |
        | + for_row_out     |      256|      256|         2|          -|          -|   128|    no    |
        +-------------------+---------+---------+----------+-----------+-----------+------+----------+



================================================================
== Utilization Estimates
================================================================
* Summary: 
+-----------------+---------+-------+--------+-------+-----+
|       Name      | BRAM_18K| DSP48E|   FF   |  LUT  | URAM|
+-----------------+---------+-------+--------+-------+-----+
|DSP              |        -|      -|       -|      -|    -|
|Expression       |        -|      -|       0|    316|    -|
|FIFO             |        -|      -|       -|      -|    -|
|Instance         |       14|     24|   10887|   8674|    -|
|Memory           |        4|      -|       0|      0|    0|
|Multiplexer      |        -|      -|       -|    362|    -|
|Register         |        -|      -|     176|      -|    -|
+-----------------+---------+-------+--------+-------+-----+
|Total            |       18|     24|   11063|   9352|    0|
+-----------------+---------+-------+--------+-------+-----+
|Available        |      280|    220|  106400|  53200|    0|
+-----------------+---------+-------+--------+-------+-----+
|Utilization (%)  |        6|     10|      10|     17|    0|
+-----------------+---------+-------+--------+-------+-----+

+ Detail: 
    * Instance: 
    +--------------------+---------+---------+-------+-------+------+-----+
    |      Instance      |  Module | BRAM_18K| DSP48E|   FF  |  LUT | URAM|
    +--------------------+---------+---------+-------+-------+------+-----+
    |grp_fft_top_fu_304  |fft_top  |       14|     24|  10887|  8674|    0|
    +--------------------+---------+---------+-------+-------+------+-----+
    |Total               |         |       14|     24|  10887|  8674|    0|
    +--------------------+---------+---------+-------+-------+------+-----+

    * DSP48E: 
    N/A

    * Memory: 
    +--------------+----------------------+---------+---+----+-----+------+-----+------+-------------+
    |    Memory    |        Module        | BRAM_18K| FF| LUT| URAM| Words| Bits| Banks| W*Bits*Banks|
    +--------------+----------------------+---------+---+----+-----+------+-----+------+-------------+
    |buffer_out_U  |fft_top_2D_bufferocq  |        2|  0|   0|    0|   128|   64|     1|         8192|
    |buffer_in_U   |fft_top_2D_bufferocq  |        2|  0|   0|    0|   128|   64|     1|         8192|
    +--------------+----------------------+---------+---+----+-----+------+-----+------+-------------+
    |Total         |                      |        4|  0|   0|    0|   256|  128|     2|        16384|
    +--------------+----------------------+---------+---+----+-----+------+-----+------+-------------+

    * FIFO: 
    N/A

    * Expression: 
    +-------------------------------------+----------+-------+---+----+------------+------------+
    |            Variable Name            | Operation| DSP48E| FF| LUT| Bitwidth P0| Bitwidth P1|
    +-------------------------------------+----------+-------+---+----+------------+------------+
    |add_ln199_1_fu_338_p2                |     +    |      0|  0|  15|           7|           1|
    |add_ln199_fu_321_p2                  |     +    |      0|  0|  15|           7|           1|
    |add_ln204_fu_395_p2                  |     +    |      0|  0|  23|          16|          16|
    |add_ln210_fu_449_p2                  |     +    |      0|  0|  23|          16|          16|
    |add_ln218_fu_513_p2                  |     +    |      0|  0|  23|          16|          16|
    |add_ln223_fu_575_p2                  |     +    |      0|  0|  23|          16|          16|
    |i_1_fu_361_p2                        |     +    |      0|  0|  15|           8|           1|
    |i_2_fu_552_p2                        |     +    |      0|  0|  15|           8|           1|
    |i_fu_495_p2                          |     +    |      0|  0|  15|           8|           1|
    |j_1_fu_479_p2                        |     +    |      0|  0|  15|           8|           1|
    |j_fu_385_p2                          |     +    |      0|  0|  15|           8|           1|
    |k_fu_434_p2                          |     +    |      0|  0|  15|           8|           1|
    |icmp_ln199_1_fu_349_p2               |   icmp   |      0|  0|  11|           7|           2|
    |icmp_ln199_fu_332_p2                 |   icmp   |      0|  0|  11|           7|           2|
    |icmp_ln202_fu_355_p2                 |   icmp   |      0|  0|  13|           8|           9|
    |icmp_ln203_fu_379_p2                 |   icmp   |      0|  0|  13|           8|           9|
    |icmp_ln209_fu_428_p2                 |   icmp   |      0|  0|  13|           8|           9|
    |icmp_ln216_fu_473_p2                 |   icmp   |      0|  0|  13|           8|           9|
    |icmp_ln217_fu_489_p2                 |   icmp   |      0|  0|  13|           8|           9|
    |icmp_ln222_fu_546_p2                 |   icmp   |      0|  0|  13|           8|           9|
    |ap_sync_grp_fft_top_fu_304_ap_done   |    or    |      0|  0|   2|           1|           1|
    |ap_sync_grp_fft_top_fu_304_ap_ready  |    or    |      0|  0|   2|           1|           1|
    +-------------------------------------+----------+-------+---+----+------------+------------+
    |Total                                |          |      0|  0| 316|         190|         132|
    +-------------------------------------+----------+-------+---+----+------------+------------+

    * Multiplexer: 
    +---------------------+----+-----------+-----+-----------+
    |         Name        | LUT| Input Size| Bits| Total Bits|
    +---------------------+----+-----------+-----+-----------+
    |ap_NS_fsm            |  65|         16|    1|         16|
    |buffer_in_address0   |  27|          5|    7|         35|
    |buffer_in_ce0        |  15|          3|    1|          3|
    |buffer_in_d0         |  21|          4|   64|        256|
    |buffer_out_address0  |  27|          5|    7|         35|
    |buffer_out_ce0       |  15|          3|    1|          3|
    |buffer_out_d0        |  15|          3|   64|        192|
    |buffer_out_we0       |  15|          3|    1|          3|
    |i3_0_reg_281         |   9|          2|    8|         16|
    |i4_0_reg_293         |   9|          2|    8|         16|
    |i_0_reg_236          |   9|          2|    8|         16|
    |in_M_imag_address0   |  15|          3|   14|         42|
    |in_M_real_address0   |  15|          3|   14|         42|
    |j2_0_reg_270         |   9|          2|    8|         16|
    |j_0_reg_247          |   9|          2|    8|         16|
    |k_0_reg_259          |   9|          2|    8|         16|
    |out_M_imag_address0  |  15|          3|   14|         42|
    |out_M_imag_d0        |  15|          3|   32|         96|
    |out_M_real_address0  |  15|          3|   14|         42|
    |out_M_real_d0        |  15|          3|   32|         96|
    |phi_ln199_1_reg_225  |   9|          2|    7|         14|
    |phi_ln199_reg_214    |   9|          2|    7|         14|
    +---------------------+----+-----------+-----+-----------+
    |Total                | 362|         76|  328|       1027|
    +---------------------+----+-----------+-----+-----------+

    * Register: 
    +-----------------------------------------+----+----+-----+-----------+
    |                   Name                  | FF | LUT| Bits| Const Bits|
    +-----------------------------------------+----+----+-----+-----------+
    |add_ln210_reg_660                        |  16|   0|   16|          0|
    |add_ln223_reg_710                        |  16|   0|   16|          0|
    |ap_CS_fsm                                |  15|   0|   15|          0|
    |ap_sync_reg_grp_fft_top_fu_304_ap_done   |   1|   0|    1|          0|
    |ap_sync_reg_grp_fft_top_fu_304_ap_ready  |   1|   0|    1|          0|
    |grp_fft_top_fu_304_ap_start_reg          |   1|   0|    1|          0|
    |i3_0_reg_281                             |   8|   0|    8|          0|
    |i4_0_reg_293                             |   8|   0|    8|          0|
    |i_0_reg_236                              |   8|   0|    8|          0|
    |i_1_reg_623                              |   8|   0|    8|          0|
    |i_2_reg_705                              |   8|   0|    8|          0|
    |i_reg_687                                |   8|   0|    8|          0|
    |j2_0_reg_270                             |   8|   0|    8|          0|
    |j_0_reg_247                              |   8|   0|    8|          0|
    |j_1_reg_673                              |   8|   0|    8|          0|
    |j_reg_637                                |   8|   0|    8|          0|
    |k_0_reg_259                              |   8|   0|    8|          0|
    |k_reg_655                                |   8|   0|    8|          0|
    |phi_ln199_1_reg_225                      |   7|   0|    7|          0|
    |phi_ln199_reg_214                        |   7|   0|    7|          0|
    |zext_ln203_reg_628                       |   8|   0|   16|          8|
    |zext_ln217_reg_678                       |   8|   0|   16|          8|
    +-----------------------------------------+----+----+-----+-----------+
    |Total                                    | 176|   0|  192|         16|
    +-----------------------------------------+----+----+-----+-----------+



================================================================
== Interface
================================================================
* Summary: 
+---------------------+-----+-----+------------+--------------+--------------+
|      RTL Ports      | Dir | Bits|  Protocol  | Source Object|    C Type    |
+---------------------+-----+-----+------------+--------------+--------------+
|ap_clk               |  in |    1| ap_ctrl_hs |  fft_top_2D  | return value |
|ap_rst               |  in |    1| ap_ctrl_hs |  fft_top_2D  | return value |
|ap_start             |  in |    1| ap_ctrl_hs |  fft_top_2D  | return value |
|ap_done              | out |    1| ap_ctrl_hs |  fft_top_2D  | return value |
|ap_idle              | out |    1| ap_ctrl_hs |  fft_top_2D  | return value |
|ap_ready             | out |    1| ap_ctrl_hs |  fft_top_2D  | return value |
|direction            |  in |    1|   ap_none  |   direction  |    scalar    |
|in_M_real_address0   | out |   14|  ap_memory |   in_M_real  |     array    |
|in_M_real_ce0        | out |    1|  ap_memory |   in_M_real  |     array    |
|in_M_real_q0         |  in |   32|  ap_memory |   in_M_real  |     array    |
|in_M_imag_address0   | out |   14|  ap_memory |   in_M_imag  |     array    |
|in_M_imag_ce0        | out |    1|  ap_memory |   in_M_imag  |     array    |
|in_M_imag_q0         |  in |   32|  ap_memory |   in_M_imag  |     array    |
|out_M_real_address0  | out |   14|  ap_memory |  out_M_real  |     array    |
|out_M_real_ce0       | out |    1|  ap_memory |  out_M_real  |     array    |
|out_M_real_we0       | out |    1|  ap_memory |  out_M_real  |     array    |
|out_M_real_d0        | out |   32|  ap_memory |  out_M_real  |     array    |
|out_M_imag_address0  | out |   14|  ap_memory |  out_M_imag  |     array    |
|out_M_imag_ce0       | out |    1|  ap_memory |  out_M_imag  |     array    |
|out_M_imag_we0       | out |    1|  ap_memory |  out_M_imag  |     array    |
|out_M_imag_d0        | out |   32|  ap_memory |  out_M_imag  |     array    |
+---------------------+-----+-----+------------+--------------+--------------+

