

================================================================
== Vivado HLS Report for 'my_filter_v1'
================================================================
* Date:           Wed Jan 13 22:02:46 2021

* Version:        2019.2 (Build 2704478 on Wed Nov 06 22:10:23 MST 2019)
* Project:        ISPfinal
* Solution:       solution1
* Product family: zynq
* Target device:  xc7z020-clg400-1


================================================================
== Performance Estimates
================================================================
+ Timing: 
    * Summary: 
    +--------+----------+----------+------------+
    |  Clock |  Target  | Estimated| Uncertainty|
    +--------+----------+----------+------------+
    |ap_clk  | 10.00 ns | 8.423 ns |   1.25 ns  |
    +--------+----------+----------+------------+

+ Latency: 
    * Summary: 
    +---------+---------+----------+----------+--------+--------+---------+
    |  Latency (cycles) |  Latency (absolute) |     Interval    | Pipeline|
    |   min   |   max   |    min   |    max   |   min  |   max  |   Type  |
    +---------+---------+----------+----------+--------+--------+---------+
    |   164130|   164130| 1.641 ms | 1.641 ms |  164130|  164130|   none  |
    +---------+---------+----------+----------+--------+--------+---------+

    + Detail: 
        * Instance: 
        +--------------------------+---------------+---------+---------+----------+----------+-------+-------+---------+
        |                          |               |  Latency (cycles) |  Latency (absolute) |    Interval   | Pipeline|
        |         Instance         |     Module    |   min   |   max   |    min   |    max   |  min  |  max  |   Type  |
        +--------------------------+---------------+---------+---------+----------+----------+-------+-------+---------+
        |grp_my_filter_fy5_fu_362  |my_filter_fy5  |    16386|    16386| 0.164 ms | 0.164 ms |  16386|  16386|   none  |
        |grp_my_filter_fy5_fu_369  |my_filter_fy5  |    16386|    16386| 0.164 ms | 0.164 ms |  16386|  16386|   none  |
        |grp_my_filter_fy5_fu_375  |my_filter_fy5  |    16386|    16386| 0.164 ms | 0.164 ms |  16386|  16386|   none  |
        |grp_my_filter_fx6_fu_384  |my_filter_fx6  |    16387|    16387| 0.164 ms | 0.164 ms |  16387|  16387|   none  |
        |grp_my_filter_fx6_fu_392  |my_filter_fx6  |    16387|    16387| 0.164 ms | 0.164 ms |  16387|  16387|   none  |
        +--------------------------+---------------+---------+---------+----------+----------+-------+-------+---------+

        * Loop: 
        +---------------------+---------+---------+----------+-----------+-----------+-------+----------+
        |                     |  Latency (cycles) | Iteration|  Initiation Interval  |  Trip |          |
        |      Loop Name      |   min   |   max   |  Latency |  achieved |   target  | Count | Pipelined|
        +---------------------+---------+---------+----------+-----------+-----------+-------+----------+
        |- Loop_y_1_Loop_x_1  |    16384|    16384|         2|          1|          1|  16384|    yes   |
        |- Loop_y_2           |    33024|    33024|       258|          -|          -|    128|    no    |
        | + Loop_x_2          |      256|      256|         2|          -|          -|    128|    no    |
        +---------------------+---------+---------+----------+-----------+-----------+-------+----------+



================================================================
== Utilization Estimates
================================================================
* Summary: 
+-----------------+---------+-------+--------+-------+-----+
|       Name      | BRAM_18K| DSP48E|   FF   |  LUT  | URAM|
+-----------------+---------+-------+--------+-------+-----+
|DSP              |        -|      -|       -|      -|    -|
|Expression       |        -|      -|       0|    282|    -|
|FIFO             |        -|      -|       -|      -|    -|
|Instance         |        -|      -|     341|   1243|    -|
|Memory           |      152|      -|       0|      0|    0|
|Multiplexer      |        -|      -|       -|   1389|    -|
|Register         |        -|      -|     190|      -|    -|
+-----------------+---------+-------+--------+-------+-----+
|Total            |      152|      0|     531|   2914|    0|
+-----------------+---------+-------+--------+-------+-----+
|Available        |      280|    220|  106400|  53200|    0|
+-----------------+---------+-------+--------+-------+-----+
|Utilization (%)  |       54|      0|   ~0   |      5|    0|
+-----------------+---------+-------+--------+-------+-----+

+ Detail: 
    * Instance: 
    +--------------------------+---------------+---------+-------+----+-----+-----+
    |         Instance         |     Module    | BRAM_18K| DSP48E| FF | LUT | URAM|
    +--------------------------+---------------+---------+-------+----+-----+-----+
    |grp_my_filter_fx6_fu_384  |my_filter_fx6  |        0|      0|  79|  242|    0|
    |grp_my_filter_fx6_fu_392  |my_filter_fx6  |        0|      0|  79|  242|    0|
    |grp_my_filter_fy5_fu_362  |my_filter_fy5  |        0|      0|  61|  253|    0|
    |grp_my_filter_fy5_fu_369  |my_filter_fy5  |        0|      0|  61|  253|    0|
    |grp_my_filter_fy5_fu_375  |my_filter_fy5  |        0|      0|  61|  253|    0|
    +--------------------------+---------------+---------+-------+----+-----+-----+
    |Total                     |               |        0|      0| 341| 1243|    0|
    +--------------------------+---------------+---------+-------+----+-----+-----+

    * DSP48E: 
    N/A

    * Memory: 
    +-----------------+-------------------+---------+---+----+-----+-------+-----+------+-------------+
    |      Memory     |       Module      | BRAM_18K| FF| LUT| URAM| Words | Bits| Banks| W*Bits*Banks|
    +-----------------+-------------------+---------+---+----+-----+-------+-----+------+-------------+
    |fx_V_U           |my_filter_v1_fx_V  |        8|  0|   0|    0|  16384|    8|     1|       131072|
    |fy_V_U           |my_filter_v1_fx_V  |        8|  0|   0|    0|  16384|    8|     1|       131072|
    |g3x_V_U          |my_filter_v1_fx_V  |        8|  0|   0|    0|  16384|    8|     1|       131072|
    |g4y_V_U          |my_filter_v1_fx_V  |        8|  0|   0|    0|  16384|    8|     1|       131072|
    |g5x_V_U          |my_filter_v1_fx_V  |        8|  0|   0|    0|  16384|    8|     1|       131072|
    |temp_cross6_V_U  |my_filter_v1_fx_V  |        8|  0|   0|    0|  16384|    8|     1|       131072|
    |temp_cross7_V_U  |my_filter_v1_fx_V  |        8|  0|   0|    0|  16384|    8|     1|       131072|
    |fxx_U            |my_filter_v1_fxx   |        8|  0|   0|    0|  16384|    8|     1|       131072|
    |fyy_U            |my_filter_v1_fxx   |        8|  0|   0|    0|  16384|    8|     1|       131072|
    |fxy_U            |my_filter_v1_fxx   |        8|  0|   0|    0|  16384|    8|     1|       131072|
    |adj_fx_U         |my_filter_v1_fxx   |        8|  0|   0|    0|  16384|    8|     1|       131072|
    |adj_fy_U         |my_filter_v1_fxx   |        8|  0|   0|    0|  16384|    8|     1|       131072|
    |gx_U             |my_filter_v1_fxx   |        8|  0|   0|    0|  16384|    8|     1|       131072|
    |gy_U             |my_filter_v1_fxx   |        8|  0|   0|    0|  16384|    8|     1|       131072|
    |gxx_U            |my_filter_v1_fxx   |        8|  0|   0|    0|  16384|    8|     1|       131072|
    |gyy_U            |my_filter_v1_fxx   |        8|  0|   0|    0|  16384|    8|     1|       131072|
    |gxy_U            |my_filter_v1_fxx   |        8|  0|   0|    0|  16384|    8|     1|       131072|
    |cross_X_U        |my_filter_v1_fxx   |        8|  0|   0|    0|  16384|    8|     1|       131072|
    |cross_Y_U        |my_filter_v1_fxx   |        8|  0|   0|    0|  16384|    8|     1|       131072|
    +-----------------+-------------------+---------+---+----+-----+-------+-----+------+-------------+
    |Total            |                   |      152|  0|   0|    0| 311296|  152|    19|      2490368|
    +-----------------+-------------------+---------+---+----+-----+-------+-----+------+-------------+

    * FIFO: 
    N/A

    * Expression: 
    +----------------------------------+----------+-------+---+----+------------+------------+
    |           Variable Name          | Operation| DSP48E| FF| LUT| Bitwidth P0| Bitwidth P1|
    +----------------------------------+----------+-------+---+----+------------+------------+
    |add_ln126_fu_408_p2               |     +    |      0|  0|  21|          15|           1|
    |add_ln215_1_fu_599_p2             |     +    |      0|  0|  23|          16|          16|
    |add_ln215_fu_458_p2               |     +    |      0|  0|  23|          16|          16|
    |x_1_fu_473_p2                     |     +    |      0|  0|  15|           8|           1|
    |x_fu_589_p2                       |     +    |      0|  0|  15|           8|           1|
    |y_1_fu_565_p2                     |     +    |      0|  0|  15|           8|           1|
    |y_fu_414_p2                       |     +    |      0|  0|  15|           8|           1|
    |temp_cross6_V_d0                  |    and   |      0|  0|   8|           8|           8|
    |temp_cross7_V_d0                  |    and   |      0|  0|   8|           8|           8|
    |icmp_ln126_fu_402_p2              |   icmp   |      0|  0|  13|          15|          16|
    |icmp_ln128_fu_420_p2              |   icmp   |      0|  0|  13|           8|           9|
    |icmp_ln170_fu_559_p2              |   icmp   |      0|  0|  13|           8|           9|
    |icmp_ln172_fu_583_p2              |   icmp   |      0|  0|  13|           8|           9|
    |icmp_ln895_1_fu_505_p2            |   icmp   |      0|  0|  11|           7|           1|
    |icmp_ln895_2_fu_521_p2            |   icmp   |      0|  0|  11|           7|           1|
    |icmp_ln895_3_fu_537_p2            |   icmp   |      0|  0|  11|           7|           1|
    |icmp_ln895_4_fu_553_p2            |   icmp   |      0|  0|  11|           7|           1|
    |icmp_ln895_fu_489_p2              |   icmp   |      0|  0|  11|           7|           1|
    |ap_block_state12_on_subcall_done  |    or    |      0|  0|   2|           1|           1|
    |ap_block_state14_on_subcall_done  |    or    |      0|  0|   2|           1|           1|
    |ap_block_state4_on_subcall_done   |    or    |      0|  0|   2|           1|           1|
    |ap_block_state6_on_subcall_done   |    or    |      0|  0|   2|           1|           1|
    |select_ln131_1_fu_434_p3          |  select  |      0|  0|   8|           1|           8|
    |select_ln131_fu_426_p3            |  select  |      0|  0|   8|           1|           1|
    |select_ln209_1_fu_626_p3          |  select  |      0|  0|   2|           1|           2|
    |select_ln209_fu_611_p3            |  select  |      0|  0|   2|           1|           2|
    |ap_enable_pp0                     |    xor   |      0|  0|   2|           1|           2|
    |ap_enable_reg_pp0_iter1           |    xor   |      0|  0|   2|           2|           1|
    +----------------------------------+----------+-------+---+----+------------+------------+
    |Total                             |          |      0|  0| 282|         180|         121|
    +----------------------------------+----------+-------+---+----+------------+------------+

    * Multiplexer: 
    +---------------------------------------+----+-----------+-----+-----------+
    |                  Name                 | LUT| Input Size| Bits| Total Bits|
    +---------------------------------------+----+-----------+-----+-----------+
    |adjChImg_V_address0                    |  21|          4|   14|         56|
    |adjChImg_V_address1                    |  15|          3|   14|         42|
    |adjChImg_V_ce0                         |  21|          4|    1|          4|
    |adjChImg_V_ce1                         |  15|          3|    1|          3|
    |adj_fx_ce0                             |   9|          2|    1|          2|
    |adj_fx_we0                             |   9|          2|    1|          2|
    |adj_fy_ce0                             |   9|          2|    1|          2|
    |adj_fy_we0                             |   9|          2|    1|          2|
    |ap_NS_fsm                              |  89|         18|    1|         18|
    |ap_enable_reg_pp0_iter1                |  15|          3|    1|          3|
    |ap_phi_mux_y76_0_phi_fu_322_p4         |   9|          2|    8|         16|
    |cross_X_ce0                            |   9|          2|    1|          2|
    |cross_X_we0                            |   9|          2|    1|          2|
    |cross_Y_ce0                            |   9|          2|    1|          2|
    |cross_Y_we0                            |   9|          2|    1|          2|
    |f_V_address0                           |  15|          3|   14|         42|
    |f_V_address1                           |  15|          3|   14|         42|
    |f_V_ce0                                |  15|          3|    1|          3|
    |f_V_ce1                                |  15|          3|    1|          3|
    |fx_V_address0                          |  21|          4|   14|         56|
    |fx_V_address1                          |  15|          3|   14|         42|
    |fx_V_ce0                               |  21|          4|    1|          4|
    |fx_V_ce1                               |  15|          3|    1|          3|
    |fx_V_we0                               |   9|          2|    1|          2|
    |fxx_ce0                                |   9|          2|    1|          2|
    |fxx_we0                                |   9|          2|    1|          2|
    |fxy_ce0                                |   9|          2|    1|          2|
    |fxy_we0                                |   9|          2|    1|          2|
    |fy_V_address0                          |  15|          3|   14|         42|
    |fy_V_ce0                               |  15|          3|    1|          3|
    |fy_V_ce1                               |   9|          2|    1|          2|
    |fy_V_we0                               |   9|          2|    1|          2|
    |fyy_ce0                                |   9|          2|    1|          2|
    |fyy_we0                                |   9|          2|    1|          2|
    |g1_V_address0                          |  15|          3|   14|         42|
    |g1_V_address1                          |  15|          3|   14|         42|
    |g1_V_ce0                               |  15|          3|    1|          3|
    |g1_V_ce1                               |  15|          3|    1|          3|
    |g2_V_address0                          |  15|          3|   14|         42|
    |g2_V_address1                          |  15|          3|   14|         42|
    |g2_V_ce0                               |  15|          3|    1|          3|
    |g2_V_ce1                               |  15|          3|    1|          3|
    |g3_V_address0                          |  15|          3|   14|         42|
    |g3_V_address1                          |  15|          3|   14|         42|
    |g3_V_ce0                               |  15|          3|    1|          3|
    |g3_V_ce1                               |  15|          3|    1|          3|
    |g3x_V_address0                         |  15|          3|   14|         42|
    |g3x_V_ce0                              |  15|          3|    1|          3|
    |g3x_V_ce1                              |   9|          2|    1|          2|
    |g3x_V_we0                              |   9|          2|    1|          2|
    |g4_V_address0                          |  15|          3|   14|         42|
    |g4_V_address1                          |  15|          3|   14|         42|
    |g4_V_ce0                               |  15|          3|    1|          3|
    |g4_V_ce1                               |  15|          3|    1|          3|
    |g4y_V_address0                         |  15|          3|   14|         42|
    |g4y_V_ce0                              |  15|          3|    1|          3|
    |g4y_V_ce1                              |   9|          2|    1|          2|
    |g4y_V_we0                              |   9|          2|    1|          2|
    |g5_V_address0                          |  15|          3|   14|         42|
    |g5_V_address1                          |  15|          3|   14|         42|
    |g5_V_ce0                               |  15|          3|    1|          3|
    |g5_V_ce1                               |  15|          3|    1|          3|
    |g5x_V_address0                         |  15|          3|   14|         42|
    |g5x_V_ce0                              |  15|          3|    1|          3|
    |g5x_V_ce1                              |   9|          2|    1|          2|
    |g5x_V_we0                              |   9|          2|    1|          2|
    |grp_my_filter_fx6_fu_384_data_in_V_q0  |  38|          7|    8|         56|
    |grp_my_filter_fx6_fu_384_data_in_V_q1  |  38|          7|    8|         56|
    |grp_my_filter_fx6_fu_392_data_in_V_q0  |  15|          3|    8|         24|
    |grp_my_filter_fx6_fu_392_data_in_V_q1  |  15|          3|    8|         24|
    |grp_my_filter_fy5_fu_362_data_in_V_q0  |  33|          6|    8|         48|
    |grp_my_filter_fy5_fu_362_data_in_V_q1  |  33|          6|    8|         48|
    |grp_my_filter_fy5_fu_369_data_in_V_q0  |  15|          3|    8|         24|
    |grp_my_filter_fy5_fu_369_data_in_V_q1  |  15|          3|    8|         24|
    |grp_my_filter_fy5_fu_375_data_in_V_q0  |  15|          3|    8|         24|
    |grp_my_filter_fy5_fu_375_data_in_V_q1  |  15|          3|    8|         24|
    |gx_ce0                                 |   9|          2|    1|          2|
    |gx_we0                                 |   9|          2|    1|          2|
    |gxx_ce0                                |   9|          2|    1|          2|
    |gxx_we0                                |   9|          2|    1|          2|
    |gxy_ce0                                |   9|          2|    1|          2|
    |gxy_we0                                |   9|          2|    1|          2|
    |gy_ce0                                 |   9|          2|    1|          2|
    |gy_we0                                 |   9|          2|    1|          2|
    |gyy_ce0                                |   9|          2|    1|          2|
    |gyy_we0                                |   9|          2|    1|          2|
    |indvar_flatten_reg_307                 |   9|          2|   15|         30|
    |temp_cross6_V_address0                 |  15|          3|   14|         42|
    |temp_cross6_V_ce0                      |  15|          3|    1|          3|
    |temp_cross6_V_ce1                      |   9|          2|    1|          2|
    |temp_cross7_V_address0                 |  15|          3|   14|         42|
    |temp_cross7_V_ce0                      |  15|          3|    1|          3|
    |temp_cross7_V_ce1                      |   9|          2|    1|          2|
    |x77_0_reg_329                          |   9|          2|    8|         16|
    |x96_0_reg_351                          |   9|          2|    8|         16|
    |y76_0_reg_318                          |   9|          2|    8|         16|
    |y95_0_reg_340                          |   9|          2|    8|         16|
    +---------------------------------------+----+-----------+-----+-----------+
    |Total                                  |1389|        283|  502|       1573|
    +---------------------------------------+----+-----------+-----+-----------+

    * Register: 
    +---------------------------------------+----+----+-----+-----------+
    |                  Name                 | FF | LUT| Bits| Const Bits|
    +---------------------------------------+----+----+-----+-----------+
    |ap_CS_fsm                              |  17|   0|   17|          0|
    |ap_enable_reg_pp0_iter0                |   1|   0|    1|          0|
    |ap_enable_reg_pp0_iter1                |   1|   0|    1|          0|
    |g1_V_addr_reg_655                      |  14|   0|   14|          0|
    |g2_V_addr_reg_661                      |  14|   0|   14|          0|
    |g3_V_addr_reg_667                      |  14|   0|   14|          0|
    |g4_V_addr_reg_673                      |  14|   0|   14|          0|
    |g5_V_addr_reg_679                      |  14|   0|   14|          0|
    |grp_my_filter_fx6_fu_384_ap_start_reg  |   1|   0|    1|          0|
    |grp_my_filter_fx6_fu_392_ap_start_reg  |   1|   0|    1|          0|
    |grp_my_filter_fy5_fu_362_ap_start_reg  |   1|   0|    1|          0|
    |grp_my_filter_fy5_fu_369_ap_start_reg  |   1|   0|    1|          0|
    |grp_my_filter_fy5_fu_375_ap_start_reg  |   1|   0|    1|          0|
    |icmp_ln126_reg_641                     |   1|   0|    1|          0|
    |indvar_flatten_reg_307                 |  15|   0|   15|          0|
    |select_ln131_1_reg_650                 |   8|   0|    8|          0|
    |x77_0_reg_329                          |   8|   0|    8|          0|
    |x96_0_reg_351                          |   8|   0|    8|          0|
    |x_reg_721                              |   8|   0|    8|          0|
    |y76_0_reg_318                          |   8|   0|    8|          0|
    |y95_0_reg_340                          |   8|   0|    8|          0|
    |y_1_reg_708                            |   8|   0|    8|          0|
    |zext_ln172_reg_713                     |   8|   0|   16|          8|
    |zext_ln215_3_reg_726                   |  16|   0|   64|         48|
    +---------------------------------------+----+----+-----+-----------+
    |Total                                  | 190|   0|  246|         56|
    +---------------------------------------+----+----+-----+-----------+



================================================================
== Interface
================================================================
* Summary: 
+---------------------+-----+-----+------------+--------------+--------------+
|      RTL Ports      | Dir | Bits|  Protocol  | Source Object|    C Type    |
+---------------------+-----+-----+------------+--------------+--------------+
|ap_clk               |  in |    1| ap_ctrl_hs | my_filter_v1 | return value |
|ap_rst               |  in |    1| ap_ctrl_hs | my_filter_v1 | return value |
|ap_start             |  in |    1| ap_ctrl_hs | my_filter_v1 | return value |
|ap_done              | out |    1| ap_ctrl_hs | my_filter_v1 | return value |
|ap_idle              | out |    1| ap_ctrl_hs | my_filter_v1 | return value |
|ap_ready             | out |    1| ap_ctrl_hs | my_filter_v1 | return value |
|f_V_address0         | out |   14|  ap_memory |      f_V     |     array    |
|f_V_ce0              | out |    1|  ap_memory |      f_V     |     array    |
|f_V_q0               |  in |    8|  ap_memory |      f_V     |     array    |
|f_V_address1         | out |   14|  ap_memory |      f_V     |     array    |
|f_V_ce1              | out |    1|  ap_memory |      f_V     |     array    |
|f_V_q1               |  in |    8|  ap_memory |      f_V     |     array    |
|adjChImg_V_address0  | out |   14|  ap_memory |  adjChImg_V  |     array    |
|adjChImg_V_ce0       | out |    1|  ap_memory |  adjChImg_V  |     array    |
|adjChImg_V_q0        |  in |    8|  ap_memory |  adjChImg_V  |     array    |
|adjChImg_V_address1  | out |   14|  ap_memory |  adjChImg_V  |     array    |
|adjChImg_V_ce1       | out |    1|  ap_memory |  adjChImg_V  |     array    |
|adjChImg_V_q1        |  in |    8|  ap_memory |  adjChImg_V  |     array    |
|g1_V_address0        | out |   14|  ap_memory |     g1_V     |     array    |
|g1_V_ce0             | out |    1|  ap_memory |     g1_V     |     array    |
|g1_V_q0              |  in |    8|  ap_memory |     g1_V     |     array    |
|g1_V_address1        | out |   14|  ap_memory |     g1_V     |     array    |
|g1_V_ce1             | out |    1|  ap_memory |     g1_V     |     array    |
|g1_V_we1             | out |    1|  ap_memory |     g1_V     |     array    |
|g1_V_d1              | out |    8|  ap_memory |     g1_V     |     array    |
|g1_V_q1              |  in |    8|  ap_memory |     g1_V     |     array    |
|g2_V_address0        | out |   14|  ap_memory |     g2_V     |     array    |
|g2_V_ce0             | out |    1|  ap_memory |     g2_V     |     array    |
|g2_V_q0              |  in |    8|  ap_memory |     g2_V     |     array    |
|g2_V_address1        | out |   14|  ap_memory |     g2_V     |     array    |
|g2_V_ce1             | out |    1|  ap_memory |     g2_V     |     array    |
|g2_V_we1             | out |    1|  ap_memory |     g2_V     |     array    |
|g2_V_d1              | out |    8|  ap_memory |     g2_V     |     array    |
|g2_V_q1              |  in |    8|  ap_memory |     g2_V     |     array    |
|g3_V_address0        | out |   14|  ap_memory |     g3_V     |     array    |
|g3_V_ce0             | out |    1|  ap_memory |     g3_V     |     array    |
|g3_V_q0              |  in |    8|  ap_memory |     g3_V     |     array    |
|g3_V_address1        | out |   14|  ap_memory |     g3_V     |     array    |
|g3_V_ce1             | out |    1|  ap_memory |     g3_V     |     array    |
|g3_V_we1             | out |    1|  ap_memory |     g3_V     |     array    |
|g3_V_d1              | out |    8|  ap_memory |     g3_V     |     array    |
|g3_V_q1              |  in |    8|  ap_memory |     g3_V     |     array    |
|g4_V_address0        | out |   14|  ap_memory |     g4_V     |     array    |
|g4_V_ce0             | out |    1|  ap_memory |     g4_V     |     array    |
|g4_V_q0              |  in |    8|  ap_memory |     g4_V     |     array    |
|g4_V_address1        | out |   14|  ap_memory |     g4_V     |     array    |
|g4_V_ce1             | out |    1|  ap_memory |     g4_V     |     array    |
|g4_V_we1             | out |    1|  ap_memory |     g4_V     |     array    |
|g4_V_d1              | out |    8|  ap_memory |     g4_V     |     array    |
|g4_V_q1              |  in |    8|  ap_memory |     g4_V     |     array    |
|g5_V_address0        | out |   14|  ap_memory |     g5_V     |     array    |
|g5_V_ce0             | out |    1|  ap_memory |     g5_V     |     array    |
|g5_V_q0              |  in |    8|  ap_memory |     g5_V     |     array    |
|g5_V_address1        | out |   14|  ap_memory |     g5_V     |     array    |
|g5_V_ce1             | out |    1|  ap_memory |     g5_V     |     array    |
|g5_V_we1             | out |    1|  ap_memory |     g5_V     |     array    |
|g5_V_d1              | out |    8|  ap_memory |     g5_V     |     array    |
|g5_V_q1              |  in |    8|  ap_memory |     g5_V     |     array    |
|g6_V_address0        | out |   14|  ap_memory |     g6_V     |     array    |
|g6_V_ce0             | out |    1|  ap_memory |     g6_V     |     array    |
|g6_V_q0              |  in |    1|  ap_memory |     g6_V     |     array    |
|g7_V_address0        | out |   14|  ap_memory |     g7_V     |     array    |
|g7_V_ce0             | out |    1|  ap_memory |     g7_V     |     array    |
|g7_V_q0              |  in |    1|  ap_memory |     g7_V     |     array    |
+---------------------+-----+-----+------------+--------------+--------------+

