INFO-FLOW: Workspace C:/Users/leo870823/Desktop/MSOC/2020MSOC_Final/ISPfinal/solution1 opened at Sat Jan 09 13:30:51 +0800 2021
Execute     config_clock -quiet -name default -period 10 -default=false 
INFO: [SYN 201-201] Setting up clock 'default' with a period of 10ns.
Execute     open_platform DefaultPlatform 
Execute     import_lib C:/Xilinx/Vivado/2019.2/common/technology/xilinx/zynq/zynq 
Execute       source C:/Xilinx/Vivado/2019.2/common/technology/xilinx/common/xilinx.lib 
Execute         source C:/Xilinx/Vivado/2019.2/common/technology/xilinx/interface/xilinx_interface.lib 
Execute           source C:/Xilinx/Vivado/2019.2/common/technology/xilinx/interface/plb46.lib 
Execute           source C:/Xilinx/Vivado/2019.2/common/technology/xilinx/interface/fsl.lib 
Execute           source C:/Xilinx/Vivado/2019.2/common/technology/xilinx/interface/axi4.lib 
Execute           source C:/Xilinx/Vivado/2019.2/common/technology/xilinx/interface/maxi.lib 
Execute           source C:/Xilinx/Vivado/2019.2/common/technology/xilinx/interface/saxilite.lib 
Execute         source C:/Xilinx/Vivado/2019.2/common/technology/xilinx/common/dsp48.lib 
Execute         source C:/Xilinx/Vivado/2019.2/common/technology/xilinx/ip/dds_compiler.lib 
Execute         source C:/Xilinx/Vivado/2019.2/common/technology/xilinx/ip/xfft.lib 
Execute         source C:/Xilinx/Vivado/2019.2/common/technology/xilinx/ip/xfir.lib 
Execute       source C:/Xilinx/Vivado/2019.2/common/technology/xilinx/common/xilinx.hlp 
Execute         source C:/Xilinx/Vivado/2019.2/common/technology/xilinx/common/target_info.tcl 
Execute         source C:/Xilinx/Vivado/2019.2/common/technology/xilinx/interface/xilinx_interface.hlp 
Execute           source C:/Xilinx/Vivado/2019.2/common/technology/xilinx/interface/maxi.hlp 
Execute           source C:/Xilinx/Vivado/2019.2/common/technology/xilinx/interface/saxilite.hlp 
Execute         source C:/Xilinx/Vivado/2019.2/common/technology/xilinx/common/dsp48.hlp 
Execute       source C:/Xilinx/Vivado/2019.2/common/technology/xilinx/zynq/dsp48e1.hlp 
Execute       source C:/Xilinx/Vivado/2019.2/common/technology/xilinx/common/xilinx.hlp 
Execute         source C:/Xilinx/Vivado/2019.2/common/technology/xilinx/common/target_info.tcl 
Execute         source C:/Xilinx/Vivado/2019.2/common/technology/xilinx/interface/xilinx_interface.hlp 
Execute           source C:/Xilinx/Vivado/2019.2/common/technology/xilinx/interface/maxi.hlp 
Execute           source C:/Xilinx/Vivado/2019.2/common/technology/xilinx/interface/saxilite.hlp 
Execute         source C:/Xilinx/Vivado/2019.2/common/technology/xilinx/common/dsp48.hlp 
Execute     source C:/Xilinx/Vivado/2019.2/common/technology/xilinx/zynq/zynq.gen 
Execute       source C:/Xilinx/Vivado/2019.2/common/technology/xilinx/common/xilinx.gen 
Execute         source C:/Xilinx/Vivado/2019.2/common/technology/xilinx/interface/plb46.gen 
Execute         source C:/Xilinx/Vivado/2019.2/common/technology/xilinx/interface/fsl.gen 
Execute         source C:/Xilinx/Vivado/2019.2/common/technology/xilinx/interface/axi4.gen 
Execute         source C:/Xilinx/Vivado/2019.2/common/technology/xilinx/interface/nativeAXI4.gen 
Execute           source C:/Xilinx/Vivado/2019.2/common/technology/xilinx/interface/saxilite.gen 
Execute           source C:/Xilinx/Vivado/2019.2/common/technology/xilinx/interface/maxi.gen 
Execute         source C:/Xilinx/Vivado/2019.2/common/technology/xilinx/scripts/xilinxcoregen.gen 
Execute         source C:/Xilinx/Vivado/2019.2/common/technology/xilinx/interface/XilEDKCoreGen.gen 
Execute         source C:/Xilinx/Vivado/2019.2/common/technology/xilinx/ip/dds_compiler.gen 
Execute         source C:/Xilinx/Vivado/2019.2/common/technology/xilinx/ip/util.gen 
Execute         source C:/Xilinx/Vivado/2019.2/common/technology/xilinx/ip/xfft.gen 
Execute         source C:/Xilinx/Vivado/2019.2/common/technology/xilinx/ip/xfir.gen 
Execute         source C:/Xilinx/Vivado/2019.2/common/technology/xilinx/common/dsp48.gen 
Execute     open_platform DefaultPlatform 
Execute     import_lib C:/Xilinx/Vivado/2019.2/common/technology/xilinx/zynq/zynq_fpv6 
Execute       source C:/Xilinx/Vivado/2019.2/common/technology/xilinx/common/xilinx_fp.lib 
Execute       source C:/Xilinx/Vivado/2019.2/common/technology/xilinx/common/xilinx_fp.hlp 
Execute         source C:/Xilinx/Vivado/2019.2/common/technology/xilinx/common/xilinx.hlp 
Execute           source C:/Xilinx/Vivado/2019.2/common/technology/xilinx/common/target_info.tcl 
Execute           source C:/Xilinx/Vivado/2019.2/common/technology/xilinx/interface/xilinx_interface.hlp 
Execute             source C:/Xilinx/Vivado/2019.2/common/technology/xilinx/interface/maxi.hlp 
Execute             source C:/Xilinx/Vivado/2019.2/common/technology/xilinx/interface/saxilite.hlp 
Execute           source C:/Xilinx/Vivado/2019.2/common/technology/xilinx/common/dsp48.hlp 
Execute     source C:/Xilinx/Vivado/2019.2/common/technology/xilinx/zynq/zynq_fpv6.gen 
Execute       source C:/Xilinx/Vivado/2019.2/common/technology/xilinx/common/xilinx_fp.gen 
Execute     set_part xc7z020-clg400-1 
Execute       ap_part_info -name xc7z020-clg400-1 -data single -quiet 
Command       ap_part_info done; 1.163 sec.
Execute       ap_part_info -name xc7z020-clg400-1 -data info 
Execute       add_library xilinx/zynq/zynq:xc7z020:-clg400:-1 
Execute         get_default_platform 
Execute         ap_part_info -data single -name xc7z020-clg400-1 
Execute         ap_part_info -name xc7z020-clg400-1 -data resources 
Execute         ap_part_info -name xc7z020-clg400-1 -data info 
Execute         ap_part_info -name xc7z020-clg400-1 -data info 
Execute         config_chip_info -quiet -resource {SLICE 13300} {LUT 53200} {FF 106400} {DSP48E 220} {BRAM 280} {URAM 0} 
Execute         ap_part_info -name xc7z020-clg400-1 -data info 
Execute         config_chip_info -quiet -speed slow 
Execute       add_library xilinx/zynq/zynq_fpv6 
Execute         get_default_platform 
INFO: [HLS 200-10] Setting target device to 'xc7z020-clg400-1'
Execute       ap_part_info -name xc7z020-clg400-1 -data info 
Execute       get_default_platform 
Command     set_part done; 1.291 sec.
Execute     ap_part_info -data single -name xc7z020-clg400-1 
Execute     ap_part_info -name xc7z020-clg400-1 -data resources 
Execute     ap_part_info -name xc7z020-clg400-1 -data info 
Execute     ap_part_info -name xc7z020-clg400-1 -data info 
Execute     config_chip_info -quiet -resource {SLICE 13300} {LUT 53200} {FF 106400} {DSP48E 220} {BRAM 280} {URAM 0} 
Execute     ap_part_info -name xc7z020-clg400-1 -data info 
Execute     config_chip_info -quiet -speed slow 
Command   open_solution done; 1.457 sec.
Execute   set_part xc7z020-clg400-1 
Execute     ap_part_info -name xc7z020-clg400-1 -data single -quiet 
Execute     ap_part_info -name xc7z020-clg400-1 -data info 
Execute     add_library xilinx/zynq/zynq:xc7z020:-clg400:-1 
Execute       get_default_platform 
Execute       ap_part_info -data single -name xc7z020-clg400-1 
Execute       ap_part_info -name xc7z020-clg400-1 -data resources 
Execute       ap_part_info -name xc7z020-clg400-1 -data info 
Execute       ap_part_info -name xc7z020-clg400-1 -data info 
Execute       config_chip_info -quiet -resource {SLICE 13300} {LUT 53200} {FF 106400} {DSP48E 220} {BRAM 280} {URAM 0} 
Execute       ap_part_info -name xc7z020-clg400-1 -data info 
Execute       config_chip_info -quiet -speed slow 
Execute     add_library xilinx/zynq/zynq_fpv6 
Execute       get_default_platform 
Execute     ap_part_info -name xc7z020-clg400-1 -data info 
Execute     get_default_platform 
Command   set_part done; 0.117 sec.
Execute   create_clock -period 10 -name default 
Execute   csynth_design 
Execute     get_config_compile -dump_cfg 
Execute     get_config_compile -effort 
Execute     get_config_compile -enable_clang39 
Execute     get_config_compile -g 
Execute     get_config_compile -ng 
Execute     get_config_compile -opt_fp 
Execute     get_config_compile -skip_cdt 
Execute     get_config_compile -skip_syncheck 
Execute     get_config_compile -skip_transform 
Execute     get_config_compile -keep_printf 
Execute     elaborate -effort=medium -skip_syncheck=0 -keep_printf=0 -skip_cdt=0 -skip_transform=0 -ng=0 -g=0 -opt_fp=0 -from_csynth_design=1 
Execute       get_config_schedule -relax_ii_for_timing 
INFO: [SCHED 204-61] Option 'relax_ii_for_timing' is enabled, will increase II to preserve clock frequency constraints.
Execute       get_config_schedule -suppress_dependence_error_break 
INFO: [HLS 200-10] Analyzing design file 'proximal.cpp' ... 
INFO-FLOW: Compiling one TU...
Execute       is_m_axi_addr64 
INFO-FLOW: Handling proximal.cpp as C++
Execute       ap_part_info -name xc7z020-clg400-1 -data info 
Execute       is_encrypted proximal.cpp 
Execute       ap_part_info -name xc7z020-clg400-1 -data info 
INFO-FLOW: Running: GCC PP
INFO-FLOW: Source preprocessing
Execute       clang  -fno-limit-debug-info -gcc-toolchain "C:/Xilinx/Vivado/2019.2/msys" -hls  -fno-exceptions  -D__llvm__  -E "proximal.cpp"     -fno-math-errno -c -emit-llvm -O0  -mllvm -disable-llvm-optzns -fno-threadsafe-statics  -fno-use-cxa-atexit  -fno-threadsafe-statics -fno-use-cxa-atexit -D__CLANG_3_1__ -D__cdecl= -DAESL_SYN -D__SYNTHESIS__ -D__HLS_SYN__ -I "C:/Xilinx/Vivado/2019.2/common/technology/autopilot" -I "C:/Xilinx/Vivado/2019.2/common/technology/autopilot/ap_sysc" -include etc/autopilot_ssdm_op.h -D__DSP48E1__  -o "C:/Users/leo870823/Desktop/MSOC/2020MSOC_Final/ISPfinal/solution1/.autopilot/db/proximal.pp.0.cpp" 
INFO-FLOW: exec C:/Xilinx/Vivado/2019.2/win64/tools/clang/bin/clang -fno-limit-debug-info -gcc-toolchain C:/Xilinx/Vivado/2019.2/msys -hls -fno-exceptions -D__llvm__ -E proximal.cpp -fno-math-errno -c -emit-llvm -O0 -mllvm -disable-llvm-optzns -fno-threadsafe-statics -fno-use-cxa-atexit -fno-threadsafe-statics -fno-use-cxa-atexit -D__CLANG_3_1__ -D__cdecl= -DAESL_SYN -D__SYNTHESIS__ -D__HLS_SYN__ -I C:/Xilinx/Vivado/2019.2/common/technology/autopilot -I C:/Xilinx/Vivado/2019.2/common/technology/autopilot/ap_sysc -include etc/autopilot_ssdm_op.h -D__DSP48E1__ -o C:/Users/leo870823/Desktop/MSOC/2020MSOC_Final/ISPfinal/solution1/.autopilot/db/proximal.pp.0.cpp
WARNING: [HLS 200-40] In file included from proximal.cpp:1:
In file included from ./proximal.h:1:
In file included from ./fft_top.h:94:
In file included from C:/Xilinx/Vivado/2019.2/common/technology/autopilot\hls_fft.h:912:
In file included from C:/Xilinx/Vivado/2019.2/common/technology/autopilot/hls_fft_x_complex.h:68:
C:/Xilinx/Vivado/2019.2/common/technology/autopilot/hls_x_complex.h:43:9: warning: hls::x_complex library will be replaced in 2019.2 with a new implementation that does not provide automatic bit width expansion. Please avoid relying on this feature. [-W#pragma-messages]
#pragma message("hls::x_complex library will be replaced in 2019.2 with a new implementation that does not provide automatic bit width expansion. Please avoid relying on this feature.")
        ^
1 warning generated.
Command       clang done; 0.922 sec.
Execute       tidy_31 xilinx-xfmat-array-geometry C:/Users/leo870823/Desktop/MSOC/2020MSOC_Final/ISPfinal/solution1/.autopilot/db/proximal.pp.0.cpp std=gnu++98 
INFO-FLOW: exec C:/Xilinx/Vivado/2019.2/win64/tools/clang-3.9-csynth/bin/tidy-3.1 -header-filter=.* -checks=-*,xilinx-xfmat-array-geometry -quiet -fix C:/Users/leo870823/Desktop/MSOC/2020MSOC_Final/ISPfinal/solution1/.autopilot/db/proximal.pp.0.cpp -- -std=gnu++98 -fhls -ferror-limit=0
Command       tidy_31 done; 0.904 sec.
INFO-FLOW: Syntax Checking before pre-processing...
Execute       clang -syntaxcheck -src C:/Users/leo870823/Desktop/MSOC/2020MSOC_Final/ISPfinal/solution1/.autopilot/db/proximal.pp.0.cpp  -fno-limit-debug-info -gcc-toolchain "C:/Xilinx/Vivado/2019.2/msys" -hls    -fno-math-errno -c -emit-llvm -O0  -mllvm -disable-llvm-optzns -fno-threadsafe-statics  -fno-use-cxa-atexit  -fno-threadsafe-statics -fno-use-cxa-atexit -D__CLANG_3_1__ -D__cdecl= -DAESL_SYN -D__SYNTHESIS__ -D__HLS_SYN__ -I "C:/Xilinx/Vivado/2019.2/common/technology/autopilot" -I "C:/Xilinx/Vivado/2019.2/common/technology/autopilot/ap_sysc" -include etc/autopilot_ssdm_op.h -D__DSP48E1__  "C:/Users/leo870823/Desktop/MSOC/2020MSOC_Final/ISPfinal/solution1/.autopilot/db/proximal.pp.0.cpp"  -o "C:/Users/leo870823/Desktop/MSOC/2020MSOC_Final/ISPfinal/solution1/.autopilot/db/useless.bc"  
INFO-FLOW: exec C:/Xilinx/Vivado/2019.2/win64/tools/clang/bin/clang -fno-limit-debug-info -gcc-toolchain C:/Xilinx/Vivado/2019.2/msys -hls -fno-math-errno -c -emit-llvm -O0 -mllvm -disable-llvm-optzns -fno-threadsafe-statics -fno-use-cxa-atexit -fno-threadsafe-statics -fno-use-cxa-atexit -D__CLANG_3_1__ -D__cdecl= -DAESL_SYN -D__SYNTHESIS__ -D__HLS_SYN__ -I C:/Xilinx/Vivado/2019.2/common/technology/autopilot -I C:/Xilinx/Vivado/2019.2/common/technology/autopilot/ap_sysc -include etc/autopilot_ssdm_op.h -D__DSP48E1__ C:/Users/leo870823/Desktop/MSOC/2020MSOC_Final/ISPfinal/solution1/.autopilot/db/proximal.pp.0.cpp -o C:/Users/leo870823/Desktop/MSOC/2020MSOC_Final/ISPfinal/solution1/.autopilot/db/useless.bc
WARNING: [HLS 200-40] In file included from proximal.cpp:1:
In file included from proximal.cpp:1:
In file included from ./proximal.h:1:
In file included from ./fft_top.h:94:
In file included from C:/Xilinx/Vivado/2019.2/common/technology/autopilot\hls_fft.h:913:
In file included from C:/Xilinx/Vivado/2019.2/common/technology/autopilot/hls_fft_x_complex.h:68:
C:/Xilinx/Vivado/2019.2/common/technology/autopilot/hls_x_complex.h:43:9: warning: hls::x_complex library will be replaced in 2019.2 with a new implementation that does not provide automatic bit width expansion. Please avoid relying on this feature. [-W#pragma-messages]
#pragma message("hls::x_complex library will be replaced in 2019.2 with a new implementation that does not provide automatic bit width expansion. Please avoid relying on this feature.")
        ^
1 warning generated.
Command       clang done; 1.277 sec.
INFO-FLOW: Done: GCC PP time: 3.1 seconds per iteration
Execute       source C:/Xilinx/Vivado/2019.2/tps/tcl/tcllib1.11.1/yaml/huddle.tcl 
Execute       source C:/Xilinx/Vivado/2019.2/tps/tcl/tcllib1.11.1/yaml/json2huddle.tcl 
Execute         source C:/Xilinx/Vivado/2019.2/tps/tcl/tcllib1.11.1/try/try.tcl 
Execute       list_core -type functional_unit 
Execute       tidy_31 xilinx-systemc-detector C:/Users/leo870823/Desktop/MSOC/2020MSOC_Final/ISPfinal/solution1/.autopilot/db/proximal.pp.0.cpp std=gnu++98 -directive=C:/Users/leo870823/Desktop/MSOC/2020MSOC_Final/ISPfinal/solution1/.autopilot/db/.systemc_flag 
INFO-FLOW: exec C:/Xilinx/Vivado/2019.2/win64/tools/clang-3.9-csynth/bin/tidy-3.1 -header-filter=.* -checks=-*,xilinx-systemc-detector -import-directive=C:/Users/leo870823/Desktop/MSOC/2020MSOC_Final/ISPfinal/solution1/.autopilot/db/.systemc_flag -quiet -fix-errors C:/Users/leo870823/Desktop/MSOC/2020MSOC_Final/ISPfinal/solution1/.autopilot/db/proximal.pp.0.cpp -- -std=gnu++98 -fhls -ferror-limit=0
Command       tidy_31 done; 0.848 sec.
INFO-FLOW: Running: tidy-3.1 CDT preprocess
Execute       tidy_31 xilinx-directive2pragma C:/Users/leo870823/Desktop/MSOC/2020MSOC_Final/ISPfinal/solution1/.autopilot/db/proximal.pp.0.cpp std=gnu++98 -directive=C:/Users/leo870823/Desktop/MSOC/2020MSOC_Final/ISPfinal/solution1/.autopilot/db/all.directive.json 
INFO-FLOW: exec C:/Xilinx/Vivado/2019.2/win64/tools/clang-3.9-csynth/bin/tidy-3.1 -header-filter=.* -checks=-*,xilinx-directive2pragma -import-directive=C:/Users/leo870823/Desktop/MSOC/2020MSOC_Final/ISPfinal/solution1/.autopilot/db/all.directive.json -quiet -fix-errors C:/Users/leo870823/Desktop/MSOC/2020MSOC_Final/ISPfinal/solution1/.autopilot/db/proximal.pp.0.cpp -- -std=gnu++98 -fhls -ferror-limit=0
Command       tidy_31 done; 0.826 sec.
Execute       get_config_dataflow -strict_mode 
Execute       ap_eval exec -ignorestderr C:/Xilinx/Vivado/2019.2/win64/tools/clang-3.9-csynth/bin/xilinx-dataflow-lawyer -export-fixes=C:/Users/leo870823/Desktop/MSOC/2020MSOC_Final/ISPfinal/solution1/.autopilot/db/xilinx-dataflow-lawyer.proximal.pp.0.cpp.diag.yml C:/Users/leo870823/Desktop/MSOC/2020MSOC_Final/ISPfinal/solution1/.autopilot/db/proximal.pp.0.cpp -- -std=gnu++98 -fhls -ferror-limit=0 -fstrict-dataflow > C:/Users/leo870823/Desktop/MSOC/2020MSOC_Final/ISPfinal/solution1/.autopilot/db/xilinx-dataflow-lawyer.proximal.pp.0.cpp.out.log 2> C:/Users/leo870823/Desktop/MSOC/2020MSOC_Final/ISPfinal/solution1/.autopilot/db/xilinx-dataflow-lawyer.proximal.pp.0.cpp.err.log 
Command       ap_eval done; 0.8 sec.
Execute       tidy_31 -errorcheck xilinx-constantarray-param,xilinx-resource-pragma-transformer,xilinx-xfmat-array-geometry C:/Users/leo870823/Desktop/MSOC/2020MSOC_Final/ISPfinal/solution1/.autopilot/db/proximal.pp.0.cpp std=gnu++98 
Execute         ap_eval exec -ignorestderr C:/Xilinx/Vivado/2019.2/win64/tools/clang-3.9-csynth/bin/tidy-3.1 -export-fixes=C:/Users/leo870823/Desktop/MSOC/2020MSOC_Final/ISPfinal/solution1/.autopilot/db/tidy-3.1.proximal.pp.0.cpp.diag.yml -header-filter=.* -checks=-*,xilinx-constantarray-param,xilinx-resource-pragma-transformer,xilinx-xfmat-array-geometry -quiet -fix-errors C:/Users/leo870823/Desktop/MSOC/2020MSOC_Final/ISPfinal/solution1/.autopilot/db/proximal.pp.0.cpp -- -std=gnu++98 -fhls -ferror-limit=0 > C:/Users/leo870823/Desktop/MSOC/2020MSOC_Final/ISPfinal/solution1/.autopilot/db/tidy-3.1.proximal.pp.0.cpp.out.log 2> C:/Users/leo870823/Desktop/MSOC/2020MSOC_Final/ISPfinal/solution1/.autopilot/db/tidy-3.1.proximal.pp.0.cpp.err.log 
Command         ap_eval done; 1.472 sec.
Execute         source C:/Xilinx/Vivado/2019.2/tps/tcl/tcllib1.11.1/yaml/yaml.tcl 
Execute           source C:/Xilinx/Vivado/2019.2/tps/tcl/tcllib1.11.1/cmdline/cmdline.tcl 
Execute         ap_eval exec -ignorestderr C:/Xilinx/Vivado/2019.2/win64/tools/clang-3.9-csynth/bin/xilinx-legacy-rewriter C:/Users/leo870823/Desktop/MSOC/2020MSOC_Final/ISPfinal/solution1/.autopilot/db/proximal.pp.0.cpp -- -std=gnu++98 -fhls -ferror-limit=0 > C:/Users/leo870823/Desktop/MSOC/2020MSOC_Final/ISPfinal/solution1/.autopilot/db/xilinx-legacy-rewriter.proximal.pp.0.cpp.out.log 2> C:/Users/leo870823/Desktop/MSOC/2020MSOC_Final/ISPfinal/solution1/.autopilot/db/xilinx-legacy-rewriter.proximal.pp.0.cpp.err.log 
Command         ap_eval done; 0.578 sec.
Command       tidy_31 done; 2.076 sec.
INFO-FLOW: Done: tidy-3.1 CDT preprocess time: 3.7 seconds per iteration
INFO-FLOW: Pragma Handling...
Execute       tidy_31 xilinx-ssdm-intrinsics-arguments C:/Users/leo870823/Desktop/MSOC/2020MSOC_Final/ISPfinal/solution1/.autopilot/db/proximal.pragma.1.cpp std=gnu++98 
INFO-FLOW: exec C:/Xilinx/Vivado/2019.2/win64/tools/clang-3.9-csynth/bin/tidy-3.1 -header-filter=.* -checks=-*,xilinx-ssdm-intrinsics-arguments -quiet -fix-errors C:/Users/leo870823/Desktop/MSOC/2020MSOC_Final/ISPfinal/solution1/.autopilot/db/proximal.pragma.1.cpp -- -std=gnu++98 -fhls -ferror-limit=0
Command       tidy_31 done; 1.04 sec.
Execute       ap_part_info -name xc7z020-clg400-1 -data info 
INFO-FLOW: Processing labels
Execute       clang -src C:/Users/leo870823/Desktop/MSOC/2020MSOC_Final/ISPfinal/solution1/.autopilot/db/proximal.pragma.2.cpp  -fno-limit-debug-info -gcc-toolchain C:/Xilinx/Vivado/2019.2/msys -hls -hls-analyze-label -hls-analyze-pragma -fno-exceptions  -D__llvm__  -w  "C:/Users/leo870823/Desktop/MSOC/2020MSOC_Final/ISPfinal/solution1/.autopilot/db/proximal.pragma.2.cpp"    -fno-math-errno -c -emit-llvm -O0  -mllvm -disable-llvm-optzns -fno-threadsafe-statics  -fno-use-cxa-atexit -DAESL_SYN -D__SYNTHESIS__ -D__HLS_SYN__ -I "C:/Xilinx/Vivado/2019.2/common/technology/autopilot" -I "C:/Xilinx/Vivado/2019.2/common/technology/autopilot/ap_sysc" -include etc/autopilot_ssdm_op.h -D__DSP48E1__ -g -o "C:/Users/leo870823/Desktop/MSOC/2020MSOC_Final/ISPfinal/solution1/.autopilot/db/proximal.bc" 
INFO-FLOW: exec C:/Xilinx/Vivado/2019.2/win64/tools/clang/bin/clang -fno-limit-debug-info -gcc-toolchain C:/Xilinx/Vivado/2019.2/msys -hls -hls-analyze-label -hls-analyze-pragma -fno-exceptions -D__llvm__ -w C:/Users/leo870823/Desktop/MSOC/2020MSOC_Final/ISPfinal/solution1/.autopilot/db/proximal.pragma.2.cpp -fno-math-errno -c -emit-llvm -O0 -mllvm -disable-llvm-optzns -fno-threadsafe-statics -fno-use-cxa-atexit -DAESL_SYN -D__SYNTHESIS__ -D__HLS_SYN__ -I C:/Xilinx/Vivado/2019.2/common/technology/autopilot -I C:/Xilinx/Vivado/2019.2/common/technology/autopilot/ap_sysc -include etc/autopilot_ssdm_op.h -D__DSP48E1__ -g -o C:/Users/leo870823/Desktop/MSOC/2020MSOC_Final/ISPfinal/solution1/.autopilot/db/proximal.bc
Command       clang done; 1.342 sec.
INFO: [HLS 200-10] Analyzing design file 'fft_top.cpp' ... 
INFO-FLOW: Compiling one TU...
Execute       is_m_axi_addr64 
INFO-FLOW: Handling fft_top.cpp as C++
Execute       ap_part_info -name xc7z020-clg400-1 -data info 
Execute       is_encrypted fft_top.cpp 
Execute       ap_part_info -name xc7z020-clg400-1 -data info 
INFO-FLOW: Running: GCC PP
INFO-FLOW: Source preprocessing
Execute       clang  -fno-limit-debug-info -gcc-toolchain "C:/Xilinx/Vivado/2019.2/msys" -hls  -fno-exceptions  -D__llvm__  -E "fft_top.cpp"     -fno-math-errno -c -emit-llvm -O0  -mllvm -disable-llvm-optzns -fno-threadsafe-statics  -fno-use-cxa-atexit  -fno-threadsafe-statics -fno-use-cxa-atexit -D__CLANG_3_1__ -D__cdecl= -DAESL_SYN -D__SYNTHESIS__ -D__HLS_SYN__ -I "C:/Xilinx/Vivado/2019.2/common/technology/autopilot" -I "C:/Xilinx/Vivado/2019.2/common/technology/autopilot/ap_sysc" -include etc/autopilot_ssdm_op.h -D__DSP48E1__  -o "C:/Users/leo870823/Desktop/MSOC/2020MSOC_Final/ISPfinal/solution1/.autopilot/db/fft_top.pp.0.cpp" 
INFO-FLOW: exec C:/Xilinx/Vivado/2019.2/win64/tools/clang/bin/clang -fno-limit-debug-info -gcc-toolchain C:/Xilinx/Vivado/2019.2/msys -hls -fno-exceptions -D__llvm__ -E fft_top.cpp -fno-math-errno -c -emit-llvm -O0 -mllvm -disable-llvm-optzns -fno-threadsafe-statics -fno-use-cxa-atexit -fno-threadsafe-statics -fno-use-cxa-atexit -D__CLANG_3_1__ -D__cdecl= -DAESL_SYN -D__SYNTHESIS__ -D__HLS_SYN__ -I C:/Xilinx/Vivado/2019.2/common/technology/autopilot -I C:/Xilinx/Vivado/2019.2/common/technology/autopilot/ap_sysc -include etc/autopilot_ssdm_op.h -D__DSP48E1__ -o C:/Users/leo870823/Desktop/MSOC/2020MSOC_Final/ISPfinal/solution1/.autopilot/db/fft_top.pp.0.cpp
WARNING: [HLS 200-40] In file included from fft_top.cpp:95:
In file included from C:/Xilinx/Vivado/2019.2/common/technology/autopilot\hls_fft.h:912:
In file included from C:/Xilinx/Vivado/2019.2/common/technology/autopilot/hls_fft_x_complex.h:68:
C:/Xilinx/Vivado/2019.2/common/technology/autopilot/hls_x_complex.h:43:9: warning: hls::x_complex library will be replaced in 2019.2 with a new implementation that does not provide automatic bit width expansion. Please avoid relying on this feature. [-W#pragma-messages]
#pragma message("hls::x_complex library will be replaced in 2019.2 with a new implementation that does not provide automatic bit width expansion. Please avoid relying on this feature.")
        ^
1 warning generated.
Command       clang done; 0.92 sec.
Execute       tidy_31 xilinx-xfmat-array-geometry C:/Users/leo870823/Desktop/MSOC/2020MSOC_Final/ISPfinal/solution1/.autopilot/db/fft_top.pp.0.cpp std=gnu++98 
INFO-FLOW: exec C:/Xilinx/Vivado/2019.2/win64/tools/clang-3.9-csynth/bin/tidy-3.1 -header-filter=.* -checks=-*,xilinx-xfmat-array-geometry -quiet -fix C:/Users/leo870823/Desktop/MSOC/2020MSOC_Final/ISPfinal/solution1/.autopilot/db/fft_top.pp.0.cpp -- -std=gnu++98 -fhls -ferror-limit=0
Command       tidy_31 done; 0.774 sec.
INFO-FLOW: Syntax Checking before pre-processing...
Execute       clang -syntaxcheck -src C:/Users/leo870823/Desktop/MSOC/2020MSOC_Final/ISPfinal/solution1/.autopilot/db/fft_top.pp.0.cpp  -fno-limit-debug-info -gcc-toolchain "C:/Xilinx/Vivado/2019.2/msys" -hls    -fno-math-errno -c -emit-llvm -O0  -mllvm -disable-llvm-optzns -fno-threadsafe-statics  -fno-use-cxa-atexit  -fno-threadsafe-statics -fno-use-cxa-atexit -D__CLANG_3_1__ -D__cdecl= -DAESL_SYN -D__SYNTHESIS__ -D__HLS_SYN__ -I "C:/Xilinx/Vivado/2019.2/common/technology/autopilot" -I "C:/Xilinx/Vivado/2019.2/common/technology/autopilot/ap_sysc" -include etc/autopilot_ssdm_op.h -D__DSP48E1__  "C:/Users/leo870823/Desktop/MSOC/2020MSOC_Final/ISPfinal/solution1/.autopilot/db/fft_top.pp.0.cpp"  -o "C:/Users/leo870823/Desktop/MSOC/2020MSOC_Final/ISPfinal/solution1/.autopilot/db/useless.bc"  
INFO-FLOW: exec C:/Xilinx/Vivado/2019.2/win64/tools/clang/bin/clang -fno-limit-debug-info -gcc-toolchain C:/Xilinx/Vivado/2019.2/msys -hls -fno-math-errno -c -emit-llvm -O0 -mllvm -disable-llvm-optzns -fno-threadsafe-statics -fno-use-cxa-atexit -fno-threadsafe-statics -fno-use-cxa-atexit -D__CLANG_3_1__ -D__cdecl= -DAESL_SYN -D__SYNTHESIS__ -D__HLS_SYN__ -I C:/Xilinx/Vivado/2019.2/common/technology/autopilot -I C:/Xilinx/Vivado/2019.2/common/technology/autopilot/ap_sysc -include etc/autopilot_ssdm_op.h -D__DSP48E1__ C:/Users/leo870823/Desktop/MSOC/2020MSOC_Final/ISPfinal/solution1/.autopilot/db/fft_top.pp.0.cpp -o C:/Users/leo870823/Desktop/MSOC/2020MSOC_Final/ISPfinal/solution1/.autopilot/db/useless.bc
WARNING: [HLS 200-40] In file included from fft_top.cpp:1:
In file included from fft_top.cpp:95:
In file included from C:/Xilinx/Vivado/2019.2/common/technology/autopilot\hls_fft.h:913:
In file included from C:/Xilinx/Vivado/2019.2/common/technology/autopilot/hls_fft_x_complex.h:68:
C:/Xilinx/Vivado/2019.2/common/technology/autopilot/hls_x_complex.h:43:9: warning: hls::x_complex library will be replaced in 2019.2 with a new implementation that does not provide automatic bit width expansion. Please avoid relying on this feature. [-W#pragma-messages]
#pragma message("hls::x_complex library will be replaced in 2019.2 with a new implementation that does not provide automatic bit width expansion. Please avoid relying on this feature.")
        ^
1 warning generated.
Command       clang done; 1.244 sec.
INFO-FLOW: Done: GCC PP time: 2.9 seconds per iteration
Execute       list_core -type functional_unit 
Execute       tidy_31 xilinx-systemc-detector C:/Users/leo870823/Desktop/MSOC/2020MSOC_Final/ISPfinal/solution1/.autopilot/db/fft_top.pp.0.cpp std=gnu++98 -directive=C:/Users/leo870823/Desktop/MSOC/2020MSOC_Final/ISPfinal/solution1/.autopilot/db/.systemc_flag 
INFO-FLOW: exec C:/Xilinx/Vivado/2019.2/win64/tools/clang-3.9-csynth/bin/tidy-3.1 -header-filter=.* -checks=-*,xilinx-systemc-detector -import-directive=C:/Users/leo870823/Desktop/MSOC/2020MSOC_Final/ISPfinal/solution1/.autopilot/db/.systemc_flag -quiet -fix-errors C:/Users/leo870823/Desktop/MSOC/2020MSOC_Final/ISPfinal/solution1/.autopilot/db/fft_top.pp.0.cpp -- -std=gnu++98 -fhls -ferror-limit=0
Command       tidy_31 done; 0.743 sec.
INFO-FLOW: Running: tidy-3.1 CDT preprocess
Execute       tidy_31 xilinx-directive2pragma C:/Users/leo870823/Desktop/MSOC/2020MSOC_Final/ISPfinal/solution1/.autopilot/db/fft_top.pp.0.cpp std=gnu++98 -directive=C:/Users/leo870823/Desktop/MSOC/2020MSOC_Final/ISPfinal/solution1/.autopilot/db/all.directive.json 
INFO-FLOW: exec C:/Xilinx/Vivado/2019.2/win64/tools/clang-3.9-csynth/bin/tidy-3.1 -header-filter=.* -checks=-*,xilinx-directive2pragma -import-directive=C:/Users/leo870823/Desktop/MSOC/2020MSOC_Final/ISPfinal/solution1/.autopilot/db/all.directive.json -quiet -fix-errors C:/Users/leo870823/Desktop/MSOC/2020MSOC_Final/ISPfinal/solution1/.autopilot/db/fft_top.pp.0.cpp -- -std=gnu++98 -fhls -ferror-limit=0
Command       tidy_31 done; 0.714 sec.
Execute       get_config_dataflow -strict_mode 
Execute       ap_eval exec -ignorestderr C:/Xilinx/Vivado/2019.2/win64/tools/clang-3.9-csynth/bin/xilinx-dataflow-lawyer -export-fixes=C:/Users/leo870823/Desktop/MSOC/2020MSOC_Final/ISPfinal/solution1/.autopilot/db/xilinx-dataflow-lawyer.fft_top.pp.0.cpp.diag.yml C:/Users/leo870823/Desktop/MSOC/2020MSOC_Final/ISPfinal/solution1/.autopilot/db/fft_top.pp.0.cpp -- -std=gnu++98 -fhls -ferror-limit=0 -fstrict-dataflow > C:/Users/leo870823/Desktop/MSOC/2020MSOC_Final/ISPfinal/solution1/.autopilot/db/xilinx-dataflow-lawyer.fft_top.pp.0.cpp.out.log 2> C:/Users/leo870823/Desktop/MSOC/2020MSOC_Final/ISPfinal/solution1/.autopilot/db/xilinx-dataflow-lawyer.fft_top.pp.0.cpp.err.log 
Command       ap_eval done; 0.688 sec.
Execute       tidy_31 -errorcheck xilinx-constantarray-param,xilinx-resource-pragma-transformer,xilinx-xfmat-array-geometry C:/Users/leo870823/Desktop/MSOC/2020MSOC_Final/ISPfinal/solution1/.autopilot/db/fft_top.pp.0.cpp std=gnu++98 
Execute         ap_eval exec -ignorestderr C:/Xilinx/Vivado/2019.2/win64/tools/clang-3.9-csynth/bin/tidy-3.1 -export-fixes=C:/Users/leo870823/Desktop/MSOC/2020MSOC_Final/ISPfinal/solution1/.autopilot/db/tidy-3.1.fft_top.pp.0.cpp.diag.yml -header-filter=.* -checks=-*,xilinx-constantarray-param,xilinx-resource-pragma-transformer,xilinx-xfmat-array-geometry -quiet -fix-errors C:/Users/leo870823/Desktop/MSOC/2020MSOC_Final/ISPfinal/solution1/.autopilot/db/fft_top.pp.0.cpp -- -std=gnu++98 -fhls -ferror-limit=0 > C:/Users/leo870823/Desktop/MSOC/2020MSOC_Final/ISPfinal/solution1/.autopilot/db/tidy-3.1.fft_top.pp.0.cpp.out.log 2> C:/Users/leo870823/Desktop/MSOC/2020MSOC_Final/ISPfinal/solution1/.autopilot/db/tidy-3.1.fft_top.pp.0.cpp.err.log 
Command         ap_eval done; 1.344 sec.
Execute         ap_eval exec -ignorestderr C:/Xilinx/Vivado/2019.2/win64/tools/clang-3.9-csynth/bin/xilinx-legacy-rewriter C:/Users/leo870823/Desktop/MSOC/2020MSOC_Final/ISPfinal/solution1/.autopilot/db/fft_top.pp.0.cpp -- -std=gnu++98 -fhls -ferror-limit=0 > C:/Users/leo870823/Desktop/MSOC/2020MSOC_Final/ISPfinal/solution1/.autopilot/db/xilinx-legacy-rewriter.fft_top.pp.0.cpp.out.log 2> C:/Users/leo870823/Desktop/MSOC/2020MSOC_Final/ISPfinal/solution1/.autopilot/db/xilinx-legacy-rewriter.fft_top.pp.0.cpp.err.log 
Command         ap_eval done; 0.481 sec.
Command       tidy_31 done; 1.842 sec.
INFO-FLOW: Done: tidy-3.1 CDT preprocess time: 3.2 seconds per iteration
INFO-FLOW: Pragma Handling...
Execute       tidy_31 xilinx-ssdm-intrinsics-arguments C:/Users/leo870823/Desktop/MSOC/2020MSOC_Final/ISPfinal/solution1/.autopilot/db/fft_top.pragma.1.cpp std=gnu++98 
INFO-FLOW: exec C:/Xilinx/Vivado/2019.2/win64/tools/clang-3.9-csynth/bin/tidy-3.1 -header-filter=.* -checks=-*,xilinx-ssdm-intrinsics-arguments -quiet -fix-errors C:/Users/leo870823/Desktop/MSOC/2020MSOC_Final/ISPfinal/solution1/.autopilot/db/fft_top.pragma.1.cpp -- -std=gnu++98 -fhls -ferror-limit=0
Command       tidy_31 done; 1.441 sec.
Execute       ap_part_info -name xc7z020-clg400-1 -data info 
INFO-FLOW: Processing labels
Execute       clang -src C:/Users/leo870823/Desktop/MSOC/2020MSOC_Final/ISPfinal/solution1/.autopilot/db/fft_top.pragma.2.cpp  -fno-limit-debug-info -gcc-toolchain C:/Xilinx/Vivado/2019.2/msys -hls -hls-analyze-label -hls-analyze-pragma -fno-exceptions  -D__llvm__  -w  "C:/Users/leo870823/Desktop/MSOC/2020MSOC_Final/ISPfinal/solution1/.autopilot/db/fft_top.pragma.2.cpp"    -fno-math-errno -c -emit-llvm -O0  -mllvm -disable-llvm-optzns -fno-threadsafe-statics  -fno-use-cxa-atexit -DAESL_SYN -D__SYNTHESIS__ -D__HLS_SYN__ -I "C:/Xilinx/Vivado/2019.2/common/technology/autopilot" -I "C:/Xilinx/Vivado/2019.2/common/technology/autopilot/ap_sysc" -include etc/autopilot_ssdm_op.h -D__DSP48E1__ -g -o "C:/Users/leo870823/Desktop/MSOC/2020MSOC_Final/ISPfinal/solution1/.autopilot/db/fft_top.bc" 
INFO-FLOW: exec C:/Xilinx/Vivado/2019.2/win64/tools/clang/bin/clang -fno-limit-debug-info -gcc-toolchain C:/Xilinx/Vivado/2019.2/msys -hls -hls-analyze-label -hls-analyze-pragma -fno-exceptions -D__llvm__ -w C:/Users/leo870823/Desktop/MSOC/2020MSOC_Final/ISPfinal/solution1/.autopilot/db/fft_top.pragma.2.cpp -fno-math-errno -c -emit-llvm -O0 -mllvm -disable-llvm-optzns -fno-threadsafe-statics -fno-use-cxa-atexit -DAESL_SYN -D__SYNTHESIS__ -D__HLS_SYN__ -I C:/Xilinx/Vivado/2019.2/common/technology/autopilot -I C:/Xilinx/Vivado/2019.2/common/technology/autopilot/ap_sysc -include etc/autopilot_ssdm_op.h -D__DSP48E1__ -g -o C:/Users/leo870823/Desktop/MSOC/2020MSOC_Final/ISPfinal/solution1/.autopilot/db/fft_top.bc
Command       clang done; 1.289 sec.
INFO: [HLS 200-10] Analyzing design file 'divergent.cpp' ... 
INFO-FLOW: Compiling one TU...
Execute       is_m_axi_addr64 
INFO-FLOW: Handling divergent.cpp as C++
Execute       ap_part_info -name xc7z020-clg400-1 -data info 
Execute       is_encrypted divergent.cpp 
Execute       ap_part_info -name xc7z020-clg400-1 -data info 
INFO-FLOW: Running: GCC PP
INFO-FLOW: Source preprocessing
Execute       clang  -fno-limit-debug-info -gcc-toolchain "C:/Xilinx/Vivado/2019.2/msys" -hls  -fno-exceptions  -D__llvm__  -E "divergent.cpp"     -fno-math-errno -c -emit-llvm -O0  -mllvm -disable-llvm-optzns -fno-threadsafe-statics  -fno-use-cxa-atexit  -fno-threadsafe-statics -fno-use-cxa-atexit -D__CLANG_3_1__ -D__cdecl= -DAESL_SYN -D__SYNTHESIS__ -D__HLS_SYN__ -I "C:/Xilinx/Vivado/2019.2/common/technology/autopilot" -I "C:/Xilinx/Vivado/2019.2/common/technology/autopilot/ap_sysc" -include etc/autopilot_ssdm_op.h -D__DSP48E1__  -o "C:/Users/leo870823/Desktop/MSOC/2020MSOC_Final/ISPfinal/solution1/.autopilot/db/divergent.pp.0.cpp" 
INFO-FLOW: exec C:/Xilinx/Vivado/2019.2/win64/tools/clang/bin/clang -fno-limit-debug-info -gcc-toolchain C:/Xilinx/Vivado/2019.2/msys -hls -fno-exceptions -D__llvm__ -E divergent.cpp -fno-math-errno -c -emit-llvm -O0 -mllvm -disable-llvm-optzns -fno-threadsafe-statics -fno-use-cxa-atexit -fno-threadsafe-statics -fno-use-cxa-atexit -D__CLANG_3_1__ -D__cdecl= -DAESL_SYN -D__SYNTHESIS__ -D__HLS_SYN__ -I C:/Xilinx/Vivado/2019.2/common/technology/autopilot -I C:/Xilinx/Vivado/2019.2/common/technology/autopilot/ap_sysc -include etc/autopilot_ssdm_op.h -D__DSP48E1__ -o C:/Users/leo870823/Desktop/MSOC/2020MSOC_Final/ISPfinal/solution1/.autopilot/db/divergent.pp.0.cpp
Command       clang done; 0.911 sec.
Execute       tidy_31 xilinx-xfmat-array-geometry C:/Users/leo870823/Desktop/MSOC/2020MSOC_Final/ISPfinal/solution1/.autopilot/db/divergent.pp.0.cpp std=gnu++98 
INFO-FLOW: exec C:/Xilinx/Vivado/2019.2/win64/tools/clang-3.9-csynth/bin/tidy-3.1 -header-filter=.* -checks=-*,xilinx-xfmat-array-geometry -quiet -fix C:/Users/leo870823/Desktop/MSOC/2020MSOC_Final/ISPfinal/solution1/.autopilot/db/divergent.pp.0.cpp -- -std=gnu++98 -fhls -ferror-limit=0
Command       tidy_31 done; 0.531 sec.
INFO-FLOW: Syntax Checking before pre-processing...
Execute       clang -syntaxcheck -src C:/Users/leo870823/Desktop/MSOC/2020MSOC_Final/ISPfinal/solution1/.autopilot/db/divergent.pp.0.cpp  -fno-limit-debug-info -gcc-toolchain "C:/Xilinx/Vivado/2019.2/msys" -hls    -fno-math-errno -c -emit-llvm -O0  -mllvm -disable-llvm-optzns -fno-threadsafe-statics  -fno-use-cxa-atexit  -fno-threadsafe-statics -fno-use-cxa-atexit -D__CLANG_3_1__ -D__cdecl= -DAESL_SYN -D__SYNTHESIS__ -D__HLS_SYN__ -I "C:/Xilinx/Vivado/2019.2/common/technology/autopilot" -I "C:/Xilinx/Vivado/2019.2/common/technology/autopilot/ap_sysc" -include etc/autopilot_ssdm_op.h -D__DSP48E1__  "C:/Users/leo870823/Desktop/MSOC/2020MSOC_Final/ISPfinal/solution1/.autopilot/db/divergent.pp.0.cpp"  -o "C:/Users/leo870823/Desktop/MSOC/2020MSOC_Final/ISPfinal/solution1/.autopilot/db/useless.bc"  
INFO-FLOW: exec C:/Xilinx/Vivado/2019.2/win64/tools/clang/bin/clang -fno-limit-debug-info -gcc-toolchain C:/Xilinx/Vivado/2019.2/msys -hls -fno-math-errno -c -emit-llvm -O0 -mllvm -disable-llvm-optzns -fno-threadsafe-statics -fno-use-cxa-atexit -fno-threadsafe-statics -fno-use-cxa-atexit -D__CLANG_3_1__ -D__cdecl= -DAESL_SYN -D__SYNTHESIS__ -D__HLS_SYN__ -I C:/Xilinx/Vivado/2019.2/common/technology/autopilot -I C:/Xilinx/Vivado/2019.2/common/technology/autopilot/ap_sysc -include etc/autopilot_ssdm_op.h -D__DSP48E1__ C:/Users/leo870823/Desktop/MSOC/2020MSOC_Final/ISPfinal/solution1/.autopilot/db/divergent.pp.0.cpp -o C:/Users/leo870823/Desktop/MSOC/2020MSOC_Final/ISPfinal/solution1/.autopilot/db/useless.bc
Command       clang done; 1.147 sec.
INFO-FLOW: Done: GCC PP time: 2.6 seconds per iteration
Execute       list_core -type functional_unit 
Execute       tidy_31 xilinx-systemc-detector C:/Users/leo870823/Desktop/MSOC/2020MSOC_Final/ISPfinal/solution1/.autopilot/db/divergent.pp.0.cpp std=gnu++98 -directive=C:/Users/leo870823/Desktop/MSOC/2020MSOC_Final/ISPfinal/solution1/.autopilot/db/.systemc_flag 
INFO-FLOW: exec C:/Xilinx/Vivado/2019.2/win64/tools/clang-3.9-csynth/bin/tidy-3.1 -header-filter=.* -checks=-*,xilinx-systemc-detector -import-directive=C:/Users/leo870823/Desktop/MSOC/2020MSOC_Final/ISPfinal/solution1/.autopilot/db/.systemc_flag -quiet -fix-errors C:/Users/leo870823/Desktop/MSOC/2020MSOC_Final/ISPfinal/solution1/.autopilot/db/divergent.pp.0.cpp -- -std=gnu++98 -fhls -ferror-limit=0
Command       tidy_31 done; 0.491 sec.
INFO-FLOW: Running: tidy-3.1 CDT preprocess
Execute       tidy_31 xilinx-directive2pragma C:/Users/leo870823/Desktop/MSOC/2020MSOC_Final/ISPfinal/solution1/.autopilot/db/divergent.pp.0.cpp std=gnu++98 -directive=C:/Users/leo870823/Desktop/MSOC/2020MSOC_Final/ISPfinal/solution1/.autopilot/db/all.directive.json 
INFO-FLOW: exec C:/Xilinx/Vivado/2019.2/win64/tools/clang-3.9-csynth/bin/tidy-3.1 -header-filter=.* -checks=-*,xilinx-directive2pragma -import-directive=C:/Users/leo870823/Desktop/MSOC/2020MSOC_Final/ISPfinal/solution1/.autopilot/db/all.directive.json -quiet -fix-errors C:/Users/leo870823/Desktop/MSOC/2020MSOC_Final/ISPfinal/solution1/.autopilot/db/divergent.pp.0.cpp -- -std=gnu++98 -fhls -ferror-limit=0
Command       tidy_31 done; 0.486 sec.
Execute       get_config_dataflow -strict_mode 
Execute       ap_eval exec -ignorestderr C:/Xilinx/Vivado/2019.2/win64/tools/clang-3.9-csynth/bin/xilinx-dataflow-lawyer -export-fixes=C:/Users/leo870823/Desktop/MSOC/2020MSOC_Final/ISPfinal/solution1/.autopilot/db/xilinx-dataflow-lawyer.divergent.pp.0.cpp.diag.yml C:/Users/leo870823/Desktop/MSOC/2020MSOC_Final/ISPfinal/solution1/.autopilot/db/divergent.pp.0.cpp -- -std=gnu++98 -fhls -ferror-limit=0 -fstrict-dataflow > C:/Users/leo870823/Desktop/MSOC/2020MSOC_Final/ISPfinal/solution1/.autopilot/db/xilinx-dataflow-lawyer.divergent.pp.0.cpp.out.log 2> C:/Users/leo870823/Desktop/MSOC/2020MSOC_Final/ISPfinal/solution1/.autopilot/db/xilinx-dataflow-lawyer.divergent.pp.0.cpp.err.log 
Command       ap_eval done; 0.479 sec.
Execute       tidy_31 -errorcheck xilinx-constantarray-param,xilinx-resource-pragma-transformer,xilinx-xfmat-array-geometry C:/Users/leo870823/Desktop/MSOC/2020MSOC_Final/ISPfinal/solution1/.autopilot/db/divergent.pp.0.cpp std=gnu++98 
Execute         ap_eval exec -ignorestderr C:/Xilinx/Vivado/2019.2/win64/tools/clang-3.9-csynth/bin/tidy-3.1 -export-fixes=C:/Users/leo870823/Desktop/MSOC/2020MSOC_Final/ISPfinal/solution1/.autopilot/db/tidy-3.1.divergent.pp.0.cpp.diag.yml -header-filter=.* -checks=-*,xilinx-constantarray-param,xilinx-resource-pragma-transformer,xilinx-xfmat-array-geometry -quiet -fix-errors C:/Users/leo870823/Desktop/MSOC/2020MSOC_Final/ISPfinal/solution1/.autopilot/db/divergent.pp.0.cpp -- -std=gnu++98 -fhls -ferror-limit=0 > C:/Users/leo870823/Desktop/MSOC/2020MSOC_Final/ISPfinal/solution1/.autopilot/db/tidy-3.1.divergent.pp.0.cpp.out.log 2> C:/Users/leo870823/Desktop/MSOC/2020MSOC_Final/ISPfinal/solution1/.autopilot/db/tidy-3.1.divergent.pp.0.cpp.err.log 
Command         ap_eval done; 0.949 sec.
Execute         ap_eval exec -ignorestderr C:/Xilinx/Vivado/2019.2/win64/tools/clang-3.9-csynth/bin/xilinx-legacy-rewriter C:/Users/leo870823/Desktop/MSOC/2020MSOC_Final/ISPfinal/solution1/.autopilot/db/divergent.pp.0.cpp -- -std=gnu++98 -fhls -ferror-limit=0 > C:/Users/leo870823/Desktop/MSOC/2020MSOC_Final/ISPfinal/solution1/.autopilot/db/xilinx-legacy-rewriter.divergent.pp.0.cpp.out.log 2> C:/Users/leo870823/Desktop/MSOC/2020MSOC_Final/ISPfinal/solution1/.autopilot/db/xilinx-legacy-rewriter.divergent.pp.0.cpp.err.log 
Command         ap_eval done; 0.298 sec.
Command       tidy_31 done; 1.29 sec.
INFO-FLOW: Done: tidy-3.1 CDT preprocess time: 2.3 seconds per iteration
INFO-FLOW: Pragma Handling...
Execute       tidy_31 xilinx-ssdm-intrinsics-arguments C:/Users/leo870823/Desktop/MSOC/2020MSOC_Final/ISPfinal/solution1/.autopilot/db/divergent.pragma.1.cpp std=gnu++98 
INFO-FLOW: exec C:/Xilinx/Vivado/2019.2/win64/tools/clang-3.9-csynth/bin/tidy-3.1 -header-filter=.* -checks=-*,xilinx-ssdm-intrinsics-arguments -quiet -fix-errors C:/Users/leo870823/Desktop/MSOC/2020MSOC_Final/ISPfinal/solution1/.autopilot/db/divergent.pragma.1.cpp -- -std=gnu++98 -fhls -ferror-limit=0
Command       tidy_31 done; 0.657 sec.
Execute       ap_part_info -name xc7z020-clg400-1 -data info 
INFO-FLOW: Processing labels
Execute       clang -src C:/Users/leo870823/Desktop/MSOC/2020MSOC_Final/ISPfinal/solution1/.autopilot/db/divergent.pragma.2.cpp  -fno-limit-debug-info -gcc-toolchain C:/Xilinx/Vivado/2019.2/msys -hls -hls-analyze-label -hls-analyze-pragma -fno-exceptions  -D__llvm__  -w  "C:/Users/leo870823/Desktop/MSOC/2020MSOC_Final/ISPfinal/solution1/.autopilot/db/divergent.pragma.2.cpp"    -fno-math-errno -c -emit-llvm -O0  -mllvm -disable-llvm-optzns -fno-threadsafe-statics  -fno-use-cxa-atexit -DAESL_SYN -D__SYNTHESIS__ -D__HLS_SYN__ -I "C:/Xilinx/Vivado/2019.2/common/technology/autopilot" -I "C:/Xilinx/Vivado/2019.2/common/technology/autopilot/ap_sysc" -include etc/autopilot_ssdm_op.h -D__DSP48E1__ -g -o "C:/Users/leo870823/Desktop/MSOC/2020MSOC_Final/ISPfinal/solution1/.autopilot/db/divergent.bc" 
INFO-FLOW: exec C:/Xilinx/Vivado/2019.2/win64/tools/clang/bin/clang -fno-limit-debug-info -gcc-toolchain C:/Xilinx/Vivado/2019.2/msys -hls -hls-analyze-label -hls-analyze-pragma -fno-exceptions -D__llvm__ -w C:/Users/leo870823/Desktop/MSOC/2020MSOC_Final/ISPfinal/solution1/.autopilot/db/divergent.pragma.2.cpp -fno-math-errno -c -emit-llvm -O0 -mllvm -disable-llvm-optzns -fno-threadsafe-statics -fno-use-cxa-atexit -DAESL_SYN -D__SYNTHESIS__ -D__HLS_SYN__ -I C:/Xilinx/Vivado/2019.2/common/technology/autopilot -I C:/Xilinx/Vivado/2019.2/common/technology/autopilot/ap_sysc -include etc/autopilot_ssdm_op.h -D__DSP48E1__ -g -o C:/Users/leo870823/Desktop/MSOC/2020MSOC_Final/ISPfinal/solution1/.autopilot/db/divergent.bc
Command       clang done; 1.171 sec.
INFO: [HLS 200-10] Analyzing design file 'deblur.cpp' ... 
INFO-FLOW: Compiling one TU...
Execute       is_m_axi_addr64 
INFO-FLOW: Handling deblur.cpp as C++
Execute       ap_part_info -name xc7z020-clg400-1 -data info 
Execute       is_encrypted deblur.cpp 
Execute       ap_part_info -name xc7z020-clg400-1 -data info 
INFO-FLOW: Running: GCC PP
INFO-FLOW: Source preprocessing
Execute       clang  -fno-limit-debug-info -gcc-toolchain "C:/Xilinx/Vivado/2019.2/msys" -hls  -fno-exceptions  -D__llvm__  -E "deblur.cpp"     -fno-math-errno -c -emit-llvm -O0  -mllvm -disable-llvm-optzns -fno-threadsafe-statics  -fno-use-cxa-atexit  -fno-threadsafe-statics -fno-use-cxa-atexit -D__CLANG_3_1__ -D__cdecl= -DAESL_SYN -D__SYNTHESIS__ -D__HLS_SYN__ -I "C:/Xilinx/Vivado/2019.2/common/technology/autopilot" -I "C:/Xilinx/Vivado/2019.2/common/technology/autopilot/ap_sysc" -include etc/autopilot_ssdm_op.h -D__DSP48E1__  -o "C:/Users/leo870823/Desktop/MSOC/2020MSOC_Final/ISPfinal/solution1/.autopilot/db/deblur.pp.0.cpp" 
INFO-FLOW: exec C:/Xilinx/Vivado/2019.2/win64/tools/clang/bin/clang -fno-limit-debug-info -gcc-toolchain C:/Xilinx/Vivado/2019.2/msys -hls -fno-exceptions -D__llvm__ -E deblur.cpp -fno-math-errno -c -emit-llvm -O0 -mllvm -disable-llvm-optzns -fno-threadsafe-statics -fno-use-cxa-atexit -fno-threadsafe-statics -fno-use-cxa-atexit -D__CLANG_3_1__ -D__cdecl= -DAESL_SYN -D__SYNTHESIS__ -D__HLS_SYN__ -I C:/Xilinx/Vivado/2019.2/common/technology/autopilot -I C:/Xilinx/Vivado/2019.2/common/technology/autopilot/ap_sysc -include etc/autopilot_ssdm_op.h -D__DSP48E1__ -o C:/Users/leo870823/Desktop/MSOC/2020MSOC_Final/ISPfinal/solution1/.autopilot/db/deblur.pp.0.cpp
WARNING: [HLS 200-40] In file included from deblur.cpp:1:
In file included from ./deblur.h:1:
In file included from ./proximal.h:1:
In file included from ./fft_top.h:94:
In file included from C:/Xilinx/Vivado/2019.2/common/technology/autopilot\hls_fft.h:912:
In file included from C:/Xilinx/Vivado/2019.2/common/technology/autopilot/hls_fft_x_complex.h:68:
C:/Xilinx/Vivado/2019.2/common/technology/autopilot/hls_x_complex.h:43:9: warning: hls::x_complex library will be replaced in 2019.2 with a new implementation that does not provide automatic bit width expansion. Please avoid relying on this feature. [-W#pragma-messages]
#pragma message("hls::x_complex library will be replaced in 2019.2 with a new implementation that does not provide automatic bit width expansion. Please avoid relying on this feature.")
        ^
1 warning generated.
Command       clang done; 0.919 sec.
Execute       tidy_31 xilinx-xfmat-array-geometry C:/Users/leo870823/Desktop/MSOC/2020MSOC_Final/ISPfinal/solution1/.autopilot/db/deblur.pp.0.cpp std=gnu++98 
INFO-FLOW: exec C:/Xilinx/Vivado/2019.2/win64/tools/clang-3.9-csynth/bin/tidy-3.1 -header-filter=.* -checks=-*,xilinx-xfmat-array-geometry -quiet -fix C:/Users/leo870823/Desktop/MSOC/2020MSOC_Final/ISPfinal/solution1/.autopilot/db/deblur.pp.0.cpp -- -std=gnu++98 -fhls -ferror-limit=0
Command       tidy_31 done; 0.794 sec.
INFO-FLOW: Syntax Checking before pre-processing...
Execute       clang -syntaxcheck -src C:/Users/leo870823/Desktop/MSOC/2020MSOC_Final/ISPfinal/solution1/.autopilot/db/deblur.pp.0.cpp  -fno-limit-debug-info -gcc-toolchain "C:/Xilinx/Vivado/2019.2/msys" -hls    -fno-math-errno -c -emit-llvm -O0  -mllvm -disable-llvm-optzns -fno-threadsafe-statics  -fno-use-cxa-atexit  -fno-threadsafe-statics -fno-use-cxa-atexit -D__CLANG_3_1__ -D__cdecl= -DAESL_SYN -D__SYNTHESIS__ -D__HLS_SYN__ -I "C:/Xilinx/Vivado/2019.2/common/technology/autopilot" -I "C:/Xilinx/Vivado/2019.2/common/technology/autopilot/ap_sysc" -include etc/autopilot_ssdm_op.h -D__DSP48E1__  "C:/Users/leo870823/Desktop/MSOC/2020MSOC_Final/ISPfinal/solution1/.autopilot/db/deblur.pp.0.cpp"  -o "C:/Users/leo870823/Desktop/MSOC/2020MSOC_Final/ISPfinal/solution1/.autopilot/db/useless.bc"  
INFO-FLOW: exec C:/Xilinx/Vivado/2019.2/win64/tools/clang/bin/clang -fno-limit-debug-info -gcc-toolchain C:/Xilinx/Vivado/2019.2/msys -hls -fno-math-errno -c -emit-llvm -O0 -mllvm -disable-llvm-optzns -fno-threadsafe-statics -fno-use-cxa-atexit -fno-threadsafe-statics -fno-use-cxa-atexit -D__CLANG_3_1__ -D__cdecl= -DAESL_SYN -D__SYNTHESIS__ -D__HLS_SYN__ -I C:/Xilinx/Vivado/2019.2/common/technology/autopilot -I C:/Xilinx/Vivado/2019.2/common/technology/autopilot/ap_sysc -include etc/autopilot_ssdm_op.h -D__DSP48E1__ C:/Users/leo870823/Desktop/MSOC/2020MSOC_Final/ISPfinal/solution1/.autopilot/db/deblur.pp.0.cpp -o C:/Users/leo870823/Desktop/MSOC/2020MSOC_Final/ISPfinal/solution1/.autopilot/db/useless.bc
ERROR: [HLS 200-70] Compilation errors found: In file included from deblur.cpp:1:
In file included from deblur.cpp:1:
In file included from ./deblur.h:1:
In file included from ./proximal.h:1:
In file included from ./fft_top.h:94:
In file included from C:/Xilinx/Vivado/2019.2/common/technology/autopilot\hls_fft.h:913:
In file included from C:/Xilinx/Vivado/2019.2/common/technology/autopilot/hls_fft_x_complex.h:68:
C:/Xilinx/Vivado/2019.2/common/technology/autopilot/hls_x_complex.h:43:9: warning: hls::x_complex library will be replaced in 2019.2 with a new implementation that does not provide automatic bit width expansion. Please avoid relying on this feature. [-W#pragma-messages]
#pragma message("hls::x_complex library will be replaced in 2019.2 with a new implementation that does not provide automatic bit width expansion. Please avoid relying on this feature.")
        ^
In file included from deblur.cpp:1:
deblur.cpp:53:3: error: use of undeclared identifier 'printf'
{ printf("[DEBUG] cross channel prior\n");
  ^
deblur.cpp:62:6: error: use of undeclared identifier 'printf'
     printf("[DEBUG] array copy\n");
     ^
deblur.cpp:64:9: error: use of undeclared identifier 'printf'
        printf("[DEBUG] my_filter_v1\n");
        ^
deblur.cpp:66:9: error: use of undeclared identifier 'printf'
        printf("[DEBUG] ProxGS\n");
        ^
deblur.cpp:68:9: error: use of undeclared identifier 'printf'
        printf("[DEBUG] Relax\n");
        ^
1 warning and 5 errors generated.
Command       clang done; error code: 2; 1.246 sec.
Command     elaborate done; error code: 2; 30.733 sec.
Command   csynth_design done; error code: 2; 30.741 sec.
Command ap_source done; error code: 1; 32.383 sec.
Execute cleanup_all 
