

================================================================
== Vivado HLS Report for 'dummy_proc_be_1'
================================================================
* Date:           Fri Jan 15 10:17:04 2021

* Version:        2019.2 (Build 2704478 on Wed Nov 06 22:10:23 MST 2019)
* Project:        ISPfinal
* Solution:       solution1
* Product family: zynq
* Target device:  xc7z020-clg400-1


================================================================
== Performance Estimates
================================================================
+ Timing: 
    * Summary: 
    +--------+----------+----------+------------+
    |  Clock |  Target  | Estimated| Uncertainty|
    +--------+----------+----------+------------+
    |ap_clk  | 10.00 ns | 6.888 ns |   1.25 ns  |
    +--------+----------+----------+------------+

+ Latency: 
    * Summary: 
    +---------+---------+----------+----------+-----+-----+---------+
    |  Latency (cycles) |  Latency (absolute) |  Interval | Pipeline|
    |   min   |   max   |    min   |    max   | min | max |   Type  |
    +---------+---------+----------+----------+-----+-----+---------+
    |      129|      129| 1.290 us | 1.290 us |  129|  129|   none  |
    +---------+---------+----------+----------+-----+-----+---------+

    + Detail: 
        * Instance: 
        N/A

        * Loop: 
        +----------+---------+---------+----------+-----------+-----------+------+----------+
        |          |  Latency (cycles) | Iteration|  Initiation Interval  | Trip |          |
        | Loop Name|   min   |   max   |  Latency |  achieved |   target  | Count| Pipelined|
        +----------+---------+---------+----------+-----------+-----------+------+----------+
        |- Loop 1  |      128|      128|         1|          -|          -|   128|    no    |
        +----------+---------+---------+----------+-----------+-----------+------+----------+

============================================================
+ Verbose Summary: Synthesis Manager
============================================================
InlineROM: 1
ExposeGlobal: 0
============================================================
+ Verbose Summary: CDFG Model
============================================================
IsTopModel: 0
ResetActiveHigh: 1
IsCombinational: 2
IsDatapathOnly: 0
HasWiredReturn: 1
HasMFsm: 0
HasVarLatency: 1
IsPipeline: 0
IsRtlPipelined: 0
IsInstanceOverlapped: 0
IsDontTouch: 0
HasImplIP: 0
IsGatedGlobalClock: 0


============================================================
+ Verbose Summary: Schedule
============================================================
* Number of FSM states : 2
* Pipeline : 0
* Dataflow Pipeline: 0

* FSM state transitions: 
1 --> 2 
2 --> 2 

* FSM state operations: 

State 1 <SV = 0> <Delay = 1.76>
ST_1 : Operation 3 [1/1] (0.00ns)   --->   "call void (...)* @_ssdm_op_SpecInterface(i8* %status_in_data_V, [8 x i8]* @ap_fifo_str, i32 0, i32 0, [1 x i8]* @p_str124, i32 0, i32 0, [1 x i8]* @p_str125, [1 x i8]* @p_str126, [1 x i8]* @p_str127, i32 2, i32 2, i32 16, i32 16, [1 x i8]* @p_str128, [1 x i8]* @p_str129)"   --->   Operation 3 'specinterface' <Predicate = true> <Delay = 0.00>
ST_1 : Operation 4 [1/1] (0.00ns)   --->   "call void (...)* @_ssdm_op_SpecInterface(i64* %in_r, [8 x i8]* @ap_fifo_str, i32 0, i32 0, [1 x i8]* @p_str118, i32 0, i32 0, [1 x i8]* @p_str119, [1 x i8]* @p_str120, [1 x i8]* @p_str121, i32 2, i32 2, i32 16, i32 16, [1 x i8]* @p_str122, [1 x i8]* @p_str123)"   --->   Operation 4 'specinterface' <Predicate = true> <Delay = 0.00>
ST_1 : Operation 5 [1/1] (1.76ns)   --->   "br label %1" [fft_top.cpp:160]   --->   Operation 5 'br' <Predicate = true> <Delay = 1.76>

State 2 <SV = 1> <Delay = 6.88>
ST_2 : Operation 6 [1/1] (0.00ns)   --->   "%i_0 = phi i8 [ 0, %0 ], [ %i, %2 ]"   --->   Operation 6 'phi' 'i_0' <Predicate = true> <Delay = 0.00>
ST_2 : Operation 7 [1/1] (1.55ns)   --->   "%icmp_ln160 = icmp eq i8 %i_0, -128" [fft_top.cpp:160]   --->   Operation 7 'icmp' 'icmp_ln160' <Predicate = true> <Delay = 1.55> <Core = "Cmp">   --->   Core 25 'Cmp' <Latency = 0> <II = 1> <Delay = 1.55> <FuncUnit> <Opcode : 'icmp'> <InPorts = 2> <OutPorts = 1>
ST_2 : Operation 8 [1/1] (0.00ns)   --->   "%empty = call i32 (...)* @_ssdm_op_SpecLoopTripCount(i64 128, i64 128, i64 128)"   --->   Operation 8 'speclooptripcount' 'empty' <Predicate = true> <Delay = 0.00>
ST_2 : Operation 9 [1/1] (1.91ns)   --->   "%i = add i8 %i_0, 1" [fft_top.cpp:160]   --->   Operation 9 'add' 'i' <Predicate = true> <Delay = 1.91> <Core = "AddSub">   --->   Core 14 'AddSub' <Latency = 0> <II = 1> <Delay = 1.91> <FuncUnit> <Opcode : 'add' 'sub'> <InPorts = 2> <OutPorts = 1>
ST_2 : Operation 10 [1/1] (0.00ns)   --->   "br i1 %icmp_ln160, label %3, label %2" [fft_top.cpp:160]   --->   Operation 10 'br' <Predicate = true> <Delay = 0.00>
ST_2 : Operation 11 [1/1] (0.00ns)   --->   "%zext_ln161 = zext i8 %i_0 to i64" [fft_top.cpp:161]   --->   Operation 11 'zext' 'zext_ln161' <Predicate = (!icmp_ln160)> <Delay = 0.00>
ST_2 : Operation 12 [1/1] (3.63ns)   --->   "%in_read = call i64 @_ssdm_op_Read.ap_fifo.volatile.i64P(i64* %in_r)" [fft_top.cpp:161]   --->   Operation 12 'read' 'in_read' <Predicate = (!icmp_ln160)> <Delay = 3.63> <Core = "FIFO_SRL">   --->   Core 36 'FIFO_SRL' <Latency = 0> <II = 1> <Delay = 3.63> <Storage> <Opcode : 'read' 'write' 'nbread' 'nbwrite'> <Ports = 0> <Width = 8> <Depth = 0> <FIFO>
ST_2 : Operation 13 [1/1] (0.00ns)   --->   "%out_addr = getelementptr [128 x i64]* %out_r, i64 0, i64 %zext_ln161" [fft_top.cpp:161]   --->   Operation 13 'getelementptr' 'out_addr' <Predicate = (!icmp_ln160)> <Delay = 0.00>
ST_2 : Operation 14 [1/1] (3.25ns)   --->   "store i64 %in_read, i64* %out_addr, align 8" [fft_top.cpp:161]   --->   Operation 14 'store' <Predicate = (!icmp_ln160)> <Delay = 3.25> <Core = "RAM">   --->   Core 37 'RAM' <Latency = 1> <II = 1> <Delay = 3.25> <Storage> <Opcode : 'load' 'store'> <Ports = 2> <Width = 64> <Depth = 128> <RAM>
ST_2 : Operation 15 [1/1] (0.00ns)   --->   "br label %1" [fft_top.cpp:160]   --->   Operation 15 'br' <Predicate = (!icmp_ln160)> <Delay = 0.00>
ST_2 : Operation 16 [1/1] (3.63ns)   --->   "%p_Val2_s = call i8 @_ssdm_op_Read.ap_fifo.i8P(i8* %status_in_data_V)" [C:/Xilinx/Vivado/2019.2/common/technology/autopilot\hls_fft.h:421->fft_top.cpp:162]   --->   Operation 16 'read' 'p_Val2_s' <Predicate = (icmp_ln160)> <Delay = 3.63> <Core = "FIFO_SRL">   --->   Core 36 'FIFO_SRL' <Latency = 0> <II = 1> <Delay = 3.63> <Storage> <Opcode : 'read' 'write' 'nbread' 'nbwrite'> <Ports = 0> <Width = 8> <Depth = 0> <FIFO>
ST_2 : Operation 17 [1/1] (0.00ns)   --->   "%trunc_ln681 = trunc i8 %p_Val2_s to i1" [C:/Xilinx/Vivado/2019.2/common/technology/autopilot\hls_fft.h:421->fft_top.cpp:162]   --->   Operation 17 'trunc' 'trunc_ln681' <Predicate = (icmp_ln160)> <Delay = 0.00>
ST_2 : Operation 18 [1/1] (0.00ns)   --->   "call void @_ssdm_op_Write.ap_auto.i1P(i1* %ovflo, i1 %trunc_ln681)" [fft_top.cpp:162]   --->   Operation 18 'write' <Predicate = (icmp_ln160)> <Delay = 0.00>
ST_2 : Operation 19 [1/1] (0.00ns)   --->   "ret void" [fft_top.cpp:163]   --->   Operation 19 'ret' <Predicate = (icmp_ln160)> <Delay = 0.00>


============================================================
+ Verbose Summary: Binding
============================================================
STG Binding: 
---------------- STG Properties BEGIN ----------------
- Is combinational: 0
- Is one-state seq: 0
- Is datapath-only: 0
- Is pipelined: 0
- Is top level: 0
Port [ Return ] is wired: 1; IO mode=ap_ctrl_hs:ce=0
Port [ status_in_data_V]:  wired=1; compound=1; hidden=0; nouse=0; global=0; static=0; extern=0; dir=0; type=3; pingpong=0; private_global=0; IO mode=ap_fifo:ce=0
Port [ ovflo]:  wired=1; compound=0; hidden=0; nouse=0; global=0; static=0; extern=0; dir=1; type=0; pingpong=0; private_global=0; IO mode=ap_vld:ce=0
Port [ in_r]:  wired=1; compound=1; hidden=0; nouse=0; global=0; static=0; extern=0; dir=0; type=3; pingpong=0; private_global=0; IO mode=ap_fifo:ce=0
Port [ out_r]:  wired=1; compound=1; hidden=0; nouse=0; global=0; static=0; extern=0; dir=1; type=1; pingpong=0; private_global=0; MemPort=[03]; IO mode=ap_memory:ce=0
---------------- STG Properties END ------------------

---------------- Datapath Model BEGIN ----------------

<LifeTime>
<method=bitvector/>
specinterface_ln0 (specinterface    ) [ 000]
specinterface_ln0 (specinterface    ) [ 000]
br_ln160          (br               ) [ 011]
i_0               (phi              ) [ 001]
icmp_ln160        (icmp             ) [ 001]
empty             (speclooptripcount) [ 000]
i                 (add              ) [ 011]
br_ln160          (br               ) [ 000]
zext_ln161        (zext             ) [ 000]
in_read           (read             ) [ 000]
out_addr          (getelementptr    ) [ 000]
store_ln161       (store            ) [ 000]
br_ln160          (br               ) [ 011]
p_Val2_s          (read             ) [ 000]
trunc_ln681       (trunc            ) [ 000]
write_ln162       (write            ) [ 000]
ret_ln163         (ret              ) [ 000]
</LifeTime>

<model>

<comp_list>
<comp id="0" class="1000" name="status_in_data_V">
<pin_list>
<pin id="1" dir="1" index="0" bw="1" slack="0"/>
</pin_list>
<bind>
<StgValue><ssdm name="status_in_data_V"/></StgValue>
</bind>
</comp>

<comp id="2" class="1000" name="ovflo">
<pin_list>
<pin id="3" dir="1" index="0" bw="1" slack="0"/>
</pin_list>
<bind>
<StgValue><ssdm name="ovflo"/></StgValue>
</bind>
</comp>

<comp id="4" class="1000" name="in_r">
<pin_list>
<pin id="5" dir="1" index="0" bw="1" slack="0"/>
</pin_list>
<bind>
<StgValue><ssdm name="in_r"/></StgValue>
</bind>
</comp>

<comp id="6" class="1000" name="out_r">
<pin_list>
<pin id="7" dir="1" index="0" bw="1" slack="0"/>
</pin_list>
<bind>
<StgValue><ssdm name="out_r"/><MemPortTyVec>0 3 </MemPortTyVec>
</StgValue>
</bind>
</comp>

<comp id="8" class="1001" name="const_8">
<pin_list>
<pin id="9" dir="1" index="0" bw="1" slack="2147483647"/>
</pin_list>
<bind>
<StgValue><ssdm name="_ssdm_op_SpecInterface"/></StgValue>
</bind>
</comp>

<comp id="10" class="1001" name="const_10">
<pin_list>
<pin id="11" dir="1" index="0" bw="1" slack="2147483647"/>
</pin_list>
<bind>
<StgValue><ssdm name="ap_fifo_str"/></StgValue>
</bind>
</comp>

<comp id="12" class="1001" name="const_12">
<pin_list>
<pin id="13" dir="1" index="0" bw="1" slack="2147483647"/>
</pin_list>
<bind>
<StgValue><ssdm name=""/></StgValue>
</bind>
</comp>

<comp id="14" class="1001" name="const_14">
<pin_list>
<pin id="15" dir="1" index="0" bw="1" slack="2147483647"/>
</pin_list>
<bind>
<StgValue><ssdm name="p_str124"/></StgValue>
</bind>
</comp>

<comp id="16" class="1001" name="const_16">
<pin_list>
<pin id="17" dir="1" index="0" bw="1" slack="2147483647"/>
</pin_list>
<bind>
<StgValue><ssdm name="p_str125"/></StgValue>
</bind>
</comp>

<comp id="18" class="1001" name="const_18">
<pin_list>
<pin id="19" dir="1" index="0" bw="1" slack="2147483647"/>
</pin_list>
<bind>
<StgValue><ssdm name="p_str126"/></StgValue>
</bind>
</comp>

<comp id="20" class="1001" name="const_20">
<pin_list>
<pin id="21" dir="1" index="0" bw="1" slack="2147483647"/>
</pin_list>
<bind>
<StgValue><ssdm name="p_str127"/></StgValue>
</bind>
</comp>

<comp id="22" class="1001" name="const_22">
<pin_list>
<pin id="23" dir="1" index="0" bw="1" slack="2147483647"/>
</pin_list>
<bind>
<StgValue><ssdm name=""/></StgValue>
</bind>
</comp>

<comp id="24" class="1001" name="const_24">
<pin_list>
<pin id="25" dir="1" index="0" bw="1" slack="2147483647"/>
</pin_list>
<bind>
<StgValue><ssdm name=""/></StgValue>
</bind>
</comp>

<comp id="26" class="1001" name="const_26">
<pin_list>
<pin id="27" dir="1" index="0" bw="1" slack="2147483647"/>
</pin_list>
<bind>
<StgValue><ssdm name="p_str128"/></StgValue>
</bind>
</comp>

<comp id="28" class="1001" name="const_28">
<pin_list>
<pin id="29" dir="1" index="0" bw="1" slack="2147483647"/>
</pin_list>
<bind>
<StgValue><ssdm name="p_str129"/></StgValue>
</bind>
</comp>

<comp id="30" class="1001" name="const_30">
<pin_list>
<pin id="31" dir="1" index="0" bw="1" slack="2147483647"/>
</pin_list>
<bind>
<StgValue><ssdm name="p_str118"/></StgValue>
</bind>
</comp>

<comp id="32" class="1001" name="const_32">
<pin_list>
<pin id="33" dir="1" index="0" bw="1" slack="2147483647"/>
</pin_list>
<bind>
<StgValue><ssdm name="p_str119"/></StgValue>
</bind>
</comp>

<comp id="34" class="1001" name="const_34">
<pin_list>
<pin id="35" dir="1" index="0" bw="1" slack="2147483647"/>
</pin_list>
<bind>
<StgValue><ssdm name="p_str120"/></StgValue>
</bind>
</comp>

<comp id="36" class="1001" name="const_36">
<pin_list>
<pin id="37" dir="1" index="0" bw="1" slack="2147483647"/>
</pin_list>
<bind>
<StgValue><ssdm name="p_str121"/></StgValue>
</bind>
</comp>

<comp id="38" class="1001" name="const_38">
<pin_list>
<pin id="39" dir="1" index="0" bw="1" slack="2147483647"/>
</pin_list>
<bind>
<StgValue><ssdm name="p_str122"/></StgValue>
</bind>
</comp>

<comp id="40" class="1001" name="const_40">
<pin_list>
<pin id="41" dir="1" index="0" bw="1" slack="2147483647"/>
</pin_list>
<bind>
<StgValue><ssdm name="p_str123"/></StgValue>
</bind>
</comp>

<comp id="42" class="1001" name="const_42">
<pin_list>
<pin id="43" dir="1" index="0" bw="1" slack="1"/>
</pin_list>
<bind>
<StgValue><ssdm name=""/></StgValue>
</bind>
</comp>

<comp id="44" class="1001" name="const_44">
<pin_list>
<pin id="45" dir="1" index="0" bw="1" slack="0"/>
</pin_list>
<bind>
<StgValue><ssdm name=""/></StgValue>
</bind>
</comp>

<comp id="46" class="1001" name="const_46">
<pin_list>
<pin id="47" dir="1" index="0" bw="1" slack="2147483647"/>
</pin_list>
<bind>
<StgValue><ssdm name="_ssdm_op_SpecLoopTripCount"/></StgValue>
</bind>
</comp>

<comp id="48" class="1001" name="const_48">
<pin_list>
<pin id="49" dir="1" index="0" bw="1" slack="2147483647"/>
</pin_list>
<bind>
<StgValue><ssdm name=""/></StgValue>
</bind>
</comp>

<comp id="50" class="1001" name="const_50">
<pin_list>
<pin id="51" dir="1" index="0" bw="1" slack="0"/>
</pin_list>
<bind>
<StgValue><ssdm name=""/></StgValue>
</bind>
</comp>

<comp id="52" class="1001" name="const_52">
<pin_list>
<pin id="53" dir="1" index="0" bw="1" slack="0"/>
</pin_list>
<bind>
<StgValue><ssdm name="_ssdm_op_Read.ap_fifo.volatile.i64P"/></StgValue>
</bind>
</comp>

<comp id="54" class="1001" name="const_54">
<pin_list>
<pin id="55" dir="1" index="0" bw="1" slack="0"/>
</pin_list>
<bind>
<StgValue><ssdm name=""/></StgValue>
</bind>
</comp>

<comp id="56" class="1001" name="const_56">
<pin_list>
<pin id="57" dir="1" index="0" bw="1" slack="0"/>
</pin_list>
<bind>
<StgValue><ssdm name="_ssdm_op_Read.ap_fifo.i8P"/></StgValue>
</bind>
</comp>

<comp id="58" class="1001" name="const_58">
<pin_list>
<pin id="59" dir="1" index="0" bw="1" slack="0"/>
</pin_list>
<bind>
<StgValue><ssdm name="_ssdm_op_Write.ap_auto.i1P"/></StgValue>
</bind>
</comp>

<comp id="60" class="1004" name="in_read_read_fu_60">
<pin_list>
<pin id="61" dir="0" index="0" bw="64" slack="0"/>
<pin id="62" dir="0" index="1" bw="64" slack="0"/>
<pin id="63" dir="1" index="2" bw="64" slack="0"/>
</pin_list>
<bind>
<opcode="read(1150) " fcode="read"/>
<opset="in_read/2 "/>
</bind>
</comp>

<comp id="66" class="1004" name="p_Val2_s_read_fu_66">
<pin_list>
<pin id="67" dir="0" index="0" bw="8" slack="0"/>
<pin id="68" dir="0" index="1" bw="8" slack="0"/>
<pin id="69" dir="1" index="2" bw="8" slack="0"/>
</pin_list>
<bind>
<opcode="read(1150) " fcode="read"/>
<opset="p_Val2_s/2 "/>
</bind>
</comp>

<comp id="72" class="1004" name="write_ln162_write_fu_72">
<pin_list>
<pin id="73" dir="0" index="0" bw="0" slack="0"/>
<pin id="74" dir="0" index="1" bw="1" slack="0"/>
<pin id="75" dir="0" index="2" bw="1" slack="0"/>
<pin id="76" dir="1" index="3" bw="0" slack="2147483647"/>
</pin_list>
<bind>
<opcode="write(1151) " fcode="write"/>
<opset="write_ln162/2 "/>
</bind>
</comp>

<comp id="79" class="1004" name="out_addr_gep_fu_79">
<pin_list>
<pin id="80" dir="0" index="0" bw="64" slack="0"/>
<pin id="81" dir="0" index="1" bw="1" slack="0"/>
<pin id="82" dir="0" index="2" bw="8" slack="0"/>
<pin id="83" dir="1" index="3" bw="7" slack="0"/>
</pin_list>
<bind>
<opcode="getelementptr(29) " fcode="getelementptr"/>
<opset="out_addr/2 "/>
</bind>
</comp>

<comp id="86" class="1004" name="store_ln161_access_fu_86">
<pin_list>
<pin id="87" dir="0" index="0" bw="7" slack="0"/>
<pin id="88" dir="0" index="1" bw="64" slack="0"/>
<pin id="89" dir="0" index="2" bw="0" slack="2147483647"/>
<pin id="90" dir="1" index="3" bw="64" slack="2147483647"/>
</pin_list>
<bind>
<opcode="store(28) " fcode="store"/>
<opset="store_ln161/2 "/>
</bind>
</comp>

<comp id="93" class="1005" name="i_0_reg_93">
<pin_list>
<pin id="94" dir="0" index="0" bw="8" slack="1"/>
<pin id="95" dir="1" index="1" bw="8" slack="1"/>
</pin_list>
<bind>
<opset="i_0 (phireg) "/>
</bind>
</comp>

<comp id="97" class="1004" name="i_0_phi_fu_97">
<pin_list>
<pin id="98" dir="0" index="0" bw="1" slack="1"/>
<pin id="99" dir="0" index="1" bw="0" slack="2147483647"/>
<pin id="100" dir="0" index="2" bw="8" slack="0"/>
<pin id="101" dir="0" index="3" bw="0" slack="2147483647"/>
<pin id="102" dir="1" index="4" bw="8" slack="0"/>
</pin_list>
<bind>
<opcode="phi(47) " fcode="phi"/>
<opset="i_0/2 "/>
</bind>
</comp>

<comp id="104" class="1004" name="icmp_ln160_fu_104">
<pin_list>
<pin id="105" dir="0" index="0" bw="8" slack="0"/>
<pin id="106" dir="0" index="1" bw="8" slack="0"/>
<pin id="107" dir="1" index="2" bw="1" slack="2147483647"/>
</pin_list>
<bind>
<opcode="icmp(45) " fcode="icmp"/>
<opset="icmp_ln160/2 "/>
</bind>
</comp>

<comp id="110" class="1004" name="i_fu_110">
<pin_list>
<pin id="111" dir="0" index="0" bw="8" slack="0"/>
<pin id="112" dir="0" index="1" bw="1" slack="0"/>
<pin id="113" dir="1" index="2" bw="8" slack="0"/>
</pin_list>
<bind>
<opcode="add(8) " fcode="add"/>
<opset="i/2 "/>
</bind>
</comp>

<comp id="116" class="1004" name="zext_ln161_fu_116">
<pin_list>
<pin id="117" dir="0" index="0" bw="8" slack="0"/>
<pin id="118" dir="1" index="1" bw="64" slack="0"/>
</pin_list>
<bind>
<opcode="zext(34) " fcode="zext"/>
<opset="zext_ln161/2 "/>
</bind>
</comp>

<comp id="121" class="1004" name="trunc_ln681_fu_121">
<pin_list>
<pin id="122" dir="0" index="0" bw="8" slack="0"/>
<pin id="123" dir="1" index="1" bw="1" slack="0"/>
</pin_list>
<bind>
<opcode="trunc(33) " fcode="trunc"/>
<opset="trunc_ln681/2 "/>
</bind>
</comp>

<comp id="129" class="1005" name="i_reg_129">
<pin_list>
<pin id="130" dir="0" index="0" bw="8" slack="0"/>
<pin id="131" dir="1" index="1" bw="8" slack="0"/>
</pin_list>
<bind>
<opset="i "/>
</bind>
</comp>

</comp_list>

<net_list>
<net id="64"><net_src comp="52" pin="0"/><net_sink comp="60" pin=0"/></net>

<net id="65"><net_src comp="4" pin="0"/><net_sink comp="60" pin=1"/></net>

<net id="70"><net_src comp="56" pin="0"/><net_sink comp="66" pin=0"/></net>

<net id="71"><net_src comp="0" pin="0"/><net_sink comp="66" pin=1"/></net>

<net id="77"><net_src comp="58" pin="0"/><net_sink comp="72" pin=0"/></net>

<net id="78"><net_src comp="2" pin="0"/><net_sink comp="72" pin=1"/></net>

<net id="84"><net_src comp="6" pin="0"/><net_sink comp="79" pin=0"/></net>

<net id="85"><net_src comp="54" pin="0"/><net_sink comp="79" pin=1"/></net>

<net id="91"><net_src comp="60" pin="2"/><net_sink comp="86" pin=1"/></net>

<net id="92"><net_src comp="79" pin="3"/><net_sink comp="86" pin=0"/></net>

<net id="96"><net_src comp="42" pin="0"/><net_sink comp="93" pin=0"/></net>

<net id="103"><net_src comp="93" pin="1"/><net_sink comp="97" pin=0"/></net>

<net id="108"><net_src comp="97" pin="4"/><net_sink comp="104" pin=0"/></net>

<net id="109"><net_src comp="44" pin="0"/><net_sink comp="104" pin=1"/></net>

<net id="114"><net_src comp="97" pin="4"/><net_sink comp="110" pin=0"/></net>

<net id="115"><net_src comp="50" pin="0"/><net_sink comp="110" pin=1"/></net>

<net id="119"><net_src comp="97" pin="4"/><net_sink comp="116" pin=0"/></net>

<net id="120"><net_src comp="116" pin="1"/><net_sink comp="79" pin=2"/></net>

<net id="124"><net_src comp="66" pin="2"/><net_sink comp="121" pin=0"/></net>

<net id="125"><net_src comp="121" pin="1"/><net_sink comp="72" pin=2"/></net>

<net id="132"><net_src comp="110" pin="2"/><net_sink comp="129" pin=0"/></net>

<net id="133"><net_src comp="129" pin="1"/><net_sink comp="97" pin=2"/></net>

</net_list>

</model> 
---------------- Datapath Model END ------------------

* FSMD analyzer results:
  - Output states:
	Port: ovflo | {2 }
	Port: out_r | {2 }
 - Input state : 
	Port: dummy_proc_be.1 : status_in_data_V | {2 }
	Port: dummy_proc_be.1 : in_r | {2 }
  - Chain level:
	State 1
	State 2
		icmp_ln160 : 1
		i : 1
		br_ln160 : 2
		zext_ln161 : 1
		out_addr : 2
		store_ln161 : 3
		write_ln162 : 1


============================================================
+ Verbose Summary: Datapath Resource usage 
============================================================

* Functional unit list:
|----------|-------------------------|---------|---------|
| Operation|     Functional Unit     |    FF   |   LUT   |
|----------|-------------------------|---------|---------|
|    add   |         i_fu_110        |    0    |    15   |
|----------|-------------------------|---------|---------|
|   icmp   |    icmp_ln160_fu_104    |    0    |    11   |
|----------|-------------------------|---------|---------|
|   read   |    in_read_read_fu_60   |    0    |    0    |
|          |   p_Val2_s_read_fu_66   |    0    |    0    |
|----------|-------------------------|---------|---------|
|   write  | write_ln162_write_fu_72 |    0    |    0    |
|----------|-------------------------|---------|---------|
|   zext   |    zext_ln161_fu_116    |    0    |    0    |
|----------|-------------------------|---------|---------|
|   trunc  |    trunc_ln681_fu_121   |    0    |    0    |
|----------|-------------------------|---------|---------|
|   Total  |                         |    0    |    26   |
|----------|-------------------------|---------|---------|

Memories:
N/A

* Register list:
+----------+--------+
|          |   FF   |
+----------+--------+
|i_0_reg_93|    8   |
| i_reg_129|    8   |
+----------+--------+
|   Total  |   16   |
+----------+--------+

* Multiplexer (MUX) list: 
|--------|------|------|------|--------|
|  Comp  |  Pin | Size |  BW  | S x BW |
|--------|------|------|------|--------|
|  Total |      |      |      |    0   |
|--------|------|------|------|--------|



* Summary:
+-----------+--------+--------+
|           |   FF   |   LUT  |
+-----------+--------+--------+
|  Function |    0   |   26   |
|   Memory  |    -   |    -   |
|Multiplexer|    -   |    -   |
|  Register |   16   |    -   |
+-----------+--------+--------+
|   Total   |   16   |   26   |
+-----------+--------+--------+
