

================================================================
== Vivado HLS Report for 'fft_top'
================================================================
* Date:           Fri Jan  8 20:55:01 2021

* Version:        2019.2 (Build 2704478 on Wed Nov 06 22:10:23 MST 2019)
* Project:        ISPfinal
* Solution:       solution1
* Product family: zynq
* Target device:  xc7z020-clg400-1


================================================================
== Performance Estimates
================================================================
+ Timing: 
    * Summary: 
    +--------+----------+----------+------------+
    |  Clock |  Target  | Estimated| Uncertainty|
    +--------+----------+----------+------------+
    |ap_clk  | 10.00 ns | 8.750 ns |   1.25 ns  |
    +--------+----------+----------+------------+

+ Latency: 
    * Summary: 
    +---------+---------+----------+----------+-------+-------+----------+
    |  Latency (cycles) |  Latency (absolute) |    Interval   | Pipeline |
    |   min   |   max   |    min   |    max   |  min  |  max  |   Type   |
    +---------+---------+----------+----------+-------+-------+----------+
    |    32769|    32769| 0.328 ms | 0.328 ms |  32770|  32770| dataflow |
    +---------+---------+----------+----------+-------+-------+----------+

    + Detail: 
        * Instance: 
        +----------------------------+-----------------+---------+---------+-----------+-----------+-------+-------+---------+
        |                            |                 |  Latency (cycles) |   Latency (absolute)  |    Interval   | Pipeline|
        |          Instance          |      Module     |   min   |   max   |    min    |    max    |  min  |  max  |   Type  |
        +----------------------------+-----------------+---------+---------+-----------+-----------+-------+-------+---------+
        |grp_dummy_proc_fe_1_fu_162  |dummy_proc_fe_1  |    32769|    32769|  0.328 ms |  0.328 ms |  32769|  32769|   none  |
        |grp_dummy_proc_be_1_fu_172  |dummy_proc_be_1  |    16385|    16385|  0.164 ms |  0.164 ms |  16385|  16385|   none  |
        |grp_fft_config1_s_fu_182    |fft_config1_s    |     3195|     3195| 31.950 us | 31.950 us |   3195|   3195|   none  |
        +----------------------------+-----------------+---------+---------+-----------+-----------+-------+-------+---------+

        * Loop: 
        N/A

============================================================
+ Verbose Summary: Synthesis Manager
============================================================
InlineROM: 1
ExposeGlobal: 0
============================================================
+ Verbose Summary: CDFG Model
============================================================
IsTopModel: 0
ResetActiveHigh: 1
IsCombinational: 2
IsDatapathOnly: 0
HasWiredReturn: 1
HasMFsm: 0
HasVarLatency: 1
IsPipeline: 0
IsRtlPipelined: 0
IsInstanceOverlapped: 0
IsDontTouch: 0
HasImplIP: 0
IsGatedGlobalClock: 0


============================================================
+ Verbose Summary: Schedule
============================================================
* Number of FSM states : 6
* Pipeline : 0
* Dataflow Pipeline: 1
  DF-Pipeline-0: Size = 6, States = { 1 2 3 4 5 6 }

* FSM state transitions: 
1 --> 2 
2 --> 3 
3 --> 4 
4 --> 5 
5 --> 6 
6 --> 

* FSM state operations: 

State 1 <SV = 0> <Delay = 3.63>
ST_1 : Operation 7 [1/1] (0.00ns)   --->   "%direction_read = call i1 @_ssdm_op_Read.ap_hs.i1(i1 %direction)"   --->   Operation 7 'read' 'direction_read' <Predicate = true> <Delay = 0.00>
ST_1 : Operation 8 [1/1] (0.00ns)   --->   "%fft_status_data_V = alloca i8, align 1" [fft_top.cpp:181]   --->   Operation 8 'alloca' 'fft_status_data_V' <Predicate = true> <Delay = 0.00> <Core = "FIFO">   --->   Core 32 'FIFO' <Latency = 0> <II = 1> <Delay = 3.50> <Storage> <Opcode : 'read' 'write' 'nbread' 'nbwrite'> <Ports = 0> <Width = 32> <Depth = 16384> <FIFO>
ST_1 : Operation 9 [1/1] (0.00ns)   --->   "%fft_config_data_V = alloca i16, align 2" [fft_top.cpp:180]   --->   Operation 9 'alloca' 'fft_config_data_V' <Predicate = true> <Delay = 0.00> <Core = "FIFO">   --->   Core 32 'FIFO' <Latency = 0> <II = 1> <Delay = 3.50> <Storage> <Opcode : 'read' 'write' 'nbread' 'nbwrite'> <Ports = 0> <Width = 32> <Depth = 16384> <FIFO>
ST_1 : Operation 10 [1/1] (0.00ns)   --->   "%xk_channel = alloca i32, align 4"   --->   Operation 10 'alloca' 'xk_channel' <Predicate = true> <Delay = 0.00> <Core = "FIFO">   --->   Core 32 'FIFO' <Latency = 0> <II = 1> <Delay = 3.50> <Storage> <Opcode : 'read' 'write' 'nbread' 'nbwrite'> <Ports = 0> <Width = 32> <Depth = 16384> <FIFO>
ST_1 : Operation 11 [1/1] (0.00ns)   --->   "%xn_channel = alloca i32, align 4"   --->   Operation 11 'alloca' 'xn_channel' <Predicate = true> <Delay = 0.00> <Core = "FIFO">   --->   Core 32 'FIFO' <Latency = 0> <II = 1> <Delay = 3.50> <Storage> <Opcode : 'read' 'write' 'nbread' 'nbwrite'> <Ports = 0> <Width = 32> <Depth = 16384> <FIFO>
ST_1 : Operation 12 [2/2] (3.63ns)   --->   "call fastcc void @dummy_proc_fe.1(i1 %direction_read, i16* %fft_config_data_V, [16384 x i32]* %in_r, i32* %xn_channel)" [fft_top.cpp:183]   --->   Operation 12 'call' <Predicate = true> <Delay = 3.63> <CoreType = "Generic">   --->   Core 0 '' <Latency = 0> <II = 1> <Delay = 1.00> <Generic> <Opcode : >

State 2 <SV = 1> <Delay = 0.00>
ST_2 : Operation 13 [1/2] (0.00ns)   --->   "call fastcc void @dummy_proc_fe.1(i1 %direction_read, i16* %fft_config_data_V, [16384 x i32]* %in_r, i32* %xn_channel)" [fft_top.cpp:183]   --->   Operation 13 'call' <Predicate = true> <Delay = 0.00> <CoreType = "Generic">   --->   Core 0 '' <Latency = 0> <II = 1> <Delay = 1.00> <Generic> <Opcode : >

State 3 <SV = 2> <Delay = 8.75>
ST_3 : Operation 14 [2/2] (8.75ns)   --->   "call fastcc void @"fft<config1>"(i32* %xn_channel, i32* %xk_channel, i8* %fft_status_data_V, i16* %fft_config_data_V)" [fft_top.cpp:185]   --->   Operation 14 'call' <Predicate = true> <Delay = 8.75> <Core = "Vivado_FFT">   --->   Core 12 'Vivado_FFT' <Latency = 3195> <II = 0> <Delay = 2.00> <IPBlock> <Opcode : > <InPorts = 2> <OutPorts = 1> <Async> <VivadoIP> <CReg>

State 4 <SV = 3> <Delay = 8.75>
ST_4 : Operation 15 [1/2] (8.75ns)   --->   "call fastcc void @"fft<config1>"(i32* %xn_channel, i32* %xk_channel, i8* %fft_status_data_V, i16* %fft_config_data_V)" [fft_top.cpp:185]   --->   Operation 15 'call' <Predicate = true> <Delay = 8.75> <Core = "Vivado_FFT">   --->   Core 12 'Vivado_FFT' <Latency = 3195> <II = 0> <Delay = 2.00> <IPBlock> <Opcode : > <InPorts = 2> <OutPorts = 1> <Async> <VivadoIP> <CReg>

State 5 <SV = 4> <Delay = 0.00>
ST_5 : Operation 16 [2/2] (0.00ns)   --->   "call fastcc void @dummy_proc_be.1(i8* %fft_status_data_V, i1* %ovflo, i32* %xk_channel, [16384 x i32]* %out_r)" [fft_top.cpp:186]   --->   Operation 16 'call' <Predicate = true> <Delay = 0.00> <CoreType = "Generic">   --->   Core 0 '' <Latency = 0> <II = 1> <Delay = 1.00> <Generic> <Opcode : >

State 6 <SV = 5> <Delay = 3.63>
ST_6 : Operation 17 [1/1] (0.00ns)   --->   "call void (...)* @_ssdm_op_SpecBRAMWithByteEnable([16384 x i32]* %in_r)"   --->   Operation 17 'specbramwithbyteenable' <Predicate = true> <Delay = 0.00>
ST_6 : Operation 18 [1/1] (0.00ns)   --->   "call void (...)* @_ssdm_op_SpecDataflowPipeline(i32 -1, i32 0, [1 x i8]* @p_str14) nounwind" [fft_top.cpp:177]   --->   Operation 18 'specdataflowpipeline' <Predicate = true> <Delay = 0.00>
ST_6 : Operation 19 [1/1] (0.00ns)   --->   "%empty = call i32 (...)* @_ssdm_op_SpecChannel([11 x i8]* @xk_OC_channel_str, i32 1, [1 x i8]* @p_str142, [1 x i8]* @p_str142, i32 16384, i32 16384, i32* %xk_channel, i32* %xk_channel)"   --->   Operation 19 'specchannel' 'empty' <Predicate = true> <Delay = 0.00>
ST_6 : Operation 20 [1/1] (0.00ns)   --->   "call void (...)* @_ssdm_op_SpecInterface(i32* %xk_channel, [8 x i8]* @ap_fifo_str, i32 0, i32 0, [1 x i8]* @p_str143, i32 0, i32 0, [1 x i8]* @p_str144, [1 x i8]* @p_str145, [1 x i8]* @p_str146, i32 2, i32 2, i32 16, i32 16, [1 x i8]* @p_str149, [1 x i8]* @p_str150)"   --->   Operation 20 'specinterface' <Predicate = true> <Delay = 0.00>
ST_6 : Operation 21 [1/1] (0.00ns)   --->   "%empty_39 = call i32 (...)* @_ssdm_op_SpecChannel([11 x i8]* @xn_OC_channel_str, i32 1, [1 x i8]* @p_str135, [1 x i8]* @p_str135, i32 16384, i32 16384, i32* %xn_channel, i32* %xn_channel)"   --->   Operation 21 'specchannel' 'empty_39' <Predicate = true> <Delay = 0.00>
ST_6 : Operation 22 [1/1] (0.00ns)   --->   "call void (...)* @_ssdm_op_SpecInterface(i32* %xn_channel, [8 x i8]* @ap_fifo_str, i32 0, i32 0, [1 x i8]* @p_str136, i32 0, i32 0, [1 x i8]* @p_str137, [1 x i8]* @p_str138, [1 x i8]* @p_str139, i32 2, i32 2, i32 16, i32 16, [1 x i8]* @p_str140, [1 x i8]* @p_str141)"   --->   Operation 22 'specinterface' <Predicate = true> <Delay = 0.00>
ST_6 : Operation 23 [1/1] (0.00ns)   --->   "call void (...)* @_ssdm_op_SpecInterface(i1 %direction, [6 x i8]* @p_str3, i32 0, i32 0, [1 x i8]* @p_str14, i32 0, i32 0, [1 x i8]* @p_str14, [1 x i8]* @p_str14, [1 x i8]* @p_str14, i32 0, i32 0, i32 0, i32 0, [1 x i8]* @p_str14, [1 x i8]* @p_str14) nounwind" [fft_top.cpp:172]   --->   Operation 23 'specinterface' <Predicate = true> <Delay = 0.00>
ST_6 : Operation 24 [1/1] (0.00ns)   --->   "%empty_40 = call i32 (...)* @_ssdm_op_SpecChannel([3 x i8]* @xn_str, i32 1, [1 x i8]* @p_str77, [1 x i8]* @p_str77, i32 16384, i32 16384, i32* %xn_channel, i32* %xn_channel)"   --->   Operation 24 'specchannel' 'empty_40' <Predicate = true> <Delay = 0.00>
ST_6 : Operation 25 [1/1] (0.00ns)   --->   "call void (...)* @_ssdm_op_SpecInterface(i32* %xn_channel, [8 x i8]* @ap_fifo_str, i32 0, i32 0, [1 x i8]* @p_str78, i32 0, i32 0, [1 x i8]* @p_str79, [1 x i8]* @p_str80, [1 x i8]* @p_str81, i32 2, i32 2, i32 16, i32 16, [1 x i8]* @p_str82, [1 x i8]* @p_str83)"   --->   Operation 25 'specinterface' <Predicate = true> <Delay = 0.00>
ST_6 : Operation 26 [1/1] (0.00ns)   --->   "call void (...)* @_ssdm_op_SpecInterface(i8* %fft_status_data_V, [8 x i8]* @ap_fifo_str, i32 0, i32 0, [1 x i8]* @p_str120, i32 0, i32 0, [1 x i8]* @p_str121, [1 x i8]* @p_str122, [1 x i8]* @p_str123, i32 2, i32 2, i32 16, i32 16, [1 x i8]* @p_str124, [1 x i8]* @p_str125)"   --->   Operation 26 'specinterface' <Predicate = true> <Delay = 0.00>
ST_6 : Operation 27 [1/1] (0.00ns)   --->   "%empty_41 = call i32 (...)* @_ssdm_op_SpecChannel([26 x i8]* @fft_status_OC_data_O, i32 1, [1 x i8]* @p_str126, [1 x i8]* @p_str126, i32 2, i32 0, i8* %fft_status_data_V, i8* %fft_status_data_V)"   --->   Operation 27 'specchannel' 'empty_41' <Predicate = true> <Delay = 0.00>
ST_6 : Operation 28 [1/1] (0.00ns)   --->   "call void (...)* @_ssdm_op_SpecInterface(i16* %fft_config_data_V, [8 x i8]* @ap_fifo_str, i32 0, i32 0, [1 x i8]* @p_str127, i32 0, i32 0, [1 x i8]* @p_str128, [1 x i8]* @p_str129, [1 x i8]* @p_str130, i32 2, i32 2, i32 16, i32 16, [1 x i8]* @p_str131, [1 x i8]* @p_str132)"   --->   Operation 28 'specinterface' <Predicate = true> <Delay = 0.00>
ST_6 : Operation 29 [1/1] (0.00ns)   --->   "%empty_42 = call i32 (...)* @_ssdm_op_SpecChannel([26 x i8]* @fft_config_OC_data_O, i32 1, [1 x i8]* @p_str133, [1 x i8]* @p_str133, i32 2, i32 0, i16* %fft_config_data_V, i16* %fft_config_data_V)"   --->   Operation 29 'specchannel' 'empty_42' <Predicate = true> <Delay = 0.00>
ST_6 : Operation 30 [1/1] (0.00ns)   --->   "%empty_43 = call i32 (...)* @_ssdm_op_SpecChannel([3 x i8]* @xk_str, i32 1, [1 x i8]* @p_str85, [1 x i8]* @p_str85, i32 16384, i32 16384, i32* %xk_channel, i32* %xk_channel)"   --->   Operation 30 'specchannel' 'empty_43' <Predicate = true> <Delay = 0.00>
ST_6 : Operation 31 [1/1] (0.00ns)   --->   "call void (...)* @_ssdm_op_SpecInterface(i32* %xk_channel, [8 x i8]* @ap_fifo_str, i32 0, i32 0, [1 x i8]* @p_str86, i32 0, i32 0, [1 x i8]* @p_str87, [1 x i8]* @p_str88, [1 x i8]* @p_str89, i32 2, i32 2, i32 16, i32 16, [1 x i8]* @p_str90, [1 x i8]* @p_str91)"   --->   Operation 31 'specinterface' <Predicate = true> <Delay = 0.00>
ST_6 : Operation 32 [1/2] (3.63ns)   --->   "call fastcc void @dummy_proc_be.1(i8* %fft_status_data_V, i1* %ovflo, i32* %xk_channel, [16384 x i32]* %out_r)" [fft_top.cpp:186]   --->   Operation 32 'call' <Predicate = true> <Delay = 3.63> <CoreType = "Generic">   --->   Core 0 '' <Latency = 0> <II = 1> <Delay = 1.00> <Generic> <Opcode : >
ST_6 : Operation 33 [1/1] (0.00ns)   --->   "ret void" [fft_top.cpp:187]   --->   Operation 33 'ret' <Predicate = true> <Delay = 0.00>


============================================================
+ Verbose Summary: Binding
============================================================
STG Binding: 
---------------- STG Properties BEGIN ----------------
- Is combinational: 0
- Is one-state seq: 0
- Is datapath-only: 0
- Is pipelined: 0
- Is top level: 0
Port [ Return ] is wired: 1; IO mode=ap_ctrl_hs:ce=0
Port [ direction]:  wired=1; compound=0; hidden=0; nouse=0; global=0; static=0; extern=0; dir=0; type=0; pingpong=0; private_global=0; IO mode=ap_hs:ce=0
Port [ in_r]:  wired=1; compound=1; hidden=0; nouse=0; global=0; static=0; extern=0; dir=0; type=1; pingpong=0; private_global=0; MemPort=[13]; IO mode=ap_memory:ce=0
Port [ out_r]:  wired=1; compound=1; hidden=0; nouse=0; global=0; static=0; extern=0; dir=1; type=1; pingpong=0; private_global=0; MemPort=[03]; IO mode=ap_memory:ce=0
Port [ ovflo]:  wired=1; compound=0; hidden=0; nouse=0; global=0; static=0; extern=0; dir=1; type=0; pingpong=0; private_global=0; IO mode=ap_vld:ce=0
---------------- STG Properties END ------------------

---------------- Datapath Model BEGIN ----------------

<LifeTime>
<method=bitvector/>
direction_read             (read                  ) [ 0010000]
fft_status_data_V          (alloca                ) [ 0011111]
fft_config_data_V          (alloca                ) [ 0111111]
xk_channel                 (alloca                ) [ 0011111]
xn_channel                 (alloca                ) [ 0111111]
call_ln183                 (call                  ) [ 0000000]
call_ln185                 (call                  ) [ 0000000]
specbramwithbyteenable_ln0 (specbramwithbyteenable) [ 0000000]
specdataflowpipeline_ln177 (specdataflowpipeline  ) [ 0000000]
empty                      (specchannel           ) [ 0000000]
specinterface_ln0          (specinterface         ) [ 0000000]
empty_39                   (specchannel           ) [ 0000000]
specinterface_ln0          (specinterface         ) [ 0000000]
specinterface_ln172        (specinterface         ) [ 0000000]
empty_40                   (specchannel           ) [ 0000000]
specinterface_ln0          (specinterface         ) [ 0000000]
specinterface_ln0          (specinterface         ) [ 0000000]
empty_41                   (specchannel           ) [ 0000000]
specinterface_ln0          (specinterface         ) [ 0000000]
empty_42                   (specchannel           ) [ 0000000]
empty_43                   (specchannel           ) [ 0000000]
specinterface_ln0          (specinterface         ) [ 0000000]
call_ln186                 (call                  ) [ 0000000]
ret_ln187                  (ret                   ) [ 0000000]
</LifeTime>

<model>

<comp_list>
<comp id="0" class="1000" name="direction">
<pin_list>
<pin id="1" dir="1" index="0" bw="1" slack="0"/>
</pin_list>
<bind>
<StgValue><ssdm name="direction"/></StgValue>
</bind>
</comp>

<comp id="2" class="1000" name="in_r">
<pin_list>
<pin id="3" dir="1" index="0" bw="1" slack="0"/>
</pin_list>
<bind>
<StgValue><ssdm name="in_r"/><MemPortTyVec>1 3 </MemPortTyVec>
</StgValue>
</bind>
</comp>

<comp id="4" class="1000" name="out_r">
<pin_list>
<pin id="5" dir="1" index="0" bw="1" slack="0"/>
</pin_list>
<bind>
<StgValue><ssdm name="out_r"/><MemPortTyVec>0 3 </MemPortTyVec>
</StgValue>
</bind>
</comp>

<comp id="6" class="1000" name="ovflo">
<pin_list>
<pin id="7" dir="1" index="0" bw="1" slack="0"/>
</pin_list>
<bind>
<StgValue><ssdm name="ovflo"/></StgValue>
</bind>
</comp>

<comp id="8" class="1001" name="const_8">
<pin_list>
<pin id="9" dir="1" index="0" bw="1" slack="0"/>
</pin_list>
<bind>
<StgValue><ssdm name="_ssdm_op_Read.ap_hs.i1"/></StgValue>
</bind>
</comp>

<comp id="10" class="1001" name="const_10">
<pin_list>
<pin id="11" dir="1" index="0" bw="1" slack="0"/>
</pin_list>
<bind>
<StgValue><ssdm name=""/></StgValue>
</bind>
</comp>

<comp id="12" class="1001" name="const_12">
<pin_list>
<pin id="13" dir="1" index="0" bw="1" slack="0"/>
</pin_list>
<bind>
<StgValue><ssdm name="dummy_proc_fe.1"/></StgValue>
</bind>
</comp>

<comp id="14" class="1001" name="const_14">
<pin_list>
<pin id="15" dir="1" index="0" bw="1" slack="0"/>
</pin_list>
<bind>
<StgValue><ssdm name="fft<config1>"/></StgValue>
</bind>
</comp>

<comp id="16" class="1001" name="const_16">
<pin_list>
<pin id="17" dir="1" index="0" bw="1" slack="0"/>
</pin_list>
<bind>
<StgValue><ssdm name="dummy_proc_be.1"/></StgValue>
</bind>
</comp>

<comp id="18" class="1001" name="const_18">
<pin_list>
<pin id="19" dir="1" index="0" bw="1" slack="2147483647"/>
</pin_list>
<bind>
<StgValue><ssdm name="_ssdm_op_SpecBRAMWithByteEnable"/></StgValue>
</bind>
</comp>

<comp id="20" class="1001" name="const_20">
<pin_list>
<pin id="21" dir="1" index="0" bw="1" slack="2147483647"/>
</pin_list>
<bind>
<StgValue><ssdm name="_ssdm_op_SpecDataflowPipeline"/></StgValue>
</bind>
</comp>

<comp id="22" class="1001" name="const_22">
<pin_list>
<pin id="23" dir="1" index="0" bw="1" slack="2147483647"/>
</pin_list>
<bind>
<StgValue><ssdm name=""/></StgValue>
</bind>
</comp>

<comp id="24" class="1001" name="const_24">
<pin_list>
<pin id="25" dir="1" index="0" bw="1" slack="2147483647"/>
</pin_list>
<bind>
<StgValue><ssdm name=""/></StgValue>
</bind>
</comp>

<comp id="26" class="1001" name="const_26">
<pin_list>
<pin id="27" dir="1" index="0" bw="1" slack="2147483647"/>
</pin_list>
<bind>
<StgValue><ssdm name="p_str14"/></StgValue>
</bind>
</comp>

<comp id="28" class="1001" name="const_28">
<pin_list>
<pin id="29" dir="1" index="0" bw="1" slack="2147483647"/>
</pin_list>
<bind>
<StgValue><ssdm name="_ssdm_op_SpecChannel"/></StgValue>
</bind>
</comp>

<comp id="30" class="1001" name="const_30">
<pin_list>
<pin id="31" dir="1" index="0" bw="1" slack="2147483647"/>
</pin_list>
<bind>
<StgValue><ssdm name="xk_OC_channel_str"/></StgValue>
</bind>
</comp>

<comp id="32" class="1001" name="const_32">
<pin_list>
<pin id="33" dir="1" index="0" bw="1" slack="2147483647"/>
</pin_list>
<bind>
<StgValue><ssdm name=""/></StgValue>
</bind>
</comp>

<comp id="34" class="1001" name="const_34">
<pin_list>
<pin id="35" dir="1" index="0" bw="1" slack="2147483647"/>
</pin_list>
<bind>
<StgValue><ssdm name="p_str142"/></StgValue>
</bind>
</comp>

<comp id="36" class="1001" name="const_36">
<pin_list>
<pin id="37" dir="1" index="0" bw="1" slack="2147483647"/>
</pin_list>
<bind>
<StgValue><ssdm name=""/></StgValue>
</bind>
</comp>

<comp id="38" class="1001" name="const_38">
<pin_list>
<pin id="39" dir="1" index="0" bw="1" slack="2147483647"/>
</pin_list>
<bind>
<StgValue><ssdm name="_ssdm_op_SpecInterface"/></StgValue>
</bind>
</comp>

<comp id="40" class="1001" name="const_40">
<pin_list>
<pin id="41" dir="1" index="0" bw="1" slack="2147483647"/>
</pin_list>
<bind>
<StgValue><ssdm name="ap_fifo_str"/></StgValue>
</bind>
</comp>

<comp id="42" class="1001" name="const_42">
<pin_list>
<pin id="43" dir="1" index="0" bw="1" slack="2147483647"/>
</pin_list>
<bind>
<StgValue><ssdm name="p_str143"/></StgValue>
</bind>
</comp>

<comp id="44" class="1001" name="const_44">
<pin_list>
<pin id="45" dir="1" index="0" bw="1" slack="2147483647"/>
</pin_list>
<bind>
<StgValue><ssdm name="p_str144"/></StgValue>
</bind>
</comp>

<comp id="46" class="1001" name="const_46">
<pin_list>
<pin id="47" dir="1" index="0" bw="1" slack="2147483647"/>
</pin_list>
<bind>
<StgValue><ssdm name="p_str145"/></StgValue>
</bind>
</comp>

<comp id="48" class="1001" name="const_48">
<pin_list>
<pin id="49" dir="1" index="0" bw="1" slack="2147483647"/>
</pin_list>
<bind>
<StgValue><ssdm name="p_str146"/></StgValue>
</bind>
</comp>

<comp id="50" class="1001" name="const_50">
<pin_list>
<pin id="51" dir="1" index="0" bw="1" slack="2147483647"/>
</pin_list>
<bind>
<StgValue><ssdm name=""/></StgValue>
</bind>
</comp>

<comp id="52" class="1001" name="const_52">
<pin_list>
<pin id="53" dir="1" index="0" bw="1" slack="2147483647"/>
</pin_list>
<bind>
<StgValue><ssdm name=""/></StgValue>
</bind>
</comp>

<comp id="54" class="1001" name="const_54">
<pin_list>
<pin id="55" dir="1" index="0" bw="1" slack="2147483647"/>
</pin_list>
<bind>
<StgValue><ssdm name="p_str149"/></StgValue>
</bind>
</comp>

<comp id="56" class="1001" name="const_56">
<pin_list>
<pin id="57" dir="1" index="0" bw="1" slack="2147483647"/>
</pin_list>
<bind>
<StgValue><ssdm name="p_str150"/></StgValue>
</bind>
</comp>

<comp id="58" class="1001" name="const_58">
<pin_list>
<pin id="59" dir="1" index="0" bw="1" slack="2147483647"/>
</pin_list>
<bind>
<StgValue><ssdm name="xn_OC_channel_str"/></StgValue>
</bind>
</comp>

<comp id="60" class="1001" name="const_60">
<pin_list>
<pin id="61" dir="1" index="0" bw="1" slack="2147483647"/>
</pin_list>
<bind>
<StgValue><ssdm name="p_str135"/></StgValue>
</bind>
</comp>

<comp id="62" class="1001" name="const_62">
<pin_list>
<pin id="63" dir="1" index="0" bw="1" slack="2147483647"/>
</pin_list>
<bind>
<StgValue><ssdm name="p_str136"/></StgValue>
</bind>
</comp>

<comp id="64" class="1001" name="const_64">
<pin_list>
<pin id="65" dir="1" index="0" bw="1" slack="2147483647"/>
</pin_list>
<bind>
<StgValue><ssdm name="p_str137"/></StgValue>
</bind>
</comp>

<comp id="66" class="1001" name="const_66">
<pin_list>
<pin id="67" dir="1" index="0" bw="1" slack="2147483647"/>
</pin_list>
<bind>
<StgValue><ssdm name="p_str138"/></StgValue>
</bind>
</comp>

<comp id="68" class="1001" name="const_68">
<pin_list>
<pin id="69" dir="1" index="0" bw="1" slack="2147483647"/>
</pin_list>
<bind>
<StgValue><ssdm name="p_str139"/></StgValue>
</bind>
</comp>

<comp id="70" class="1001" name="const_70">
<pin_list>
<pin id="71" dir="1" index="0" bw="1" slack="2147483647"/>
</pin_list>
<bind>
<StgValue><ssdm name="p_str140"/></StgValue>
</bind>
</comp>

<comp id="72" class="1001" name="const_72">
<pin_list>
<pin id="73" dir="1" index="0" bw="1" slack="2147483647"/>
</pin_list>
<bind>
<StgValue><ssdm name="p_str141"/></StgValue>
</bind>
</comp>

<comp id="74" class="1001" name="const_74">
<pin_list>
<pin id="75" dir="1" index="0" bw="1" slack="2147483647"/>
</pin_list>
<bind>
<StgValue><ssdm name="p_str3"/></StgValue>
</bind>
</comp>

<comp id="76" class="1001" name="const_76">
<pin_list>
<pin id="77" dir="1" index="0" bw="1" slack="2147483647"/>
</pin_list>
<bind>
<StgValue><ssdm name="xn_str"/></StgValue>
</bind>
</comp>

<comp id="78" class="1001" name="const_78">
<pin_list>
<pin id="79" dir="1" index="0" bw="1" slack="2147483647"/>
</pin_list>
<bind>
<StgValue><ssdm name="p_str77"/></StgValue>
</bind>
</comp>

<comp id="80" class="1001" name="const_80">
<pin_list>
<pin id="81" dir="1" index="0" bw="1" slack="2147483647"/>
</pin_list>
<bind>
<StgValue><ssdm name="p_str78"/></StgValue>
</bind>
</comp>

<comp id="82" class="1001" name="const_82">
<pin_list>
<pin id="83" dir="1" index="0" bw="1" slack="2147483647"/>
</pin_list>
<bind>
<StgValue><ssdm name="p_str79"/></StgValue>
</bind>
</comp>

<comp id="84" class="1001" name="const_84">
<pin_list>
<pin id="85" dir="1" index="0" bw="1" slack="2147483647"/>
</pin_list>
<bind>
<StgValue><ssdm name="p_str80"/></StgValue>
</bind>
</comp>

<comp id="86" class="1001" name="const_86">
<pin_list>
<pin id="87" dir="1" index="0" bw="1" slack="2147483647"/>
</pin_list>
<bind>
<StgValue><ssdm name="p_str81"/></StgValue>
</bind>
</comp>

<comp id="88" class="1001" name="const_88">
<pin_list>
<pin id="89" dir="1" index="0" bw="1" slack="2147483647"/>
</pin_list>
<bind>
<StgValue><ssdm name="p_str82"/></StgValue>
</bind>
</comp>

<comp id="90" class="1001" name="const_90">
<pin_list>
<pin id="91" dir="1" index="0" bw="1" slack="2147483647"/>
</pin_list>
<bind>
<StgValue><ssdm name="p_str83"/></StgValue>
</bind>
</comp>

<comp id="92" class="1001" name="const_92">
<pin_list>
<pin id="93" dir="1" index="0" bw="1" slack="2147483647"/>
</pin_list>
<bind>
<StgValue><ssdm name="p_str120"/></StgValue>
</bind>
</comp>

<comp id="94" class="1001" name="const_94">
<pin_list>
<pin id="95" dir="1" index="0" bw="1" slack="2147483647"/>
</pin_list>
<bind>
<StgValue><ssdm name="p_str121"/></StgValue>
</bind>
</comp>

<comp id="96" class="1001" name="const_96">
<pin_list>
<pin id="97" dir="1" index="0" bw="1" slack="2147483647"/>
</pin_list>
<bind>
<StgValue><ssdm name="p_str122"/></StgValue>
</bind>
</comp>

<comp id="98" class="1001" name="const_98">
<pin_list>
<pin id="99" dir="1" index="0" bw="1" slack="2147483647"/>
</pin_list>
<bind>
<StgValue><ssdm name="p_str123"/></StgValue>
</bind>
</comp>

<comp id="100" class="1001" name="const_100">
<pin_list>
<pin id="101" dir="1" index="0" bw="1" slack="2147483647"/>
</pin_list>
<bind>
<StgValue><ssdm name="p_str124"/></StgValue>
</bind>
</comp>

<comp id="102" class="1001" name="const_102">
<pin_list>
<pin id="103" dir="1" index="0" bw="1" slack="2147483647"/>
</pin_list>
<bind>
<StgValue><ssdm name="p_str125"/></StgValue>
</bind>
</comp>

<comp id="104" class="1001" name="const_104">
<pin_list>
<pin id="105" dir="1" index="0" bw="1" slack="2147483647"/>
</pin_list>
<bind>
<StgValue><ssdm name="fft_status_OC_data_O"/></StgValue>
</bind>
</comp>

<comp id="106" class="1001" name="const_106">
<pin_list>
<pin id="107" dir="1" index="0" bw="1" slack="2147483647"/>
</pin_list>
<bind>
<StgValue><ssdm name="p_str126"/></StgValue>
</bind>
</comp>

<comp id="108" class="1001" name="const_108">
<pin_list>
<pin id="109" dir="1" index="0" bw="1" slack="2147483647"/>
</pin_list>
<bind>
<StgValue><ssdm name="p_str127"/></StgValue>
</bind>
</comp>

<comp id="110" class="1001" name="const_110">
<pin_list>
<pin id="111" dir="1" index="0" bw="1" slack="2147483647"/>
</pin_list>
<bind>
<StgValue><ssdm name="p_str128"/></StgValue>
</bind>
</comp>

<comp id="112" class="1001" name="const_112">
<pin_list>
<pin id="113" dir="1" index="0" bw="1" slack="2147483647"/>
</pin_list>
<bind>
<StgValue><ssdm name="p_str129"/></StgValue>
</bind>
</comp>

<comp id="114" class="1001" name="const_114">
<pin_list>
<pin id="115" dir="1" index="0" bw="1" slack="2147483647"/>
</pin_list>
<bind>
<StgValue><ssdm name="p_str130"/></StgValue>
</bind>
</comp>

<comp id="116" class="1001" name="const_116">
<pin_list>
<pin id="117" dir="1" index="0" bw="1" slack="2147483647"/>
</pin_list>
<bind>
<StgValue><ssdm name="p_str131"/></StgValue>
</bind>
</comp>

<comp id="118" class="1001" name="const_118">
<pin_list>
<pin id="119" dir="1" index="0" bw="1" slack="2147483647"/>
</pin_list>
<bind>
<StgValue><ssdm name="p_str132"/></StgValue>
</bind>
</comp>

<comp id="120" class="1001" name="const_120">
<pin_list>
<pin id="121" dir="1" index="0" bw="1" slack="2147483647"/>
</pin_list>
<bind>
<StgValue><ssdm name="fft_config_OC_data_O"/></StgValue>
</bind>
</comp>

<comp id="122" class="1001" name="const_122">
<pin_list>
<pin id="123" dir="1" index="0" bw="1" slack="2147483647"/>
</pin_list>
<bind>
<StgValue><ssdm name="p_str133"/></StgValue>
</bind>
</comp>

<comp id="124" class="1001" name="const_124">
<pin_list>
<pin id="125" dir="1" index="0" bw="1" slack="2147483647"/>
</pin_list>
<bind>
<StgValue><ssdm name="xk_str"/></StgValue>
</bind>
</comp>

<comp id="126" class="1001" name="const_126">
<pin_list>
<pin id="127" dir="1" index="0" bw="1" slack="2147483647"/>
</pin_list>
<bind>
<StgValue><ssdm name="p_str85"/></StgValue>
</bind>
</comp>

<comp id="128" class="1001" name="const_128">
<pin_list>
<pin id="129" dir="1" index="0" bw="1" slack="2147483647"/>
</pin_list>
<bind>
<StgValue><ssdm name="p_str86"/></StgValue>
</bind>
</comp>

<comp id="130" class="1001" name="const_130">
<pin_list>
<pin id="131" dir="1" index="0" bw="1" slack="2147483647"/>
</pin_list>
<bind>
<StgValue><ssdm name="p_str87"/></StgValue>
</bind>
</comp>

<comp id="132" class="1001" name="const_132">
<pin_list>
<pin id="133" dir="1" index="0" bw="1" slack="2147483647"/>
</pin_list>
<bind>
<StgValue><ssdm name="p_str88"/></StgValue>
</bind>
</comp>

<comp id="134" class="1001" name="const_134">
<pin_list>
<pin id="135" dir="1" index="0" bw="1" slack="2147483647"/>
</pin_list>
<bind>
<StgValue><ssdm name="p_str89"/></StgValue>
</bind>
</comp>

<comp id="136" class="1001" name="const_136">
<pin_list>
<pin id="137" dir="1" index="0" bw="1" slack="2147483647"/>
</pin_list>
<bind>
<StgValue><ssdm name="p_str90"/></StgValue>
</bind>
</comp>

<comp id="138" class="1001" name="const_138">
<pin_list>
<pin id="139" dir="1" index="0" bw="1" slack="2147483647"/>
</pin_list>
<bind>
<StgValue><ssdm name="p_str91"/></StgValue>
</bind>
</comp>

<comp id="140" class="1004" name="fft_status_data_V_fu_140">
<pin_list>
<pin id="141" dir="0" index="0" bw="1" slack="0"/>
<pin id="142" dir="1" index="1" bw="8" slack="2"/>
</pin_list>
<bind>
<opcode="alloca(26) " fcode="alloca"/>
<opset="fft_status_data_V/1 "/>
</bind>
</comp>

<comp id="144" class="1004" name="fft_config_data_V_fu_144">
<pin_list>
<pin id="145" dir="0" index="0" bw="1" slack="0"/>
<pin id="146" dir="1" index="1" bw="16" slack="0"/>
</pin_list>
<bind>
<opcode="alloca(26) " fcode="alloca"/>
<opset="fft_config_data_V/1 "/>
</bind>
</comp>

<comp id="148" class="1004" name="xk_channel_fu_148">
<pin_list>
<pin id="149" dir="0" index="0" bw="1" slack="0"/>
<pin id="150" dir="1" index="1" bw="32" slack="2"/>
</pin_list>
<bind>
<opcode="alloca(26) " fcode="alloca"/>
<opset="xk_channel/1 "/>
</bind>
</comp>

<comp id="152" class="1004" name="xn_channel_fu_152">
<pin_list>
<pin id="153" dir="0" index="0" bw="1" slack="0"/>
<pin id="154" dir="1" index="1" bw="32" slack="0"/>
</pin_list>
<bind>
<opcode="alloca(26) " fcode="alloca"/>
<opset="xn_channel/1 "/>
</bind>
</comp>

<comp id="156" class="1004" name="direction_read_read_fu_156">
<pin_list>
<pin id="157" dir="0" index="0" bw="1" slack="0"/>
<pin id="158" dir="0" index="1" bw="1" slack="0"/>
<pin id="159" dir="1" index="2" bw="1" slack="0"/>
</pin_list>
<bind>
<opcode="read(1150) " fcode="read"/>
<opset="direction_read/1 "/>
</bind>
</comp>

<comp id="162" class="1004" name="grp_dummy_proc_fe_1_fu_162">
<pin_list>
<pin id="163" dir="0" index="0" bw="0" slack="0"/>
<pin id="164" dir="0" index="1" bw="1" slack="0"/>
<pin id="165" dir="0" index="2" bw="16" slack="0"/>
<pin id="166" dir="0" index="3" bw="32" slack="0"/>
<pin id="167" dir="0" index="4" bw="32" slack="0"/>
<pin id="168" dir="1" index="5" bw="0" slack="2147483647"/>
</pin_list>
<bind>
<opcode="call(48) " fcode="call"/>
<opset="call_ln183/1 "/>
</bind>
</comp>

<comp id="172" class="1004" name="grp_dummy_proc_be_1_fu_172">
<pin_list>
<pin id="173" dir="0" index="0" bw="0" slack="0"/>
<pin id="174" dir="0" index="1" bw="8" slack="4"/>
<pin id="175" dir="0" index="2" bw="1" slack="0"/>
<pin id="176" dir="0" index="3" bw="32" slack="4"/>
<pin id="177" dir="0" index="4" bw="32" slack="0"/>
<pin id="178" dir="1" index="5" bw="0" slack="2147483647"/>
</pin_list>
<bind>
<opcode="call(48) " fcode="call"/>
<opset="call_ln186/5 "/>
</bind>
</comp>

<comp id="182" class="1004" name="grp_fft_config1_s_fu_182">
<pin_list>
<pin id="183" dir="0" index="0" bw="0" slack="0"/>
<pin id="184" dir="0" index="1" bw="32" slack="2"/>
<pin id="185" dir="0" index="2" bw="32" slack="2"/>
<pin id="186" dir="0" index="3" bw="8" slack="2"/>
<pin id="187" dir="0" index="4" bw="16" slack="2"/>
<pin id="188" dir="1" index="5" bw="0" slack="2147483647"/>
</pin_list>
<bind>
<opcode="call(48) " fcode="call"/>
<opset="call_ln185/3 "/>
</bind>
</comp>

<comp id="190" class="1005" name="direction_read_reg_190">
<pin_list>
<pin id="191" dir="0" index="0" bw="1" slack="1"/>
<pin id="192" dir="1" index="1" bw="1" slack="1"/>
</pin_list>
<bind>
<opset="direction_read "/>
</bind>
</comp>

<comp id="195" class="1005" name="fft_status_data_V_reg_195">
<pin_list>
<pin id="196" dir="0" index="0" bw="8" slack="2"/>
<pin id="197" dir="1" index="1" bw="8" slack="2"/>
</pin_list>
<bind>
<opset="fft_status_data_V "/>
</bind>
</comp>

<comp id="201" class="1005" name="fft_config_data_V_reg_201">
<pin_list>
<pin id="202" dir="0" index="0" bw="16" slack="0"/>
<pin id="203" dir="1" index="1" bw="16" slack="0"/>
</pin_list>
<bind>
<opset="fft_config_data_V "/>
</bind>
</comp>

<comp id="207" class="1005" name="xk_channel_reg_207">
<pin_list>
<pin id="208" dir="0" index="0" bw="32" slack="2"/>
<pin id="209" dir="1" index="1" bw="32" slack="2"/>
</pin_list>
<bind>
<opset="xk_channel "/>
</bind>
</comp>

<comp id="213" class="1005" name="xn_channel_reg_213">
<pin_list>
<pin id="214" dir="0" index="0" bw="32" slack="0"/>
<pin id="215" dir="1" index="1" bw="32" slack="0"/>
</pin_list>
<bind>
<opset="xn_channel "/>
</bind>
</comp>

</comp_list>

<net_list>
<net id="143"><net_src comp="10" pin="0"/><net_sink comp="140" pin=0"/></net>

<net id="147"><net_src comp="10" pin="0"/><net_sink comp="144" pin=0"/></net>

<net id="151"><net_src comp="10" pin="0"/><net_sink comp="148" pin=0"/></net>

<net id="155"><net_src comp="10" pin="0"/><net_sink comp="152" pin=0"/></net>

<net id="160"><net_src comp="8" pin="0"/><net_sink comp="156" pin=0"/></net>

<net id="161"><net_src comp="0" pin="0"/><net_sink comp="156" pin=1"/></net>

<net id="169"><net_src comp="12" pin="0"/><net_sink comp="162" pin=0"/></net>

<net id="170"><net_src comp="156" pin="2"/><net_sink comp="162" pin=1"/></net>

<net id="171"><net_src comp="2" pin="0"/><net_sink comp="162" pin=3"/></net>

<net id="179"><net_src comp="16" pin="0"/><net_sink comp="172" pin=0"/></net>

<net id="180"><net_src comp="6" pin="0"/><net_sink comp="172" pin=2"/></net>

<net id="181"><net_src comp="4" pin="0"/><net_sink comp="172" pin=4"/></net>

<net id="189"><net_src comp="14" pin="0"/><net_sink comp="182" pin=0"/></net>

<net id="193"><net_src comp="156" pin="2"/><net_sink comp="190" pin=0"/></net>

<net id="194"><net_src comp="190" pin="1"/><net_sink comp="162" pin=1"/></net>

<net id="198"><net_src comp="140" pin="1"/><net_sink comp="195" pin=0"/></net>

<net id="199"><net_src comp="195" pin="1"/><net_sink comp="182" pin=3"/></net>

<net id="200"><net_src comp="195" pin="1"/><net_sink comp="172" pin=1"/></net>

<net id="204"><net_src comp="144" pin="1"/><net_sink comp="201" pin=0"/></net>

<net id="205"><net_src comp="201" pin="1"/><net_sink comp="162" pin=2"/></net>

<net id="206"><net_src comp="201" pin="1"/><net_sink comp="182" pin=4"/></net>

<net id="210"><net_src comp="148" pin="1"/><net_sink comp="207" pin=0"/></net>

<net id="211"><net_src comp="207" pin="1"/><net_sink comp="182" pin=2"/></net>

<net id="212"><net_src comp="207" pin="1"/><net_sink comp="172" pin=3"/></net>

<net id="216"><net_src comp="152" pin="1"/><net_sink comp="213" pin=0"/></net>

<net id="217"><net_src comp="213" pin="1"/><net_sink comp="162" pin=4"/></net>

<net id="218"><net_src comp="213" pin="1"/><net_sink comp="182" pin=1"/></net>

</net_list>

</model> 
---------------- Datapath Model END ------------------

* FSMD analyzer results:
  - Output states:
	Port: out_r | {5 6 }
	Port: ovflo | {5 6 }
 - Input state : 
	Port: fft_top : direction | {1 }
	Port: fft_top : in_r | {1 2 }
  - Chain level:
	State 1
		call_ln183 : 1
	State 2
	State 3
	State 4
	State 5
	State 6


============================================================
+ Verbose Summary: Datapath Resource usage 
============================================================

* Functional unit list:
|----------|----------------------------|---------|---------|---------|---------|---------|
| Operation|       Functional Unit      |   BRAM  |  DSP48E |  Delay  |    FF   |   LUT   |
|----------|----------------------------|---------|---------|---------|---------|---------|
|          | grp_dummy_proc_fe_1_fu_162 |    0    |    0    |  1.769  |    44   |    43   |
|   call   | grp_dummy_proc_be_1_fu_172 |    0    |    0    |    0    |    30   |    34   |
|          |  grp_fft_config1_s_fu_182  |    3    |    12   |    0    |   9883  |   7835  |
|----------|----------------------------|---------|---------|---------|---------|---------|
|   read   | direction_read_read_fu_156 |    0    |    0    |    0    |    0    |    0    |
|----------|----------------------------|---------|---------|---------|---------|---------|
|   Total  |                            |    3    |    12   |  1.769  |   9957  |   7912  |
|----------|----------------------------|---------|---------|---------|---------|---------|

Memories:
N/A

* Register list:
+-------------------------+--------+
|                         |   FF   |
+-------------------------+--------+
|  direction_read_reg_190 |    1   |
|fft_config_data_V_reg_201|   16   |
|fft_status_data_V_reg_195|    8   |
|    xk_channel_reg_207   |   32   |
|    xn_channel_reg_213   |   32   |
+-------------------------+--------+
|          Total          |   89   |
+-------------------------+--------+

* Multiplexer (MUX) list: 
|----------------------------|------|------|------|--------||---------||---------|
|            Comp            |  Pin | Size |  BW  | S x BW ||  Delay  ||   LUT   |
|----------------------------|------|------|------|--------||---------||---------|
| grp_dummy_proc_fe_1_fu_162 |  p1  |   2  |   1  |    2   ||    9    |
|----------------------------|------|------|------|--------||---------||---------|
|            Total           |      |      |      |    2   ||  1.769  ||    9    |
|----------------------------|------|------|------|--------||---------||---------|



* Summary:
+-----------+--------+--------+--------+--------+--------+
|           |  BRAM  | DSP48E |  Delay |   FF   |   LUT  |
+-----------+--------+--------+--------+--------+--------+
|  Function |    3   |   12   |    1   |  9957  |  7912  |
|   Memory  |    -   |    -   |    -   |    -   |    -   |
|Multiplexer|    -   |    -   |    1   |    -   |    9   |
|  Register |    -   |    -   |    -   |   89   |    -   |
+-----------+--------+--------+--------+--------+--------+
|   Total   |    3   |   12   |    3   |  10046 |  7921  |
+-----------+--------+--------+--------+--------+--------+
