

================================================================
== Vivado HLS Report for 'cross_channel_deblur'
================================================================
* Date:           Fri Jan  8 20:55:11 2021

* Version:        2019.2 (Build 2704478 on Wed Nov 06 22:10:23 MST 2019)
* Project:        ISPfinal
* Solution:       solution1
* Product family: zynq
* Target device:  xc7z020-clg400-1


================================================================
== Performance Estimates
================================================================
+ Timing: 
    * Summary: 
    +--------+----------+----------+------------+
    |  Clock |  Target  | Estimated| Uncertainty|
    +--------+----------+----------+------------+
    |ap_clk  | 10.00 ns | 8.750 ns |   1.25 ns  |
    +--------+----------+----------+------------+

+ Latency: 
    * Summary: 
    +----------+----------+-----------+-----------+----------+----------+---------+
    |   Latency (cycles)  |   Latency (absolute)  |       Interval      | Pipeline|
    |    min   |    max   |    min    |    max    |    min   |    max   |   Type  |
    +----------+----------+-----------+-----------+----------+----------+---------+
    |  38596562|  38596562| 0.386 sec | 0.386 sec |  38596562|  38596562|   none  |
    +----------+----------+-----------+-----------+----------+----------+---------+

    + Detail: 
        * Instance: 
        +-------------------------+--------------+---------+---------+----------+----------+--------+--------+---------+
        |                         |              |  Latency (cycles) |  Latency (absolute) |     Interval    | Pipeline|
        |         Instance        |    Module    |   min   |   max   |    min   |    max   |   min  |   max  |   Type  |
        +-------------------------+--------------+---------+---------+----------+----------+--------+--------+---------+
        |grp_my_filter_v1_fu_253  |my_filter_v1  |   639826|   639826| 6.398 ms | 6.398 ms |  639826|  639826|   none  |
        |grp_ProxGS_fu_267        |ProxGS        |   114720|   114720| 1.147 ms | 1.147 ms |  114720|  114720|   none  |
        |grp_Relax_fu_278         |Relax         |    16396|    16396| 0.164 ms | 0.164 ms |   16396|   16396|   none  |
        |grp_array_copy_fu_285    |array_copy    |    16386|    16386| 0.164 ms | 0.164 ms |   16386|   16386|   none  |
        +-------------------------+--------------+---------+---------+----------+----------+--------+--------+---------+

        * Loop: 
        +-----------------+----------+----------+----------+-----------+-----------+-------+----------+
        |                 |   Latency (cycles)  | Iteration|  Initiation Interval  |  Trip |          |
        |    Loop Name    |    min   |    max   |  Latency |  achieved |   target  | Count | Pipelined|
        +-----------------+----------+----------+----------+-----------+-----------+-------+----------+
        |- for_y_for_x    |     16384|     16384|         1|          1|          1|  16384|    yes   |
        |- for_iteration  |  38547400|  38547400|    770948|          -|          -|     50|    no    |
        +-----------------+----------+----------+----------+-----------+-----------+-------+----------+



================================================================
== Utilization Estimates
================================================================
* Summary: 
+-----------------+---------+-------+--------+-------+-----+
|       Name      | BRAM_18K| DSP48E|   FF   |  LUT  | URAM|
+-----------------+---------+-------+--------+-------+-----+
|DSP              |        -|      -|       -|      -|    -|
|Expression       |        -|      -|       0|    144|    -|
|FIFO             |        -|      -|       -|      -|    -|
|Instance         |      347|     72|   23798|  33965|    0|
|Memory           |       80|      -|       0|      0|    0|
|Multiplexer      |        -|      -|       -|    866|    -|
|Register         |        -|      -|      59|      -|    -|
+-----------------+---------+-------+--------+-------+-----+
|Total            |      427|     72|   23857|  34975|    0|
+-----------------+---------+-------+--------+-------+-----+
|Available        |      280|    220|  106400|  53200|    0|
+-----------------+---------+-------+--------+-------+-----+
|Utilization (%)  |      152|     32|      22|     65|    0|
+-----------------+---------+-------+--------+-------+-----+

+ Detail: 
    * Instance: 
    +-------------------------+--------------+---------+-------+-------+-------+-----+
    |         Instance        |    Module    | BRAM_18K| DSP48E|   FF  |  LUT  | URAM|
    +-------------------------+--------------+---------+-------+-------+-------+-----+
    |grp_ProxGS_fu_267        |ProxGS        |      163|     12|  12195|  11837|    0|
    |grp_Relax_fu_278         |Relax         |        0|      0|    867|   1288|    0|
    |grp_array_copy_fu_285    |array_copy    |        0|      0|     61|    192|    0|
    |grp_my_filter_v1_fu_253  |my_filter_v1  |      184|     60|  10675|  20648|    0|
    +-------------------------+--------------+---------+-------+-------+-------+-----+
    |Total                    |              |      347|     72|  23798|  33965|    0|
    +-------------------------+--------------+---------+-------+-------+-------+-----+

    * DSP48E: 
    N/A

    * Memory: 
    +-----------+----------------------+---------+---+----+-----+-------+-----+------+-------------+
    |   Memory  |        Module        | BRAM_18K| FF| LUT| URAM| Words | Bits| Banks| W*Bits*Banks|
    +-----------+----------------------+---------+---+----+-----+-------+-----+------+-------------+
    |x_bar_V_U  |cross_channel_debocq  |        8|  0|   0|    0|  16384|    8|     1|       131072|
    |y_1_V_U    |cross_channel_debocq  |        8|  0|   0|    0|  16384|    8|     1|       131072|
    |y_2_V_U    |cross_channel_debocq  |        8|  0|   0|    0|  16384|    8|     1|       131072|
    |y_3_V_U    |cross_channel_debocq  |        8|  0|   0|    0|  16384|    8|     1|       131072|
    |y_4_V_U    |cross_channel_debocq  |        8|  0|   0|    0|  16384|    8|     1|       131072|
    |y_5_V_U    |cross_channel_debocq  |        8|  0|   0|    0|  16384|    8|     1|       131072|
    |y_6_V_U    |cross_channel_debocq  |        8|  0|   0|    0|  16384|    8|     1|       131072|
    |y_7_V_U    |cross_channel_debocq  |        8|  0|   0|    0|  16384|    8|     1|       131072|
    |x_old_V_U  |my_filter_v1_fxx      |        8|  0|   0|    0|  16384|    8|     1|       131072|
    |x_V_U      |my_filter_v1_fxx      |        8|  0|   0|    0|  16384|    8|     1|       131072|
    +-----------+----------------------+---------+---+----+-----+-------+-----+------+-------------+
    |Total      |                      |       80|  0|   0|    0| 163840|   80|    10|      1310720|
    +-----------+----------------------+---------+---+----+-----+-------+-----+------+-------------+

    * FIFO: 
    N/A

    * Expression: 
    +---------------------------------+----------+-------+---+----+------------+------------+
    |          Variable Name          | Operation| DSP48E| FF| LUT| Bitwidth P0| Bitwidth P1|
    +---------------------------------+----------+-------+---+----+------------+------------+
    |add_ln180_fu_349_p2              |     +    |      0|  0|  23|          16|          16|
    |add_ln25_fu_299_p2               |     +    |      0|  0|  21|          15|           1|
    |k_fu_378_p2                      |     +    |      0|  0|  15|           6|           1|
    |x_fu_366_p2                      |     +    |      0|  0|  15|           8|           1|
    |y_fu_305_p2                      |     +    |      0|  0|  15|           8|           1|
    |icmp_ln25_fu_293_p2              |   icmp   |      0|  0|  13|          15|          16|
    |icmp_ln27_fu_311_p2              |   icmp   |      0|  0|  13|           8|           9|
    |icmp_ln62_fu_372_p2              |   icmp   |      0|  0|  11|           6|           5|
    |ap_block_state8_on_subcall_done  |    or    |      0|  0|   2|           1|           1|
    |select_ln30_1_fu_325_p3          |  select  |      0|  0|   8|           1|           8|
    |select_ln30_fu_317_p3            |  select  |      0|  0|   8|           1|           1|
    +---------------------------------+----------+-------+---+----+------------+------------+
    |Total                            |          |      0|  0| 144|          85|          60|
    +---------------------------------+----------+-------+---+----+------------+------------+

    * Multiplexer: 
    +------------------------------------+----+-----------+-----+-----------+
    |                Name                | LUT| Input Size| Bits| Total Bits|
    +------------------------------------+----+-----------+-----+-----------+
    |Img_V_ce0                           |   9|          2|    1|          2|
    |ap_NS_fsm                           |  56|         13|    1|         13|
    |grp_array_copy_fu_285_data_in_V_q0  |  15|          3|    8|         24|
    |indvar_flatten_reg_209              |   9|          2|   15|         30|
    |k_0_reg_242                         |   9|          2|    6|         12|
    |x_0_i_reg_231                       |   9|          2|    8|         16|
    |x_V_address0                        |  21|          4|   14|         56|
    |x_V_ce0                             |  21|          4|    1|          4|
    |x_V_we0                             |   9|          2|    1|          2|
    |x_bar_V_address0                    |  27|          5|   14|         70|
    |x_bar_V_ce0                         |  27|          5|    1|          5|
    |x_bar_V_ce1                         |   9|          2|    1|          2|
    |x_bar_V_d0                          |  21|          4|    8|         32|
    |x_bar_V_we0                         |  21|          4|    1|          4|
    |x_bar_V_we1                         |   9|          2|    1|          2|
    |x_old_V_address0                    |  15|          3|   14|         42|
    |x_old_V_ce0                         |  15|          3|    1|          3|
    |x_old_V_we0                         |   9|          2|    1|          2|
    |y_0_i_reg_220                       |   9|          2|    8|         16|
    |y_1_V_address0                      |  15|          3|   14|         42|
    |y_1_V_ce0                           |  15|          3|    1|          3|
    |y_1_V_ce1                           |   9|          2|    1|          2|
    |y_1_V_d0                            |  15|          3|    8|         24|
    |y_1_V_we0                           |  15|          3|    1|          3|
    |y_1_V_we1                           |   9|          2|    1|          2|
    |y_2_V_address0                      |  15|          3|   14|         42|
    |y_2_V_ce0                           |  15|          3|    1|          3|
    |y_2_V_ce1                           |   9|          2|    1|          2|
    |y_2_V_d0                            |  15|          3|    8|         24|
    |y_2_V_we0                           |  15|          3|    1|          3|
    |y_2_V_we1                           |   9|          2|    1|          2|
    |y_3_V_address0                      |  15|          3|   14|         42|
    |y_3_V_ce0                           |  15|          3|    1|          3|
    |y_3_V_ce1                           |   9|          2|    1|          2|
    |y_3_V_d0                            |  15|          3|    8|         24|
    |y_3_V_we0                           |  15|          3|    1|          3|
    |y_3_V_we1                           |   9|          2|    1|          2|
    |y_4_V_address0                      |  15|          3|   14|         42|
    |y_4_V_ce0                           |  15|          3|    1|          3|
    |y_4_V_ce1                           |   9|          2|    1|          2|
    |y_4_V_d0                            |  15|          3|    8|         24|
    |y_4_V_we0                           |  15|          3|    1|          3|
    |y_4_V_we1                           |   9|          2|    1|          2|
    |y_5_V_address0                      |  15|          3|   14|         42|
    |y_5_V_ce0                           |  15|          3|    1|          3|
    |y_5_V_ce1                           |   9|          2|    1|          2|
    |y_5_V_d0                            |  15|          3|    8|         24|
    |y_5_V_we0                           |  15|          3|    1|          3|
    |y_5_V_we1                           |   9|          2|    1|          2|
    |y_6_V_address0                      |  15|          3|   14|         42|
    |y_6_V_ce0                           |  15|          3|    1|          3|
    |y_6_V_ce1                           |   9|          2|    1|          2|
    |y_6_V_d0                            |  15|          3|    8|         24|
    |y_6_V_we0                           |  15|          3|    1|          3|
    |y_6_V_we1                           |   9|          2|    1|          2|
    |y_7_V_address0                      |  15|          3|   14|         42|
    |y_7_V_ce0                           |  15|          3|    1|          3|
    |y_7_V_ce1                           |   9|          2|    1|          2|
    |y_7_V_d0                            |  15|          3|    8|         24|
    |y_7_V_we0                           |  15|          3|    1|          3|
    |y_7_V_we1                           |   9|          2|    1|          2|
    +------------------------------------+----+-----------+-----+-----------+
    |Total                               | 866|        178|  287|        869|
    +------------------------------------+----+-----------+-----+-----------+

    * Register: 
    +--------------------------------------+----+----+-----+-----------+
    |                 Name                 | FF | LUT| Bits| Const Bits|
    +--------------------------------------+----+----+-----+-----------+
    |ap_CS_fsm                             |  12|   0|   12|          0|
    |grp_ProxGS_fu_267_ap_start_reg        |   1|   0|    1|          0|
    |grp_Relax_fu_278_ap_start_reg         |   1|   0|    1|          0|
    |grp_array_copy_fu_285_ap_start_reg    |   1|   0|    1|          0|
    |grp_my_filter_v1_fu_253_ap_start_reg  |   1|   0|    1|          0|
    |indvar_flatten_reg_209                |  15|   0|   15|          0|
    |k_0_reg_242                           |   6|   0|    6|          0|
    |k_reg_405                             |   6|   0|    6|          0|
    |x_0_i_reg_231                         |   8|   0|    8|          0|
    |y_0_i_reg_220                         |   8|   0|    8|          0|
    +--------------------------------------+----+----+-----+-----------+
    |Total                                 |  59|   0|   59|          0|
    +--------------------------------------+----+----+-----+-----------+



================================================================
== Interface
================================================================
* Summary: 
+-------------------------+-----+-----+------------+----------------------+--------------+
|        RTL Ports        | Dir | Bits|  Protocol  |     Source Object    |    C Type    |
+-------------------------+-----+-----+------------+----------------------+--------------+
|ap_clk                   |  in |    1| ap_ctrl_hs | cross_channel_deblur | return value |
|ap_rst                   |  in |    1| ap_ctrl_hs | cross_channel_deblur | return value |
|ap_start                 |  in |    1| ap_ctrl_hs | cross_channel_deblur | return value |
|ap_done                  | out |    1| ap_ctrl_hs | cross_channel_deblur | return value |
|ap_idle                  | out |    1| ap_ctrl_hs | cross_channel_deblur | return value |
|ap_ready                 | out |    1| ap_ctrl_hs | cross_channel_deblur | return value |
|Img_V_address0           | out |   14|  ap_memory |         Img_V        |     array    |
|Img_V_ce0                | out |    1|  ap_memory |         Img_V        |     array    |
|Img_V_q0                 |  in |    8|  ap_memory |         Img_V        |     array    |
|adjChImg_V_address0      | out |   14|  ap_memory |      adjChImg_V      |     array    |
|adjChImg_V_ce0           | out |    1|  ap_memory |      adjChImg_V      |     array    |
|adjChImg_V_q0            |  in |    8|  ap_memory |      adjChImg_V      |     array    |
|adjChImg_V_address1      | out |   14|  ap_memory |      adjChImg_V      |     array    |
|adjChImg_V_ce1           | out |    1|  ap_memory |      adjChImg_V      |     array    |
|adjChImg_V_q1            |  in |    8|  ap_memory |      adjChImg_V      |     array    |
|coe_a_M_real_V_address0  | out |   14|  ap_memory |    coe_a_M_real_V    |     array    |
|coe_a_M_real_V_ce0       | out |    1|  ap_memory |    coe_a_M_real_V    |     array    |
|coe_a_M_real_V_q0        |  in |   16|  ap_memory |    coe_a_M_real_V    |     array    |
|coe_a_M_imag_V_address0  | out |   14|  ap_memory |    coe_a_M_imag_V    |     array    |
|coe_a_M_imag_V_ce0       | out |    1|  ap_memory |    coe_a_M_imag_V    |     array    |
|coe_a_M_imag_V_q0        |  in |   16|  ap_memory |    coe_a_M_imag_V    |     array    |
|coe_b_V_address0         | out |   14|  ap_memory |        coe_b_V       |     array    |
|coe_b_V_ce0              | out |    1|  ap_memory |        coe_b_V       |     array    |
|coe_b_V_q0               |  in |    8|  ap_memory |        coe_b_V       |     array    |
+-------------------------+-----+-----+------------+----------------------+--------------+

