

================================================================
== Vivado HLS Report for 'my_filter_v1'
================================================================
* Date:           Fri Jan  8 20:55:05 2021

* Version:        2019.2 (Build 2704478 on Wed Nov 06 22:10:23 MST 2019)
* Project:        ISPfinal
* Solution:       solution1
* Product family: zynq
* Target device:  xc7z020-clg400-1


================================================================
== Performance Estimates
================================================================
+ Timing: 
    * Summary: 
    +--------+----------+----------+------------+
    |  Clock |  Target  | Estimated| Uncertainty|
    +--------+----------+----------+------------+
    |ap_clk  | 10.00 ns | 8.741 ns |   1.25 ns  |
    +--------+----------+----------+------------+

+ Latency: 
    * Summary: 
    +---------+---------+----------+----------+--------+--------+---------+
    |  Latency (cycles) |  Latency (absolute) |     Interval    | Pipeline|
    |   min   |   max   |    min   |    max   |   min  |   max  |   Type  |
    +---------+---------+----------+----------+--------+--------+---------+
    |   639826|   639826| 6.398 ms | 6.398 ms |  639826|  639826|   none  |
    +---------+---------+----------+----------+--------+--------+---------+

    + Detail: 
        * Instance: 
        +--------------------------+---------------+---------+---------+----------+----------+-------+-------+---------+
        |                          |               |  Latency (cycles) |  Latency (absolute) |    Interval   | Pipeline|
        |         Instance         |     Module    |   min   |   max   |    min   |    max   |  min  |  max  |   Type  |
        +--------------------------+---------------+---------+---------+----------+----------+-------+-------+---------+
        |grp_my_filter_fy5_fu_844  |my_filter_fy5  |    16386|    16386| 0.164 ms | 0.164 ms |  16386|  16386|   none  |
        |grp_my_filter_fy5_fu_851  |my_filter_fy5  |    16386|    16386| 0.164 ms | 0.164 ms |  16386|  16386|   none  |
        |grp_my_filter_fy5_fu_857  |my_filter_fy5  |    16386|    16386| 0.164 ms | 0.164 ms |  16386|  16386|   none  |
        |grp_my_filter_fx6_fu_866  |my_filter_fx6  |    16387|    16387| 0.164 ms | 0.164 ms |  16387|  16387|   none  |
        |grp_my_filter_fx6_fu_874  |my_filter_fx6  |    16387|    16387| 0.164 ms | 0.164 ms |  16387|  16387|   none  |
        +--------------------------+---------------+---------+---------+----------+----------+-------+-------+---------+

        * Loop: 
        +---------------------+---------+---------+----------+-----------+-----------+-------+----------+
        |                     |  Latency (cycles) | Iteration|  Initiation Interval  |  Trip |          |
        |      Loop Name      |   min   |   max   |  Latency |  achieved |   target  | Count | Pipelined|
        +---------------------+---------+---------+----------+-----------+-----------+-------+----------+
        |- Loop_y_0           |   213248|   213248|      1666|          -|          -|    128|    no    |
        | + Loop_x_0          |     1664|     1664|        13|          -|          -|    128|    no    |
        |- Loop_y_1_Loop_x_1  |    32790|    32790|        25|          2|          1|  16384|    yes   |
        |- Loop_y_2           |    49408|    49408|       386|          -|          -|    128|    no    |
        | + Loop_x_2          |      384|      384|         3|          -|          -|    128|    no    |
        |- Loop_y_3           |   213248|   213248|      1666|          -|          -|    128|    no    |
        | + Loop_x_3          |     1664|     1664|        13|          -|          -|    128|    no    |
        |- Loop_y_4_Loop_x_4  |    16406|    16406|        24|          1|          1|  16384|    yes   |
        +---------------------+---------+---------+----------+-----------+-----------+-------+----------+



================================================================
== Utilization Estimates
================================================================
* Summary: 
+-----------------+---------+-------+--------+-------+-----+
|       Name      | BRAM_18K| DSP48E|   FF   |  LUT  | URAM|
+-----------------+---------+-------+--------+-------+-----+
|DSP              |        -|      4|       -|      -|    -|
|Expression       |        -|      0|       0|   5233|    -|
|FIFO             |        -|      -|       -|      -|    -|
|Instance         |        -|     56|    6273|  12666|    -|
|Memory           |      184|      -|       0|      0|    0|
|Multiplexer      |        -|      -|       -|   2429|    -|
|Register         |        0|      -|    4402|    320|    -|
+-----------------+---------+-------+--------+-------+-----+
|Total            |      184|     60|   10675|  20648|    0|
+-----------------+---------+-------+--------+-------+-----+
|Available        |      280|    220|  106400|  53200|    0|
+-----------------+---------+-------+--------+-------+-----+
|Utilization (%)  |       65|     27|      10|     38|    0|
+-----------------+---------+-------+--------+-------+-----+

+ Detail: 
    * Instance: 
    +--------------------------+----------------------+---------+-------+-----+------+-----+
    |         Instance         |        Module        | BRAM_18K| DSP48E|  FF |  LUT | URAM|
    +--------------------------+----------------------+---------+-------+-----+------+-----+
    |cross_channel_debfYi_U7   |cross_channel_debfYi  |        0|      3|  445|  1149|    0|
    |cross_channel_debg8j_U8   |cross_channel_debg8j  |        0|      3|  445|  1149|    0|
    |cross_channel_debg8j_U9   |cross_channel_debg8j  |        0|      3|  445|  1149|    0|
    |cross_channel_debg8j_U10  |cross_channel_debg8j  |        0|      3|  445|  1149|    0|
    |cross_channel_debhbi_U11  |cross_channel_debhbi  |        0|     11|  317|   578|    0|
    |cross_channel_debhbi_U12  |cross_channel_debhbi  |        0|     11|  317|   578|    0|
    |cross_channel_debhbi_U13  |cross_channel_debhbi  |        0|     11|  317|   578|    0|
    |cross_channel_debhbi_U14  |cross_channel_debhbi  |        0|     11|  317|   578|    0|
    |cross_channel_debibs_U15  |cross_channel_debibs  |        0|      0|  412|   645|    0|
    |cross_channel_debibs_U16  |cross_channel_debibs  |        0|      0|  412|   645|    0|
    |cross_channel_debibs_U17  |cross_channel_debibs  |        0|      0|  412|   645|    0|
    |cross_channel_debibs_U18  |cross_channel_debibs  |        0|      0|  412|   645|    0|
    |cross_channel_debibs_U19  |cross_channel_debibs  |        0|      0|  412|   645|    0|
    |cross_channel_debibs_U20  |cross_channel_debibs  |        0|      0|  412|   645|    0|
    |cross_channel_debibs_U21  |cross_channel_debibs  |        0|      0|  412|   645|    0|
    |grp_my_filter_fx6_fu_866  |my_filter_fx6         |        0|      0|   79|   242|    0|
    |grp_my_filter_fx6_fu_874  |my_filter_fx6         |        0|      0|   79|   242|    0|
    |grp_my_filter_fy5_fu_844  |my_filter_fy5         |        0|      0|   61|   253|    0|
    |grp_my_filter_fy5_fu_851  |my_filter_fy5         |        0|      0|   61|   253|    0|
    |grp_my_filter_fy5_fu_857  |my_filter_fy5         |        0|      0|   61|   253|    0|
    +--------------------------+----------------------+---------+-------+-----+------+-----+
    |Total                     |                      |        0|     56| 6273| 12666|    0|
    +--------------------------+----------------------+---------+-------+-----+------+-----+

    * DSP48E: 
    +--------------------------+----------------------+--------------+
    |         Instance         |        Module        |  Expression  |
    +--------------------------+----------------------+--------------+
    |cross_channel_debjbC_U22  |cross_channel_debjbC  | i0 - i1 * i2 |
    |cross_channel_debjbC_U23  |cross_channel_debjbC  | i0 - i1 * i2 |
    |cross_channel_debkbM_U24  |cross_channel_debkbM  | i0 - i1 * i2 |
    |cross_channel_debkbM_U25  |cross_channel_debkbM  | i0 - i1 * i2 |
    +--------------------------+----------------------+--------------+

    * Memory: 
    +-----------------+-------------------+---------+---+----+-----+-------+-----+------+-------------+
    |      Memory     |       Module      | BRAM_18K| FF| LUT| URAM| Words | Bits| Banks| W*Bits*Banks|
    +-----------------+-------------------+---------+---+----+-----+-------+-----+------+-------------+
    |fx_V_U           |my_filter_v1_fx_V  |        8|  0|   0|    0|  16384|    8|     1|       131072|
    |fy_V_U           |my_filter_v1_fx_V  |        8|  0|   0|    0|  16384|    8|     1|       131072|
    |g3x_V_U          |my_filter_v1_fx_V  |        8|  0|   0|    0|  16384|    8|     1|       131072|
    |g4y_V_U          |my_filter_v1_fx_V  |        8|  0|   0|    0|  16384|    8|     1|       131072|
    |g5x_V_U          |my_filter_v1_fx_V  |        8|  0|   0|    0|  16384|    8|     1|       131072|
    |temp_cross6_V_U  |my_filter_v1_fx_V  |        8|  0|   0|    0|  16384|    8|     1|       131072|
    |temp_cross7_V_U  |my_filter_v1_fx_V  |        8|  0|   0|    0|  16384|    8|     1|       131072|
    |fxx_U            |my_filter_v1_fxx   |        8|  0|   0|    0|  16384|    8|     1|       131072|
    |fyy_U            |my_filter_v1_fxx   |        8|  0|   0|    0|  16384|    8|     1|       131072|
    |fxy_U            |my_filter_v1_fxx   |        8|  0|   0|    0|  16384|    8|     1|       131072|
    |adj_fx_U         |my_filter_v1_fxx   |        8|  0|   0|    0|  16384|    8|     1|       131072|
    |adj_fy_U         |my_filter_v1_fxx   |        8|  0|   0|    0|  16384|    8|     1|       131072|
    |Sxf_V_U          |my_filter_v1_fxx   |        8|  0|   0|    0|  16384|    8|     1|       131072|
    |Syf_V_U          |my_filter_v1_fxx   |        8|  0|   0|    0|  16384|    8|     1|       131072|
    |gx_U             |my_filter_v1_fxx   |        8|  0|   0|    0|  16384|    8|     1|       131072|
    |gy_U             |my_filter_v1_fxx   |        8|  0|   0|    0|  16384|    8|     1|       131072|
    |gxx_U            |my_filter_v1_fxx   |        8|  0|   0|    0|  16384|    8|     1|       131072|
    |gyy_U            |my_filter_v1_fxx   |        8|  0|   0|    0|  16384|    8|     1|       131072|
    |gxy_U            |my_filter_v1_fxx   |        8|  0|   0|    0|  16384|    8|     1|       131072|
    |Sxtf_V_U         |my_filter_v1_fxx   |        8|  0|   0|    0|  16384|    8|     1|       131072|
    |Sytf_V_U         |my_filter_v1_fxx   |        8|  0|   0|    0|  16384|    8|     1|       131072|
    |cross_X_U        |my_filter_v1_fxx   |        8|  0|   0|    0|  16384|    8|     1|       131072|
    |cross_Y_U        |my_filter_v1_fxx   |        8|  0|   0|    0|  16384|    8|     1|       131072|
    +-----------------+-------------------+---------+---+----+-----+-------+-----+------+-------------+
    |Total            |                   |      184|  0|   0|    0| 376832|  184|    23|      3014656|
    +-----------------+-------------------+---------+---+----+-----+-------+-----+------+-------------+

    * FIFO: 
    N/A

    * Expression: 
    +----------------------------------+----------+-------+---+-----+------------+------------+
    |           Variable Name          | Operation| DSP48E| FF| LUT | Bitwidth P0| Bitwidth P1|
    +----------------------------------+----------+-------+---+-----+------------+------------+
    |grp_fu_4586_p2                    |     *    |      0|  0|   41|           8|           8|
    |grp_fu_4594_p2                    |     *    |      0|  0|   41|           8|           8|
    |mul_ln68_1_fu_3598_p2             |     *    |      0|  0|   41|           8|           8|
    |mul_ln68_fu_3592_p2               |     *    |      0|  0|   41|           8|           8|
    |add_ln124_fu_1590_p2              |     +    |      0|  0|   21|          15|           1|
    |add_ln1353_2_fu_4318_p2           |     +    |      0|  0|   11|          11|          11|
    |add_ln1353_3_fu_4305_p2           |     +    |      0|  0|   15|           9|           9|
    |add_ln1353_fu_4281_p2             |     +    |      0|  0|   15|           9|           9|
    |add_ln189_fu_4183_p2              |     +    |      0|  0|   21|          15|           1|
    |add_ln215_1_fu_3580_p2            |     +    |      0|  0|   23|          16|          16|
    |add_ln215_2_fu_3644_p2            |     +    |      0|  0|   23|          16|          16|
    |add_ln215_fu_1038_p2              |     +    |      0|  0|   23|          16|          16|
    |add_ln544_1_fu_4233_p2            |     +    |      0|  0|   23|          16|          16|
    |add_ln544_fu_1640_p2              |     +    |      0|  0|   23|          16|          16|
    |ret_V_6_fu_4263_p2                |     +    |      0|  0|   15|           9|           9|
    |ret_V_7_fu_4291_p2                |     +    |      0|  0|   14|          10|          10|
    |ret_V_8_fu_4327_p2                |     +    |      0|  0|   11|          11|          11|
    |x_1_fu_1028_p2                    |     +    |      0|  0|   15|           8|           1|
    |x_2_fu_4249_p2                    |     +    |      0|  0|   15|           1|           8|
    |x_3_fu_3634_p2                    |     +    |      0|  0|   15|           8|           1|
    |x_4_fu_1657_p2                    |     +    |      0|  0|   15|           8|           1|
    |x_fu_3570_p2                      |     +    |      0|  0|   15|           8|           1|
    |y_1_fu_1004_p2                    |     +    |      0|  0|   15|           8|           1|
    |y_2_fu_3546_p2                    |     +    |      0|  0|   15|           8|           1|
    |y_3_fu_4189_p2                    |     +    |      0|  0|   15|           1|           8|
    |y_4_fu_3610_p2                    |     +    |      0|  0|   15|           8|           1|
    |y_fu_1596_p2                      |     +    |      0|  0|   15|           1|           8|
    |sh_amt_10_fu_2890_p2              |     -    |      0|  0|   12|           1|          12|
    |sh_amt_11_fu_2497_p2              |     -    |      0|  0|   12|          11|          12|
    |sh_amt_12_fu_3002_p2              |     -    |      0|  0|   12|           1|          12|
    |sh_amt_13_fu_2567_p2              |     -    |      0|  0|   12|          11|          12|
    |sh_amt_14_fu_3114_p2              |     -    |      0|  0|   12|           1|          12|
    |sh_amt_15_fu_1250_p2              |     -    |      0|  0|   12|           1|          12|
    |sh_amt_16_fu_1206_p2              |     -    |      0|  0|   12|          11|          12|
    |sh_amt_17_fu_1362_p2              |     -    |      0|  0|   12|           1|          12|
    |sh_amt_18_fu_4382_p2              |     -    |      0|  0|   12|          11|          12|
    |sh_amt_19_fu_4426_p2              |     -    |      0|  0|   12|           1|          12|
    |sh_amt_1_fu_1762_p2               |     -    |      0|  0|   12|          11|          12|
    |sh_amt_20_fu_3729_p2              |     -    |      0|  0|   12|          11|          12|
    |sh_amt_21_fu_3843_p2              |     -    |      0|  0|   12|           1|          12|
    |sh_amt_22_fu_3799_p2              |     -    |      0|  0|   12|          11|          12|
    |sh_amt_23_fu_3955_p2              |     -    |      0|  0|   12|           1|          12|
    |sh_amt_2_fu_1997_p2               |     -    |      0|  0|   12|           1|          12|
    |sh_amt_3_fu_1832_p2               |     -    |      0|  0|   12|          11|          12|
    |sh_amt_4_fu_2109_p2               |     -    |      0|  0|   12|           1|          12|
    |sh_amt_5_fu_1902_p2               |     -    |      0|  0|   12|          11|          12|
    |sh_amt_6_fu_2221_p2               |     -    |      0|  0|   12|           1|          12|
    |sh_amt_7_fu_1971_p2               |     -    |      0|  0|   12|          11|          12|
    |sh_amt_8_fu_2783_p2               |     -    |      0|  0|   12|           1|          12|
    |sh_amt_9_fu_2427_p2               |     -    |      0|  0|   12|          11|          12|
    |sh_amt_fu_1136_p2                 |     -    |      0|  0|   12|          11|          12|
    |sub_ln461_10_fu_3401_p2           |     -    |      0|  0|   15|           1|           8|
    |sub_ln461_11_fu_3463_p2           |     -    |      0|  0|   15|           1|           8|
    |sub_ln461_1_fu_2646_p2            |     -    |      0|  0|   15|           1|           8|
    |sub_ln461_2_fu_4102_p2            |     -    |      0|  0|   15|           1|           8|
    |sub_ln461_3_fu_1571_p2            |     -    |      0|  0|   15|           1|           8|
    |sub_ln461_4_fu_4573_p2            |     -    |      0|  0|   15|           1|           8|
    |sub_ln461_5_fu_2708_p2            |     -    |      0|  0|   15|           1|           8|
    |sub_ln461_6_fu_4164_p2            |     -    |      0|  0|   15|           1|           8|
    |sub_ln461_7_fu_2770_p2            |     -    |      0|  0|   15|           1|           8|
    |sub_ln461_8_fu_3276_p2            |     -    |      0|  0|   15|           1|           8|
    |sub_ln461_9_fu_3339_p2            |     -    |      0|  0|   15|           1|           8|
    |sub_ln461_fu_1509_p2              |     -    |      0|  0|   15|           1|           8|
    |and_ln330_10_fu_4152_p2           |    and   |      0|  0|    2|           1|           1|
    |and_ln330_11_fu_4561_p2           |    and   |      0|  0|    2|           1|           1|
    |and_ln330_1_fu_1559_p2            |    and   |      0|  0|    2|           1|           1|
    |and_ln330_2_fu_2634_p2            |    and   |      0|  0|    2|           1|           1|
    |and_ln330_3_fu_2696_p2            |    and   |      0|  0|    2|           1|           1|
    |and_ln330_4_fu_2758_p2            |    and   |      0|  0|    2|           1|           1|
    |and_ln330_5_fu_3265_p2            |    and   |      0|  0|    2|           1|           1|
    |and_ln330_6_fu_3327_p2            |    and   |      0|  0|    2|           1|           1|
    |and_ln330_7_fu_3389_p2            |    and   |      0|  0|    2|           1|           1|
    |and_ln330_8_fu_3451_p2            |    and   |      0|  0|    2|           1|           1|
    |and_ln330_9_fu_4090_p2            |    and   |      0|  0|    2|           1|           1|
    |and_ln330_fu_1497_p2              |    and   |      0|  0|    2|           1|           1|
    |and_ln332_10_fu_4004_p2           |    and   |      0|  0|    2|           1|           1|
    |and_ln332_11_fu_4475_p2           |    and   |      0|  0|    2|           1|           1|
    |and_ln332_1_fu_1411_p2            |    and   |      0|  0|    2|           1|           1|
    |and_ln332_2_fu_2046_p2            |    and   |      0|  0|    2|           1|           1|
    |and_ln332_3_fu_2158_p2            |    and   |      0|  0|    2|           1|           1|
    |and_ln332_4_fu_2270_p2            |    and   |      0|  0|    2|           1|           1|
    |and_ln332_5_fu_2367_p2            |    and   |      0|  0|    2|           1|           1|
    |and_ln332_6_fu_2939_p2            |    and   |      0|  0|    2|           1|           1|
    |and_ln332_7_fu_3051_p2            |    and   |      0|  0|    2|           1|           1|
    |and_ln332_8_fu_3163_p2            |    and   |      0|  0|    2|           1|           1|
    |and_ln332_9_fu_3892_p2            |    and   |      0|  0|    2|           1|           1|
    |and_ln332_fu_1299_p2              |    and   |      0|  0|    2|           1|           1|
    |and_ln333_10_fu_2373_p2           |    and   |      0|  0|    2|           1|           1|
    |and_ln333_11_fu_2863_p2           |    and   |      0|  0|    2|           1|           1|
    |and_ln333_12_fu_2944_p2           |    and   |      0|  0|    2|           1|           1|
    |and_ln333_13_fu_3310_p2           |    and   |      0|  0|    2|           1|           1|
    |and_ln333_14_fu_3056_p2           |    and   |      0|  0|    2|           1|           1|
    |and_ln333_15_fu_3372_p2           |    and   |      0|  0|    2|           1|           1|
    |and_ln333_16_fu_3168_p2           |    and   |      0|  0|    2|           1|           1|
    |and_ln333_17_fu_3434_p2           |    and   |      0|  0|    2|           1|           1|
    |and_ln333_18_fu_3897_p2           |    and   |      0|  0|    2|           1|           1|
    |and_ln333_19_fu_4073_p2           |    and   |      0|  0|    2|           1|           1|
    |and_ln333_1_fu_1480_p2            |    and   |      0|  0|    2|           1|           1|
    |and_ln333_20_fu_4009_p2           |    and   |      0|  0|    2|           1|           1|
    |and_ln333_21_fu_4135_p2           |    and   |      0|  0|    2|           1|           1|
    |and_ln333_22_fu_4480_p2           |    and   |      0|  0|    2|           1|           1|
    |and_ln333_23_fu_4544_p2           |    and   |      0|  0|    2|           1|           1|
    |and_ln333_2_fu_1416_p2            |    and   |      0|  0|    2|           1|           1|
    |and_ln333_3_fu_1542_p2            |    and   |      0|  0|    2|           1|           1|
    |and_ln333_4_fu_2051_p2            |    and   |      0|  0|    2|           1|           1|
    |and_ln333_5_fu_2617_p2            |    and   |      0|  0|    2|           1|           1|
    |and_ln333_6_fu_2163_p2            |    and   |      0|  0|    2|           1|           1|
    |and_ln333_7_fu_2679_p2            |    and   |      0|  0|    2|           1|           1|
    |and_ln333_8_fu_2275_p2            |    and   |      0|  0|    2|           1|           1|
    |and_ln333_9_fu_2741_p2            |    and   |      0|  0|    2|           1|           1|
    |and_ln333_fu_1304_p2              |    and   |      0|  0|    2|           1|           1|
    |and_ln343_10_fu_4032_p2           |    and   |      0|  0|    2|           1|           1|
    |and_ln343_11_fu_4503_p2           |    and   |      0|  0|    2|           1|           1|
    |and_ln343_1_fu_1439_p2            |    and   |      0|  0|    2|           1|           1|
    |and_ln343_2_fu_2074_p2            |    and   |      0|  0|    2|           1|           1|
    |and_ln343_3_fu_2186_p2            |    and   |      0|  0|    2|           1|           1|
    |and_ln343_4_fu_2298_p2            |    and   |      0|  0|    2|           1|           1|
    |and_ln343_5_fu_2838_p2            |    and   |      0|  0|    2|           1|           1|
    |and_ln343_6_fu_2967_p2            |    and   |      0|  0|    2|           1|           1|
    |and_ln343_7_fu_3079_p2            |    and   |      0|  0|    2|           1|           1|
    |and_ln343_8_fu_3191_p2            |    and   |      0|  0|    2|           1|           1|
    |and_ln343_9_fu_3920_p2            |    and   |      0|  0|    2|           1|           1|
    |and_ln343_fu_1327_p2              |    and   |      0|  0|    2|           1|           1|
    |icmp_ln111_fu_998_p2              |   icmp   |      0|  0|   13|           8|           9|
    |icmp_ln113_fu_1022_p2             |   icmp   |      0|  0|   13|           8|           9|
    |icmp_ln124_fu_1584_p2             |   icmp   |      0|  0|   13|          15|          16|
    |icmp_ln126_fu_1602_p2             |   icmp   |      0|  0|   13|           8|           9|
    |icmp_ln167_fu_3540_p2             |   icmp   |      0|  0|   13|           8|           9|
    |icmp_ln169_fu_3564_p2             |   icmp   |      0|  0|   13|           8|           9|
    |icmp_ln180_fu_3604_p2             |   icmp   |      0|  0|   13|           8|           9|
    |icmp_ln182_fu_3628_p2             |   icmp   |      0|  0|   13|           8|           9|
    |icmp_ln189_fu_4177_p2             |   icmp   |      0|  0|   13|          15|          16|
    |icmp_ln191_fu_4195_p2             |   icmp   |      0|  0|   13|           8|           9|
    |icmp_ln326_10_fu_2491_p2          |   icmp   |      0|  0|   29|          63|           1|
    |icmp_ln326_11_fu_2561_p2          |   icmp   |      0|  0|   29|          63|           1|
    |icmp_ln326_1_fu_1756_p2           |   icmp   |      0|  0|   29|          63|           1|
    |icmp_ln326_2_fu_3723_p2           |   icmp   |      0|  0|   29|          63|           1|
    |icmp_ln326_3_fu_1200_p2           |   icmp   |      0|  0|   29|          63|           1|
    |icmp_ln326_4_fu_4376_p2           |   icmp   |      0|  0|   29|          63|           1|
    |icmp_ln326_5_fu_1826_p2           |   icmp   |      0|  0|   29|          63|           1|
    |icmp_ln326_6_fu_3793_p2           |   icmp   |      0|  0|   29|          63|           1|
    |icmp_ln326_7_fu_1896_p2           |   icmp   |      0|  0|   29|          63|           1|
    |icmp_ln326_8_fu_1965_p2           |   icmp   |      0|  0|   29|          63|           1|
    |icmp_ln326_9_fu_2421_p2           |   icmp   |      0|  0|   29|          63|           1|
    |icmp_ln326_fu_1130_p2             |   icmp   |      0|  0|   29|          63|           1|
    |icmp_ln330_10_fu_2503_p2          |   icmp   |      0|  0|   13|          11|          11|
    |icmp_ln330_11_fu_2573_p2          |   icmp   |      0|  0|   13|          11|          11|
    |icmp_ln330_1_fu_1768_p2           |   icmp   |      0|  0|   13|          11|          11|
    |icmp_ln330_2_fu_3735_p2           |   icmp   |      0|  0|   13|          11|          11|
    |icmp_ln330_3_fu_1212_p2           |   icmp   |      0|  0|   13|          11|          11|
    |icmp_ln330_4_fu_4388_p2           |   icmp   |      0|  0|   13|          11|          11|
    |icmp_ln330_5_fu_1838_p2           |   icmp   |      0|  0|   13|          11|          11|
    |icmp_ln330_6_fu_3805_p2           |   icmp   |      0|  0|   13|          11|          11|
    |icmp_ln330_7_fu_1908_p2           |   icmp   |      0|  0|   13|          11|          11|
    |icmp_ln330_8_fu_1977_p2           |   icmp   |      0|  0|   13|          11|          11|
    |icmp_ln330_9_fu_2433_p2           |   icmp   |      0|  0|   13|          11|          11|
    |icmp_ln330_fu_1142_p2             |   icmp   |      0|  0|   13|          11|          11|
    |icmp_ln332_10_fu_2509_p2          |   icmp   |      0|  0|   13|          12|           1|
    |icmp_ln332_11_fu_2579_p2          |   icmp   |      0|  0|   13|          12|           1|
    |icmp_ln332_1_fu_1774_p2           |   icmp   |      0|  0|   13|          12|           1|
    |icmp_ln332_2_fu_3741_p2           |   icmp   |      0|  0|   13|          12|           1|
    |icmp_ln332_3_fu_1218_p2           |   icmp   |      0|  0|   13|          12|           1|
    |icmp_ln332_4_fu_4394_p2           |   icmp   |      0|  0|   13|          12|           1|
    |icmp_ln332_5_fu_1844_p2           |   icmp   |      0|  0|   13|          12|           1|
    |icmp_ln332_6_fu_3811_p2           |   icmp   |      0|  0|   13|          12|           1|
    |icmp_ln332_7_fu_1914_p2           |   icmp   |      0|  0|   13|          12|           1|
    |icmp_ln332_8_fu_2333_p2           |   icmp   |      0|  0|   13|          12|           1|
    |icmp_ln332_9_fu_2439_p2           |   icmp   |      0|  0|   13|          12|           1|
    |icmp_ln332_fu_1148_p2             |   icmp   |      0|  0|   13|          12|           1|
    |icmp_ln333_10_fu_2515_p2          |   icmp   |      0|  0|   13|          12|           6|
    |icmp_ln333_11_fu_2585_p2          |   icmp   |      0|  0|   13|          12|           6|
    |icmp_ln333_1_fu_1780_p2           |   icmp   |      0|  0|   13|          12|           6|
    |icmp_ln333_2_fu_3747_p2           |   icmp   |      0|  0|   13|          12|           6|
    |icmp_ln333_3_fu_1224_p2           |   icmp   |      0|  0|   13|          12|           6|
    |icmp_ln333_4_fu_4400_p2           |   icmp   |      0|  0|   13|          12|           6|
    |icmp_ln333_5_fu_1850_p2           |   icmp   |      0|  0|   13|          12|           6|
    |icmp_ln333_6_fu_3817_p2           |   icmp   |      0|  0|   13|          12|           6|
    |icmp_ln333_7_fu_1920_p2           |   icmp   |      0|  0|   13|          12|           6|
    |icmp_ln333_8_fu_2338_p2           |   icmp   |      0|  0|   13|          12|           6|
    |icmp_ln333_9_fu_2445_p2           |   icmp   |      0|  0|   13|          12|           6|
    |icmp_ln333_fu_1154_p2             |   icmp   |      0|  0|   13|          12|           6|
    |icmp_ln343_10_fu_3862_p2          |   icmp   |      0|  0|   11|           8|           1|
    |icmp_ln343_11_fu_3974_p2          |   icmp   |      0|  0|   11|           8|           1|
    |icmp_ln343_1_fu_2128_p2           |   icmp   |      0|  0|   11|           8|           1|
    |icmp_ln343_2_fu_2240_p2           |   icmp   |      0|  0|   11|           8|           1|
    |icmp_ln343_3_fu_2802_p2           |   icmp   |      0|  0|   11|           8|           1|
    |icmp_ln343_4_fu_2909_p2           |   icmp   |      0|  0|   11|           8|           1|
    |icmp_ln343_5_fu_3021_p2           |   icmp   |      0|  0|   11|           8|           1|
    |icmp_ln343_6_fu_3133_p2           |   icmp   |      0|  0|   11|           8|           1|
    |icmp_ln343_7_fu_1269_p2           |   icmp   |      0|  0|   11|           8|           1|
    |icmp_ln343_8_fu_1381_p2           |   icmp   |      0|  0|   11|           8|           1|
    |icmp_ln343_9_fu_4445_p2           |   icmp   |      0|  0|   11|           8|           1|
    |icmp_ln343_fu_2016_p2             |   icmp   |      0|  0|   11|           8|           1|
    |icmp_ln895_1_fu_3238_p2           |   icmp   |      0|  0|   11|           7|           1|
    |icmp_ln895_2_fu_3254_p2           |   icmp   |      0|  0|   11|           7|           1|
    |icmp_ln895_3_fu_3486_p2           |   icmp   |      0|  0|   11|           7|           1|
    |icmp_ln895_4_fu_3502_p2           |   icmp   |      0|  0|   11|           7|           1|
    |icmp_ln895_5_fu_3518_p2           |   icmp   |      0|  0|   11|           7|           1|
    |icmp_ln895_6_fu_3534_p2           |   icmp   |      0|  0|   11|           7|           1|
    |icmp_ln895_fu_3222_p2             |   icmp   |      0|  0|   11|           7|           1|
    |lshr_ln334_10_fu_3031_p2          |   lshr   |      0|  0|  160|          53|          53|
    |lshr_ln334_11_fu_3143_p2          |   lshr   |      0|  0|  160|          53|          53|
    |lshr_ln334_1_fu_2026_p2           |   lshr   |      0|  0|  160|          53|          53|
    |lshr_ln334_2_fu_1391_p2           |   lshr   |      0|  0|  160|          53|          53|
    |lshr_ln334_3_fu_3872_p2           |   lshr   |      0|  0|  160|          53|          53|
    |lshr_ln334_4_fu_2138_p2           |   lshr   |      0|  0|  160|          53|          53|
    |lshr_ln334_5_fu_4455_p2           |   lshr   |      0|  0|  160|          53|          53|
    |lshr_ln334_6_fu_3984_p2           |   lshr   |      0|  0|  160|          53|          53|
    |lshr_ln334_7_fu_2250_p2           |   lshr   |      0|  0|  160|          53|          53|
    |lshr_ln334_8_fu_2347_p2           |   lshr   |      0|  0|  160|          53|          53|
    |lshr_ln334_9_fu_2919_p2           |   lshr   |      0|  0|  160|          53|          53|
    |lshr_ln334_fu_1279_p2             |   lshr   |      0|  0|  160|          53|          53|
    |ap_block_state49_on_subcall_done  |    or    |      0|  0|    2|           1|           1|
    |ap_block_state4_on_subcall_done   |    or    |      0|  0|    2|           1|           1|
    |ap_block_state51_on_subcall_done  |    or    |      0|  0|    2|           1|           1|
    |ap_block_state6_on_subcall_done   |    or    |      0|  0|    2|           1|           1|
    |or_ln330_10_fu_3823_p2            |    or    |      0|  0|    2|           1|           1|
    |or_ln330_11_fu_4406_p2            |    or    |      0|  0|    2|           1|           1|
    |or_ln330_1_fu_1230_p2             |    or    |      0|  0|    2|           1|           1|
    |or_ln330_2_fu_1786_p2             |    or    |      0|  0|    2|           1|           1|
    |or_ln330_3_fu_1856_p2             |    or    |      0|  0|    2|           1|           1|
    |or_ln330_4_fu_1926_p2             |    or    |      0|  0|    2|           1|           1|
    |or_ln330_5_fu_2357_p2             |    or    |      0|  0|    2|           1|           1|
    |or_ln330_6_fu_2451_p2             |    or    |      0|  0|    2|           1|           1|
    |or_ln330_7_fu_2521_p2             |    or    |      0|  0|    2|           1|           1|
    |or_ln330_8_fu_2591_p2             |    or    |      0|  0|    2|           1|           1|
    |or_ln330_9_fu_3753_p2             |    or    |      0|  0|    2|           1|           1|
    |or_ln330_fu_1160_p2               |    or    |      0|  0|    2|           1|           1|
    |or_ln332_10_fu_4022_p2            |    or    |      0|  0|    2|           1|           1|
    |or_ln332_11_fu_4493_p2            |    or    |      0|  0|    2|           1|           1|
    |or_ln332_1_fu_1429_p2             |    or    |      0|  0|    2|           1|           1|
    |or_ln332_2_fu_2064_p2             |    or    |      0|  0|    2|           1|           1|
    |or_ln332_3_fu_2176_p2             |    or    |      0|  0|    2|           1|           1|
    |or_ln332_4_fu_2288_p2             |    or    |      0|  0|    2|           1|           1|
    |or_ln332_5_fu_2828_p2             |    or    |      0|  0|    2|           1|           1|
    |or_ln332_6_fu_2957_p2             |    or    |      0|  0|    2|           1|           1|
    |or_ln332_7_fu_3069_p2             |    or    |      0|  0|    2|           1|           1|
    |or_ln332_8_fu_3181_p2             |    or    |      0|  0|    2|           1|           1|
    |or_ln332_9_fu_3910_p2             |    or    |      0|  0|    2|           1|           1|
    |or_ln332_fu_1317_p2               |    or    |      0|  0|    2|           1|           1|
    |select_ln129_1_fu_1616_p3         |  select  |      0|  0|    8|           1|           8|
    |select_ln129_fu_1608_p3           |  select  |      0|  0|    8|           1|           1|
    |select_ln194_1_fu_4209_p3         |  select  |      0|  0|    8|           1|           8|
    |select_ln194_fu_4201_p3           |  select  |      0|  0|    8|           1|           1|
    |select_ln326_10_fu_4046_p3        |  select  |      0|  0|    8|           1|           1|
    |select_ln326_11_fu_4517_p3        |  select  |      0|  0|    8|           1|           1|
    |select_ln326_1_fu_1453_p3         |  select  |      0|  0|    8|           1|           1|
    |select_ln326_2_fu_2088_p3         |  select  |      0|  0|    8|           1|           1|
    |select_ln326_3_fu_2200_p3         |  select  |      0|  0|    8|           1|           1|
    |select_ln326_4_fu_2312_p3         |  select  |      0|  0|    8|           1|           1|
    |select_ln326_5_fu_2851_p3         |  select  |      0|  0|    8|           1|           1|
    |select_ln326_6_fu_2981_p3         |  select  |      0|  0|    8|           1|           1|
    |select_ln326_7_fu_3093_p3         |  select  |      0|  0|    8|           1|           1|
    |select_ln326_8_fu_3205_p3         |  select  |      0|  0|    8|           1|           1|
    |select_ln326_9_fu_3934_p3         |  select  |      0|  0|    8|           1|           1|
    |select_ln326_fu_1341_p3           |  select  |      0|  0|    8|           1|           1|
    |select_ln330_10_fu_4157_p3        |  select  |      0|  0|    8|           1|           8|
    |select_ln330_11_fu_4566_p3        |  select  |      0|  0|    8|           1|           8|
    |select_ln330_1_fu_1564_p3         |  select  |      0|  0|    8|           1|           8|
    |select_ln330_2_fu_2639_p3         |  select  |      0|  0|    8|           1|           8|
    |select_ln330_3_fu_2701_p3         |  select  |      0|  0|    8|           1|           8|
    |select_ln330_4_fu_2763_p3         |  select  |      0|  0|    8|           1|           8|
    |select_ln330_5_fu_3270_p3         |  select  |      0|  0|    8|           1|           8|
    |select_ln330_6_fu_3332_p3         |  select  |      0|  0|    8|           1|           8|
    |select_ln330_7_fu_3394_p3         |  select  |      0|  0|    8|           1|           8|
    |select_ln330_8_fu_3456_p3         |  select  |      0|  0|    8|           1|           8|
    |select_ln330_9_fu_4095_p3         |  select  |      0|  0|    8|           1|           8|
    |select_ln330_fu_1502_p3           |  select  |      0|  0|    8|           1|           8|
    |select_ln333_10_fu_2379_p3        |  select  |      0|  0|    8|           1|           8|
    |select_ln333_11_fu_2868_p3        |  select  |      0|  0|    8|           1|           8|
    |select_ln333_12_fu_2949_p3        |  select  |      0|  0|    8|           1|           8|
    |select_ln333_13_fu_3315_p3        |  select  |      0|  0|    8|           1|           8|
    |select_ln333_14_fu_3061_p3        |  select  |      0|  0|    8|           1|           8|
    |select_ln333_15_fu_3377_p3        |  select  |      0|  0|    8|           1|           8|
    |select_ln333_16_fu_3173_p3        |  select  |      0|  0|    8|           1|           8|
    |select_ln333_17_fu_3439_p3        |  select  |      0|  0|    8|           1|           8|
    |select_ln333_18_fu_3902_p3        |  select  |      0|  0|    8|           1|           8|
    |select_ln333_19_fu_4078_p3        |  select  |      0|  0|    8|           1|           8|
    |select_ln333_1_fu_1485_p3         |  select  |      0|  0|    8|           1|           8|
    |select_ln333_20_fu_4014_p3        |  select  |      0|  0|    8|           1|           8|
    |select_ln333_21_fu_4140_p3        |  select  |      0|  0|    8|           1|           8|
    |select_ln333_22_fu_4485_p3        |  select  |      0|  0|    8|           1|           8|
    |select_ln333_23_fu_4549_p3        |  select  |      0|  0|    8|           1|           8|
    |select_ln333_2_fu_1421_p3         |  select  |      0|  0|    8|           1|           8|
    |select_ln333_3_fu_1547_p3         |  select  |      0|  0|    8|           1|           8|
    |select_ln333_4_fu_2056_p3         |  select  |      0|  0|    8|           1|           8|
    |select_ln333_5_fu_2622_p3         |  select  |      0|  0|    8|           1|           8|
    |select_ln333_6_fu_2168_p3         |  select  |      0|  0|    8|           1|           8|
    |select_ln333_7_fu_2684_p3         |  select  |      0|  0|    8|           1|           8|
    |select_ln333_8_fu_2280_p3         |  select  |      0|  0|    8|           1|           8|
    |select_ln333_9_fu_2746_p3         |  select  |      0|  0|    8|           1|           8|
    |select_ln333_fu_1309_p3           |  select  |      0|  0|    8|           1|           8|
    |select_ln336_10_fu_4060_p3        |  select  |      0|  0|    2|           1|           2|
    |select_ln336_11_fu_4122_p3        |  select  |      0|  0|    2|           1|           2|
    |select_ln336_1_fu_2666_p3         |  select  |      0|  0|    2|           1|           2|
    |select_ln336_2_fu_2728_p3         |  select  |      0|  0|    2|           1|           2|
    |select_ln336_3_fu_2815_p3         |  select  |      0|  0|    2|           1|           2|
    |select_ln336_4_fu_3297_p3         |  select  |      0|  0|    2|           1|           2|
    |select_ln336_5_fu_3359_p3         |  select  |      0|  0|    2|           1|           2|
    |select_ln336_6_fu_3421_p3         |  select  |      0|  0|    2|           1|           2|
    |select_ln336_7_fu_1467_p3         |  select  |      0|  0|    2|           1|           2|
    |select_ln336_8_fu_1529_p3         |  select  |      0|  0|    2|           1|           2|
    |select_ln336_9_fu_4531_p3         |  select  |      0|  0|    2|           1|           2|
    |select_ln336_fu_2604_p3           |  select  |      0|  0|    2|           1|           2|
    |select_ln343_10_fu_4038_p3        |  select  |      0|  0|    8|           1|           8|
    |select_ln343_11_fu_4509_p3        |  select  |      0|  0|    8|           1|           8|
    |select_ln343_1_fu_1445_p3         |  select  |      0|  0|    8|           1|           8|
    |select_ln343_2_fu_2080_p3         |  select  |      0|  0|    8|           1|           8|
    |select_ln343_3_fu_2192_p3         |  select  |      0|  0|    8|           1|           8|
    |select_ln343_4_fu_2304_p3         |  select  |      0|  0|    8|           1|           8|
    |select_ln343_5_fu_2844_p3         |  select  |      0|  0|    8|           1|           8|
    |select_ln343_6_fu_2973_p3         |  select  |      0|  0|    8|           1|           8|
    |select_ln343_7_fu_3085_p3         |  select  |      0|  0|    8|           1|           8|
    |select_ln343_8_fu_3197_p3         |  select  |      0|  0|    8|           1|           8|
    |select_ln343_9_fu_3926_p3         |  select  |      0|  0|    8|           1|           8|
    |select_ln343_fu_1333_p3           |  select  |      0|  0|    8|           1|           8|
    |select_ln351_10_fu_3407_p3        |  select  |      0|  0|    8|           1|           8|
    |select_ln351_11_fu_3469_p3        |  select  |      0|  0|    8|           1|           8|
    |select_ln351_1_fu_2652_p3         |  select  |      0|  0|    8|           1|           8|
    |select_ln351_2_fu_1577_p3         |  select  |      0|  0|    8|           1|           8|
    |select_ln351_3_fu_4108_p3         |  select  |      0|  0|    8|           1|           8|
    |select_ln351_4_fu_2714_p3         |  select  |      0|  0|    8|           1|           8|
    |select_ln351_5_fu_4579_p3         |  select  |      0|  0|    8|           1|           8|
    |select_ln351_6_fu_4170_p3         |  select  |      0|  0|    8|           1|           8|
    |select_ln351_7_fu_2776_p3         |  select  |      0|  0|    8|           1|           8|
    |select_ln351_8_fu_3282_p3         |  select  |      0|  0|    8|           1|           8|
    |select_ln351_9_fu_3345_p3         |  select  |      0|  0|    8|           1|           8|
    |select_ln351_fu_1515_p3           |  select  |      0|  0|    8|           1|           8|
    |shl_ln345_10_fu_3041_p2           |    shl   |      0|  0|   19|           8|           8|
    |shl_ln345_11_fu_3153_p2           |    shl   |      0|  0|   19|           8|           8|
    |shl_ln345_1_fu_2036_p2            |    shl   |      0|  0|   19|           8|           8|
    |shl_ln345_2_fu_3882_p2            |    shl   |      0|  0|   19|           8|           8|
    |shl_ln345_3_fu_1401_p2            |    shl   |      0|  0|   19|           8|           8|
    |shl_ln345_4_fu_4465_p2            |    shl   |      0|  0|   19|           8|           8|
    |shl_ln345_5_fu_2148_p2            |    shl   |      0|  0|   19|           8|           8|
    |shl_ln345_6_fu_3994_p2            |    shl   |      0|  0|   19|           8|           8|
    |shl_ln345_7_fu_2260_p2            |    shl   |      0|  0|   19|           8|           8|
    |shl_ln345_8_fu_2823_p2            |    shl   |      0|  0|   19|           8|           8|
    |shl_ln345_9_fu_2929_p2            |    shl   |      0|  0|   19|           8|           8|
    |shl_ln345_fu_1289_p2              |    shl   |      0|  0|   19|           8|           8|
    |ap_enable_pp0                     |    xor   |      0|  0|    2|           1|           2|
    |ap_enable_pp1                     |    xor   |      0|  0|    2|           1|           2|
    |ap_enable_reg_pp1_iter1           |    xor   |      0|  0|    2|           2|           1|
    |xor_ln326_10_fu_4147_p2           |    xor   |      0|  0|    2|           1|           2|
    |xor_ln326_11_fu_4556_p2           |    xor   |      0|  0|    2|           1|           2|
    |xor_ln326_1_fu_1554_p2            |    xor   |      0|  0|    2|           1|           2|
    |xor_ln326_2_fu_2629_p2            |    xor   |      0|  0|    2|           1|           2|
    |xor_ln326_3_fu_2691_p2            |    xor   |      0|  0|    2|           1|           2|
    |xor_ln326_4_fu_2753_p2            |    xor   |      0|  0|    2|           1|           2|
    |xor_ln326_5_fu_3260_p2            |    xor   |      0|  0|    2|           1|           2|
    |xor_ln326_6_fu_3322_p2            |    xor   |      0|  0|    2|           1|           2|
    |xor_ln326_7_fu_3384_p2            |    xor   |      0|  0|    2|           1|           2|
    |xor_ln326_8_fu_3446_p2            |    xor   |      0|  0|    2|           1|           2|
    |xor_ln326_9_fu_4085_p2            |    xor   |      0|  0|    2|           1|           2|
    |xor_ln326_fu_1492_p2              |    xor   |      0|  0|    2|           1|           2|
    |xor_ln330_10_fu_3999_p2           |    xor   |      0|  0|    2|           1|           2|
    |xor_ln330_11_fu_4470_p2           |    xor   |      0|  0|    2|           1|           2|
    |xor_ln330_1_fu_1406_p2            |    xor   |      0|  0|    2|           1|           2|
    |xor_ln330_2_fu_2041_p2            |    xor   |      0|  0|    2|           1|           2|
    |xor_ln330_3_fu_2153_p2            |    xor   |      0|  0|    2|           1|           2|
    |xor_ln330_4_fu_2265_p2            |    xor   |      0|  0|    2|           1|           2|
    |xor_ln330_5_fu_2361_p2            |    xor   |      0|  0|    2|           1|           2|
    |xor_ln330_6_fu_2934_p2            |    xor   |      0|  0|    2|           1|           2|
    |xor_ln330_7_fu_3046_p2            |    xor   |      0|  0|    2|           1|           2|
    |xor_ln330_8_fu_3158_p2            |    xor   |      0|  0|    2|           1|           2|
    |xor_ln330_9_fu_3887_p2            |    xor   |      0|  0|    2|           1|           2|
    |xor_ln330_fu_1294_p2              |    xor   |      0|  0|    2|           1|           2|
    |xor_ln332_10_fu_4026_p2           |    xor   |      0|  0|    2|           1|           2|
    |xor_ln332_11_fu_4497_p2           |    xor   |      0|  0|    2|           1|           2|
    |xor_ln332_1_fu_1433_p2            |    xor   |      0|  0|    2|           1|           2|
    |xor_ln332_2_fu_2068_p2            |    xor   |      0|  0|    2|           1|           2|
    |xor_ln332_3_fu_2180_p2            |    xor   |      0|  0|    2|           1|           2|
    |xor_ln332_4_fu_2292_p2            |    xor   |      0|  0|    2|           1|           2|
    |xor_ln332_5_fu_2832_p2            |    xor   |      0|  0|    2|           1|           2|
    |xor_ln332_6_fu_2961_p2            |    xor   |      0|  0|    2|           1|           2|
    |xor_ln332_7_fu_3073_p2            |    xor   |      0|  0|    2|           1|           2|
    |xor_ln332_8_fu_3185_p2            |    xor   |      0|  0|    2|           1|           2|
    |xor_ln332_9_fu_3914_p2            |    xor   |      0|  0|    2|           1|           2|
    |xor_ln332_fu_1321_p2              |    xor   |      0|  0|    2|           1|           2|
    |xor_ln333_10_fu_4130_p2           |    xor   |      0|  0|    2|           1|           2|
    |xor_ln333_11_fu_4539_p2           |    xor   |      0|  0|    2|           1|           2|
    |xor_ln333_1_fu_1537_p2            |    xor   |      0|  0|    2|           1|           2|
    |xor_ln333_2_fu_2612_p2            |    xor   |      0|  0|    2|           1|           2|
    |xor_ln333_3_fu_2674_p2            |    xor   |      0|  0|    2|           1|           2|
    |xor_ln333_4_fu_2736_p2            |    xor   |      0|  0|    2|           1|           2|
    |xor_ln333_5_fu_2858_p2            |    xor   |      0|  0|    2|           1|           2|
    |xor_ln333_6_fu_3305_p2            |    xor   |      0|  0|    2|           1|           2|
    |xor_ln333_7_fu_3367_p2            |    xor   |      0|  0|    2|           1|           2|
    |xor_ln333_8_fu_3429_p2            |    xor   |      0|  0|    2|           1|           2|
    |xor_ln333_9_fu_4068_p2            |    xor   |      0|  0|    2|           1|           2|
    |xor_ln333_fu_1475_p2              |    xor   |      0|  0|    2|           1|           2|
    +----------------------------------+----------+-------+---+-----+------------+------------+
    |Total                             |          |      0|  0| 5233|        2791|        2394|
    +----------------------------------+----------+-------+---+-----+------------+------------+

    * Multiplexer: 
    +-----------------------------------------+-----+-----------+-----+-----------+
    |                   Name                  | LUT | Input Size| Bits| Total Bits|
    +-----------------------------------------+-----+-----------+-----+-----------+
    |Sxf_V_address0                           |   15|          3|   14|         42|
    |Sxtf_V_address0                          |   15|          3|   14|         42|
    |Syf_V_address0                           |   15|          3|   14|         42|
    |Sytf_V_address0                          |   15|          3|   14|         42|
    |adjChImg_V_address0                      |   27|          5|   14|         70|
    |adjChImg_V_address1                      |   15|          3|   14|         42|
    |adjChImg_V_ce0                           |   21|          4|    1|          4|
    |adjChImg_V_ce1                           |   15|          3|    1|          3|
    |adj_fx_address0                          |   21|          4|   14|         56|
    |adj_fx_ce0                               |   15|          3|    1|          3|
    |adj_fx_we0                               |    9|          2|    1|          2|
    |adj_fy_address0                          |   21|          4|   14|         56|
    |adj_fy_ce0                               |   15|          3|    1|          3|
    |adj_fy_we0                               |    9|          2|    1|          2|
    |ap_NS_fsm                                |  217|         50|    1|         50|
    |ap_enable_reg_pp0_iter12                 |    9|          2|    1|          2|
    |ap_enable_reg_pp1_iter1                  |    9|          2|    1|          2|
    |ap_enable_reg_pp1_iter23                 |    9|          2|    1|          2|
    |ap_phi_mux_indvar_flatten_phi_fu_738_p4  |    9|          2|   15|         30|
    |ap_phi_mux_x77_0_phi_fu_760_p4           |    9|          2|    8|         16|
    |ap_phi_mux_y76_0_phi_fu_749_p4           |    9|          2|    8|         16|
    |ap_phi_mux_y99_0_phi_fu_826_p4           |    9|          2|    8|         16|
    |cross_X_address0                         |   15|          3|   14|         42|
    |cross_X_ce0                              |   15|          3|    1|          3|
    |cross_X_we0                              |    9|          2|    1|          2|
    |cross_Y_address0                         |   15|          3|   14|         42|
    |cross_Y_ce0                              |   15|          3|    1|          3|
    |cross_Y_we0                              |    9|          2|    1|          2|
    |f_V_address0                             |   27|          5|   14|         70|
    |f_V_address1                             |   21|          4|   14|         56|
    |f_V_ce0                                  |   21|          4|    1|          4|
    |f_V_ce1                                  |   21|          4|    1|          4|
    |fx_V_address0                            |   33|          6|   14|         84|
    |fx_V_address1                            |   15|          3|   14|         42|
    |fx_V_ce0                                 |   27|          5|    1|          5|
    |fx_V_ce1                                 |   15|          3|    1|          3|
    |fx_V_we0                                 |    9|          2|    1|          2|
    |fxx_address0                             |   15|          3|   14|         42|
    |fxx_ce0                                  |   15|          3|    1|          3|
    |fxx_we0                                  |    9|          2|    1|          2|
    |fxy_address0                             |   15|          3|   14|         42|
    |fxy_ce0                                  |   15|          3|    1|          3|
    |fxy_we0                                  |    9|          2|    1|          2|
    |fy_V_address0                            |   27|          5|   14|         70|
    |fy_V_ce0                                 |   21|          4|    1|          4|
    |fy_V_ce1                                 |    9|          2|    1|          2|
    |fy_V_we0                                 |    9|          2|    1|          2|
    |fyy_address0                             |   15|          3|   14|         42|
    |fyy_ce0                                  |   15|          3|    1|          3|
    |fyy_we0                                  |    9|          2|    1|          2|
    |g1_V_address0                            |   21|          4|   14|         56|
    |g1_V_address1                            |   15|          3|   14|         42|
    |g1_V_ce0                                 |   15|          3|    1|          3|
    |g1_V_ce1                                 |   15|          3|    1|          3|
    |g2_V_address0                            |   21|          4|   14|         56|
    |g2_V_address1                            |   15|          3|   14|         42|
    |g2_V_ce0                                 |   15|          3|    1|          3|
    |g2_V_ce1                                 |   15|          3|    1|          3|
    |g3_V_address0                            |   21|          4|   14|         56|
    |g3_V_address1                            |   15|          3|   14|         42|
    |g3_V_ce0                                 |   15|          3|    1|          3|
    |g3_V_ce1                                 |   15|          3|    1|          3|
    |g3x_V_address0                           |   15|          3|   14|         42|
    |g3x_V_ce0                                |   15|          3|    1|          3|
    |g3x_V_ce1                                |    9|          2|    1|          2|
    |g3x_V_we0                                |    9|          2|    1|          2|
    |g4_V_address0                            |   21|          4|   14|         56|
    |g4_V_address1                            |   15|          3|   14|         42|
    |g4_V_ce0                                 |   15|          3|    1|          3|
    |g4_V_ce1                                 |   15|          3|    1|          3|
    |g4y_V_address0                           |   15|          3|   14|         42|
    |g4y_V_ce0                                |   15|          3|    1|          3|
    |g4y_V_ce1                                |    9|          2|    1|          2|
    |g4y_V_we0                                |    9|          2|    1|          2|
    |g5_V_address0                            |   21|          4|   14|         56|
    |g5_V_address1                            |   15|          3|   14|         42|
    |g5_V_ce0                                 |   15|          3|    1|          3|
    |g5_V_ce1                                 |   15|          3|    1|          3|
    |g5x_V_address0                           |   15|          3|   14|         42|
    |g5x_V_ce0                                |   15|          3|    1|          3|
    |g5x_V_ce1                                |    9|          2|    1|          2|
    |g5x_V_we0                                |    9|          2|    1|          2|
    |g6_V_address0                            |   21|          4|   14|         56|
    |g6_V_address1                            |   15|          3|   14|         42|
    |g7_V_address0                            |   21|          4|   14|         56|
    |g7_V_address1                            |   15|          3|   14|         42|
    |grp_fu_884_opcode                        |   15|          3|    2|          6|
    |grp_fu_884_p0                            |   21|          4|   64|        256|
    |grp_fu_884_p1                            |   15|          3|   64|        192|
    |grp_fu_888_p0                            |   15|          3|   64|        192|
    |grp_fu_888_p1                            |   15|          3|   64|        192|
    |grp_fu_892_p0                            |   15|          3|   64|        192|
    |grp_fu_892_p1                            |   15|          3|   64|        192|
    |grp_fu_900_p0                            |   15|          3|   64|        192|
    |grp_fu_900_p1                            |   15|          3|   64|        192|
    |grp_fu_905_p0                            |   15|          3|   64|        192|
    |grp_fu_910_p0                            |   15|          3|   64|        192|
    |grp_fu_921_p0                            |   33|          6|   32|        192|
    |grp_fu_924_p0                            |   33|          6|   32|        192|
    |grp_fu_927_p0                            |   15|          3|   32|         96|
    |grp_fu_930_p0                            |   15|          3|   32|         96|
    |grp_fu_933_p0                            |   15|          3|   32|         96|
    |grp_fu_936_p0                            |   15|          3|   32|         96|
    |grp_fu_939_p0                            |   15|          3|   32|         96|
    |grp_my_filter_fx6_fu_866_data_in_V_q0    |   38|          7|    8|         56|
    |grp_my_filter_fx6_fu_866_data_in_V_q1    |   38|          7|    8|         56|
    |grp_my_filter_fx6_fu_874_data_in_V_q0    |   15|          3|    8|         24|
    |grp_my_filter_fx6_fu_874_data_in_V_q1    |   15|          3|    8|         24|
    |grp_my_filter_fy5_fu_844_data_in_V_q0    |   33|          6|    8|         48|
    |grp_my_filter_fy5_fu_844_data_in_V_q1    |   33|          6|    8|         48|
    |grp_my_filter_fy5_fu_851_data_in_V_q0    |   15|          3|    8|         24|
    |grp_my_filter_fy5_fu_851_data_in_V_q1    |   15|          3|    8|         24|
    |grp_my_filter_fy5_fu_857_data_in_V_q0    |   15|          3|    8|         24|
    |grp_my_filter_fy5_fu_857_data_in_V_q1    |   15|          3|    8|         24|
    |gx_address0                              |   15|          3|   14|         42|
    |gx_ce0                                   |   15|          3|    1|          3|
    |gx_we0                                   |    9|          2|    1|          2|
    |gxx_address0                             |   15|          3|   14|         42|
    |gxx_ce0                                  |   15|          3|    1|          3|
    |gxx_we0                                  |    9|          2|    1|          2|
    |gxy_address0                             |   15|          3|   14|         42|
    |gxy_ce0                                  |   15|          3|    1|          3|
    |gxy_we0                                  |    9|          2|    1|          2|
    |gy_address0                              |   15|          3|   14|         42|
    |gy_ce0                                   |   15|          3|    1|          3|
    |gy_we0                                   |    9|          2|    1|          2|
    |gyy_address0                             |   15|          3|   14|         42|
    |gyy_ce0                                  |   15|          3|    1|          3|
    |gyy_we0                                  |    9|          2|    1|          2|
    |indvar_flatten11_reg_811                 |    9|          2|   15|         30|
    |indvar_flatten_reg_734                   |    9|          2|   15|         30|
    |temp_cross6_V_address0                   |   15|          3|   14|         42|
    |temp_cross6_V_ce0                        |   15|          3|    1|          3|
    |temp_cross6_V_ce1                        |    9|          2|    1|          2|
    |temp_cross7_V_address0                   |   15|          3|   14|         42|
    |temp_cross7_V_ce0                        |   15|          3|    1|          3|
    |temp_cross7_V_ce1                        |    9|          2|    1|          2|
    |x100_0_reg_833                           |    9|          2|    8|         16|
    |x77_0_reg_756                            |    9|          2|    8|         16|
    |x96_0_reg_778                            |    9|          2|    8|         16|
    |x98_0_reg_800                            |    9|          2|    8|         16|
    |x_0_reg_723                              |    9|          2|    8|         16|
    |y76_0_reg_745                            |    9|          2|    8|         16|
    |y95_0_reg_767                            |    9|          2|    8|         16|
    |y97_0_reg_789                            |    9|          2|    8|         16|
    |y99_0_reg_822                            |    9|          2|    8|         16|
    |y_0_reg_712                              |    9|          2|    8|         16|
    +-----------------------------------------+-----+-----------+-----+-----------+
    |Total                                    | 2429|        492| 1744|       5744|
    +-----------------------------------------+-----+-----------+-----+-----------+

    * Register: 
    +---------------------------------------+----+----+-----+-----------+
    |                  Name                 | FF | LUT| Bits| Const Bits|
    +---------------------------------------+----+----+-----+-----------+
    |Sxf_V_load_reg_4915                    |   8|   0|    8|          0|
    |Syf_V_load_reg_4920                    |   8|   0|    8|          0|
    |add_ln124_reg_4839                     |  15|   0|   15|          0|
    |add_ln1353_3_reg_5997                  |   9|   0|    9|          0|
    |adjChImg_V_load_reg_4676               |   8|   0|    8|          0|
    |and_ln332_10_reg_5906                  |   1|   0|    1|          0|
    |and_ln332_11_reg_6069                  |   1|   0|    1|          0|
    |and_ln332_1_reg_4815                   |   1|   0|    1|          0|
    |and_ln332_2_reg_5356                   |   1|   0|    1|          0|
    |and_ln332_3_reg_5366                   |   1|   0|    1|          0|
    |and_ln332_4_reg_5376                   |   1|   0|    1|          0|
    |and_ln332_5_reg_5401                   |   1|   0|    1|          0|
    |and_ln332_6_reg_5587                   |   1|   0|    1|          0|
    |and_ln332_7_reg_5597                   |   1|   0|    1|          0|
    |and_ln332_8_reg_5607                   |   1|   0|    1|          0|
    |and_ln332_9_reg_5896                   |   1|   0|    1|          0|
    |and_ln332_reg_4805                     |   1|   0|    1|          0|
    |ap_CS_fsm                              |  49|   0|   49|          0|
    |ap_enable_reg_pp0_iter0                |   1|   0|    1|          0|
    |ap_enable_reg_pp0_iter1                |   1|   0|    1|          0|
    |ap_enable_reg_pp0_iter10               |   1|   0|    1|          0|
    |ap_enable_reg_pp0_iter11               |   1|   0|    1|          0|
    |ap_enable_reg_pp0_iter12               |   1|   0|    1|          0|
    |ap_enable_reg_pp0_iter2                |   1|   0|    1|          0|
    |ap_enable_reg_pp0_iter3                |   1|   0|    1|          0|
    |ap_enable_reg_pp0_iter4                |   1|   0|    1|          0|
    |ap_enable_reg_pp0_iter5                |   1|   0|    1|          0|
    |ap_enable_reg_pp0_iter6                |   1|   0|    1|          0|
    |ap_enable_reg_pp0_iter7                |   1|   0|    1|          0|
    |ap_enable_reg_pp0_iter8                |   1|   0|    1|          0|
    |ap_enable_reg_pp0_iter9                |   1|   0|    1|          0|
    |ap_enable_reg_pp1_iter0                |   1|   0|    1|          0|
    |ap_enable_reg_pp1_iter1                |   1|   0|    1|          0|
    |ap_enable_reg_pp1_iter10               |   1|   0|    1|          0|
    |ap_enable_reg_pp1_iter11               |   1|   0|    1|          0|
    |ap_enable_reg_pp1_iter12               |   1|   0|    1|          0|
    |ap_enable_reg_pp1_iter13               |   1|   0|    1|          0|
    |ap_enable_reg_pp1_iter14               |   1|   0|    1|          0|
    |ap_enable_reg_pp1_iter15               |   1|   0|    1|          0|
    |ap_enable_reg_pp1_iter16               |   1|   0|    1|          0|
    |ap_enable_reg_pp1_iter17               |   1|   0|    1|          0|
    |ap_enable_reg_pp1_iter18               |   1|   0|    1|          0|
    |ap_enable_reg_pp1_iter19               |   1|   0|    1|          0|
    |ap_enable_reg_pp1_iter2                |   1|   0|    1|          0|
    |ap_enable_reg_pp1_iter20               |   1|   0|    1|          0|
    |ap_enable_reg_pp1_iter21               |   1|   0|    1|          0|
    |ap_enable_reg_pp1_iter22               |   1|   0|    1|          0|
    |ap_enable_reg_pp1_iter23               |   1|   0|    1|          0|
    |ap_enable_reg_pp1_iter3                |   1|   0|    1|          0|
    |ap_enable_reg_pp1_iter4                |   1|   0|    1|          0|
    |ap_enable_reg_pp1_iter5                |   1|   0|    1|          0|
    |ap_enable_reg_pp1_iter6                |   1|   0|    1|          0|
    |ap_enable_reg_pp1_iter7                |   1|   0|    1|          0|
    |ap_enable_reg_pp1_iter8                |   1|   0|    1|          0|
    |ap_enable_reg_pp1_iter9                |   1|   0|    1|          0|
    |f_V_addr_1_reg_5981                    |  14|   0|   14|          0|
    |fxx_load_reg_4900                      |   8|   0|    8|          0|
    |fxy_load_reg_4910                      |   8|   0|    8|          0|
    |fyy_load_reg_4905                      |   8|   0|    8|          0|
    |g1_V_addr_reg_4965                     |  14|   0|   14|          0|
    |g1_V_load_reg_5007                     |   8|   0|    8|          0|
    |g2_V_addr_reg_4971                     |  14|   0|   14|          0|
    |g2_V_load_reg_5012                     |   8|   0|    8|          0|
    |g3_V_addr_reg_4977                     |  14|   0|   14|          0|
    |g3_V_load_reg_5017                     |   8|   0|    8|          0|
    |g4_V_addr_reg_4983                     |  14|   0|   14|          0|
    |g4_V_load_reg_5022                     |   8|   0|    8|          0|
    |g5_V_addr_reg_4989                     |  14|   0|   14|          0|
    |g5_V_load_reg_5062                     |   8|   0|    8|          0|
    |g6_V_addr_2_reg_4995                   |  14|   0|   14|          0|
    |g7_V_addr_2_reg_5001                   |  14|   0|   14|          0|
    |grp_my_filter_fx6_fu_866_ap_start_reg  |   1|   0|    1|          0|
    |grp_my_filter_fx6_fu_874_ap_start_reg  |   1|   0|    1|          0|
    |grp_my_filter_fy5_fu_844_ap_start_reg  |   1|   0|    1|          0|
    |grp_my_filter_fy5_fu_851_ap_start_reg  |   1|   0|    1|          0|
    |grp_my_filter_fy5_fu_857_ap_start_reg  |   1|   0|    1|          0|
    |i_op_assign_2_reg_5112                 |  64|   0|   64|          0|
    |i_op_assign_3_reg_5117                 |  64|   0|   64|          0|
    |i_op_assign_4_reg_5122                 |  64|   0|   64|          0|
    |i_op_assign_5_reg_5127                 |  64|   0|   64|          0|
    |i_op_assign_6_reg_5137                 |  64|   0|   64|          0|
    |i_op_assign_7_reg_5147                 |  64|   0|   64|          0|
    |icmp_ln124_reg_4835                    |   1|   0|    1|          0|
    |icmp_ln189_reg_5926                    |   1|   0|    1|          0|
    |icmp_ln326_10_reg_5480                 |   1|   0|    1|          0|
    |icmp_ln326_11_reg_5532                 |   1|   0|    1|          0|
    |icmp_ln326_1_reg_5179                  |   1|   0|    1|          0|
    |icmp_ln326_2_reg_5809                  |   1|   0|    1|          0|
    |icmp_ln326_3_reg_4770                  |   1|   0|    1|          0|
    |icmp_ln326_4_reg_6034                  |   1|   0|    1|          0|
    |icmp_ln326_4_reg_6034_pp1_iter21_reg   |   1|   0|    1|          0|
    |icmp_ln326_5_reg_5231                  |   1|   0|    1|          0|
    |icmp_ln326_6_reg_5861                  |   1|   0|    1|          0|
    |icmp_ln326_7_reg_5283                  |   1|   0|    1|          0|
    |icmp_ln326_8_reg_5335                  |   1|   0|    1|          0|
    |icmp_ln326_8_reg_5335_pp0_iter10_reg   |   1|   0|    1|          0|
    |icmp_ln326_9_reg_5428                  |   1|   0|    1|          0|
    |icmp_ln326_reg_4718                    |   1|   0|    1|          0|
    |icmp_ln330_10_reg_5492                 |   1|   0|    1|          0|
    |icmp_ln330_11_reg_5544                 |   1|   0|    1|          0|
    |icmp_ln330_1_reg_5191                  |   1|   0|    1|          0|
    |icmp_ln330_2_reg_5821                  |   1|   0|    1|          0|
    |icmp_ln330_3_reg_4782                  |   1|   0|    1|          0|
    |icmp_ln330_4_reg_6046                  |   1|   0|    1|          0|
    |icmp_ln330_4_reg_6046_pp1_iter21_reg   |   1|   0|    1|          0|
    |icmp_ln330_5_reg_5243                  |   1|   0|    1|          0|
    |icmp_ln330_6_reg_5873                  |   1|   0|    1|          0|
    |icmp_ln330_7_reg_5295                  |   1|   0|    1|          0|
    |icmp_ln330_8_reg_5350                  |   1|   0|    1|          0|
    |icmp_ln330_8_reg_5350_pp0_iter10_reg   |   1|   0|    1|          0|
    |icmp_ln330_9_reg_5440                  |   1|   0|    1|          0|
    |icmp_ln330_reg_4730                    |   1|   0|    1|          0|
    |icmp_ln332_10_reg_5497                 |   1|   0|    1|          0|
    |icmp_ln332_11_reg_5549                 |   1|   0|    1|          0|
    |icmp_ln332_1_reg_5196                  |   1|   0|    1|          0|
    |icmp_ln332_2_reg_5826                  |   1|   0|    1|          0|
    |icmp_ln332_3_reg_4787                  |   1|   0|    1|          0|
    |icmp_ln332_4_reg_6051                  |   1|   0|    1|          0|
    |icmp_ln332_5_reg_5248                  |   1|   0|    1|          0|
    |icmp_ln332_6_reg_5878                  |   1|   0|    1|          0|
    |icmp_ln332_7_reg_5300                  |   1|   0|    1|          0|
    |icmp_ln332_8_reg_5386                  |   1|   0|    1|          0|
    |icmp_ln332_9_reg_5445                  |   1|   0|    1|          0|
    |icmp_ln332_reg_4735                    |   1|   0|    1|          0|
    |icmp_ln333_10_reg_5503                 |   1|   0|    1|          0|
    |icmp_ln333_11_reg_5555                 |   1|   0|    1|          0|
    |icmp_ln333_1_reg_5202                  |   1|   0|    1|          0|
    |icmp_ln333_2_reg_5832                  |   1|   0|    1|          0|
    |icmp_ln333_3_reg_4793                  |   1|   0|    1|          0|
    |icmp_ln333_4_reg_6057                  |   1|   0|    1|          0|
    |icmp_ln333_4_reg_6057_pp1_iter21_reg   |   1|   0|    1|          0|
    |icmp_ln333_5_reg_5254                  |   1|   0|    1|          0|
    |icmp_ln333_6_reg_5884                  |   1|   0|    1|          0|
    |icmp_ln333_7_reg_5306                  |   1|   0|    1|          0|
    |icmp_ln333_8_reg_5391                  |   1|   0|    1|          0|
    |icmp_ln333_9_reg_5451                  |   1|   0|    1|          0|
    |icmp_ln333_reg_4741                    |   1|   0|    1|          0|
    |icmp_ln895_1_reg_5621                  |   1|   0|    1|          0|
    |icmp_ln895_2_reg_5625                  |   1|   0|    1|          0|
    |icmp_ln895_3_reg_5644                  |   1|   0|    1|          0|
    |icmp_ln895_4_reg_5648                  |   1|   0|    1|          0|
    |icmp_ln895_5_reg_5652                  |   1|   0|    1|          0|
    |icmp_ln895_6_reg_5656                  |   1|   0|    1|          0|
    |icmp_ln895_reg_5617                    |   1|   0|    1|          0|
    |indvar_flatten11_reg_811               |  15|   0|   15|          0|
    |indvar_flatten_reg_734                 |  15|   0|   15|          0|
    |mul_ln68_1_reg_5707                    |   8|   0|    8|          0|
    |mul_ln68_reg_5702                      |   8|   0|    8|          0|
    |or_ln330_10_reg_5890                   |   1|   0|    1|          0|
    |or_ln330_11_reg_6063                   |   1|   0|    1|          0|
    |or_ln330_1_reg_4799                    |   1|   0|    1|          0|
    |or_ln330_2_reg_5208                    |   1|   0|    1|          0|
    |or_ln330_3_reg_5260                    |   1|   0|    1|          0|
    |or_ln330_4_reg_5312                    |   1|   0|    1|          0|
    |or_ln330_5_reg_5396                    |   1|   0|    1|          0|
    |or_ln330_6_reg_5457                    |   1|   0|    1|          0|
    |or_ln330_7_reg_5509                    |   1|   0|    1|          0|
    |or_ln330_8_reg_5561                    |   1|   0|    1|          0|
    |or_ln330_9_reg_5838                    |   1|   0|    1|          0|
    |or_ln330_reg_4747                      |   1|   0|    1|          0|
    |p_Result_18_reg_4707                   |   1|   0|    1|          0|
    |p_Result_19_reg_4759                   |   1|   0|    1|          0|
    |p_Result_20_reg_5168                   |   1|   0|    1|          0|
    |p_Result_21_reg_5220                   |   1|   0|    1|          0|
    |p_Result_22_reg_5272                   |   1|   0|    1|          0|
    |p_Result_23_reg_5324                   |   1|   0|    1|          0|
    |p_Result_23_reg_5324_pp0_iter10_reg    |   1|   0|    1|          0|
    |p_Result_24_reg_5417                   |   1|   0|    1|          0|
    |p_Result_25_reg_5469                   |   1|   0|    1|          0|
    |p_Result_26_reg_5521                   |   1|   0|    1|          0|
    |p_Result_27_reg_5798                   |   1|   0|    1|          0|
    |p_Result_28_reg_5850                   |   1|   0|    1|          0|
    |p_Result_29_reg_6023                   |   1|   0|    1|          0|
    |p_Result_29_reg_6023_pp1_iter21_reg    |   1|   0|    1|          0|
    |reg_942                                |   8|   0|    8|          0|
    |reg_946                                |   8|   0|    8|          0|
    |reg_950                                |   8|   0|    8|          0|
    |reg_954                                |   8|   0|    8|          0|
    |reg_958                                |   8|   0|    8|          0|
    |reg_962                                |  64|   0|   64|          0|
    |reg_967                                |  64|   0|   64|          0|
    |reg_973                                |   8|   0|    8|          0|
    |reg_977                                |   8|   0|    8|          0|
    |reg_981                                |  64|   0|   64|          0|
    |reg_986                                |  64|   0|   64|          0|
    |reg_990                                |  64|   0|   64|          0|
    |reg_994                                |  64|   0|   64|          0|
    |reg_V_10_reg_5214                      |  64|   0|   64|          0|
    |reg_V_11_reg_5266                      |  64|   0|   64|          0|
    |reg_V_12_reg_5318                      |  64|   0|   64|          0|
    |reg_V_13_reg_5411                      |  64|   0|   64|          0|
    |reg_V_14_reg_5463                      |  64|   0|   64|          0|
    |reg_V_15_reg_5515                      |  64|   0|   64|          0|
    |reg_V_16_reg_5792                      |  64|   0|   64|          0|
    |reg_V_17_reg_5844                      |  64|   0|   64|          0|
    |reg_V_18_reg_6017                      |  64|   0|   64|          0|
    |reg_V_18_reg_6017_pp1_iter21_reg       |  64|   0|   64|          0|
    |reg_V_8_reg_4753                       |  64|   0|   64|          0|
    |reg_V_9_reg_5162                       |  64|   0|   64|          0|
    |reg_V_reg_4701                         |  64|   0|   64|          0|
    |ret_V_10_reg_5772                      |  16|   0|   16|          0|
    |ret_V_12_reg_5777                      |  16|   0|   16|          0|
    |ret_V_2_reg_4681                       |  16|   0|   16|          0|
    |ret_V_5_reg_4686                       |  16|   0|   16|          0|
    |ret_V_7_reg_5992                       |  10|   0|   10|          0|
    |ret_V_8_reg_6002                       |  11|   0|   11|          0|
    |select_ln129_1_reg_4849                |   8|   0|    8|          0|
    |select_ln129_reg_4844                  |   8|   0|    8|          0|
    |select_ln194_1_reg_5935                |   8|   0|    8|          0|
    |select_ln326_10_reg_5911               |   8|   0|    8|          0|
    |select_ln326_11_reg_6074               |   8|   0|    8|          0|
    |select_ln326_1_reg_4820                |   8|   0|    8|          0|
    |select_ln326_2_reg_5361                |   8|   0|    8|          0|
    |select_ln326_3_reg_5371                |   8|   0|    8|          0|
    |select_ln326_4_reg_5381                |   8|   0|    8|          0|
    |select_ln326_6_reg_5592                |   8|   0|    8|          0|
    |select_ln326_7_reg_5602                |   8|   0|    8|          0|
    |select_ln326_8_reg_5612                |   8|   0|    8|          0|
    |select_ln326_9_reg_5901                |   8|   0|    8|          0|
    |select_ln326_reg_4810                  |   8|   0|    8|          0|
    |select_ln333_10_reg_5406               |   8|   0|    8|          0|
    |select_ln333_11_reg_5582               |   8|   0|    8|          0|
    |select_ln351_10_reg_5634               |   8|   0|    8|          0|
    |select_ln351_11_reg_5639               |   8|   0|    8|          0|
    |select_ln351_1_reg_5567                |   8|   0|    8|          0|
    |select_ln351_2_reg_4830                |   8|   0|    8|          0|
    |select_ln351_3_reg_5916                |   8|   0|    8|          0|
    |select_ln351_4_reg_5572                |   8|   0|    8|          0|
    |select_ln351_5_reg_6079                |   8|   0|    8|          0|
    |select_ln351_6_reg_5921                |   8|   0|    8|          0|
    |select_ln351_7_reg_5577                |   8|   0|    8|          0|
    |select_ln351_9_reg_5629                |   8|   0|    8|          0|
    |select_ln351_reg_4825                  |   8|   0|    8|          0|
    |sh_amt_11_reg_5486                     |  12|   0|   12|          0|
    |sh_amt_13_reg_5538                     |  12|   0|   12|          0|
    |sh_amt_16_reg_4776                     |  12|   0|   12|          0|
    |sh_amt_18_reg_6040                     |  12|   0|   12|          0|
    |sh_amt_1_reg_5185                      |  12|   0|   12|          0|
    |sh_amt_20_reg_5815                     |  12|   0|   12|          0|
    |sh_amt_22_reg_5867                     |  12|   0|   12|          0|
    |sh_amt_3_reg_5237                      |  12|   0|   12|          0|
    |sh_amt_5_reg_5289                      |  12|   0|   12|          0|
    |sh_amt_7_reg_5342                      |  12|   0|   12|          0|
    |sh_amt_9_reg_5434                      |  12|   0|   12|          0|
    |sh_amt_reg_4724                        |  12|   0|   12|          0|
    |tmp_10_reg_5132                        |  64|   0|   64|          0|
    |tmp_11_reg_5067                        |  64|   0|   64|          0|
    |tmp_12_reg_5142                        |  64|   0|   64|          0|
    |tmp_13_reg_5072                        |  64|   0|   64|          0|
    |tmp_14_reg_5152                        |  64|   0|   64|          0|
    |tmp_1_reg_5092                         |  64|   0|   64|          0|
    |tmp_2_reg_5102                         |  64|   0|   64|          0|
    |tmp_3_reg_5047                         |  64|   0|   64|          0|
    |tmp_4_reg_5107                         |  64|   0|   64|          0|
    |tmp_7_reg_5057                         |  64|   0|   64|          0|
    |tmp_9_reg_5097                         |  64|   0|   64|          0|
    |tmp_s_reg_5037                         |  64|   0|   64|          0|
    |trunc_ln331_10_reg_5803                |   8|   0|    8|          0|
    |trunc_ln331_11_reg_5855                |   8|   0|    8|          0|
    |trunc_ln331_1_reg_5225                 |   8|   0|    8|          0|
    |trunc_ln331_2_reg_5277                 |   8|   0|    8|          0|
    |trunc_ln331_3_reg_5329                 |   8|   0|    8|          0|
    |trunc_ln331_3_reg_5329_pp0_iter10_reg  |   8|   0|    8|          0|
    |trunc_ln331_4_reg_5422                 |   8|   0|    8|          0|
    |trunc_ln331_5_reg_5474                 |   8|   0|    8|          0|
    |trunc_ln331_6_reg_5526                 |   8|   0|    8|          0|
    |trunc_ln331_7_reg_4712                 |   8|   0|    8|          0|
    |trunc_ln331_8_reg_4764                 |   8|   0|    8|          0|
    |trunc_ln331_9_reg_6028                 |   8|   0|    8|          0|
    |trunc_ln331_9_reg_6028_pp1_iter21_reg  |   8|   0|    8|          0|
    |trunc_ln331_reg_5173                   |   8|   0|    8|          0|
    |val_assign_5_reg_5157                  |  64|   0|   64|          0|
    |x100_0_reg_833                         |   8|   0|    8|          0|
    |x77_0_reg_756                          |   8|   0|    8|          0|
    |x96_0_reg_778                          |   8|   0|    8|          0|
    |x98_0_reg_800                          |   8|   0|    8|          0|
    |x_0_reg_723                            |   8|   0|    8|          0|
    |x_1_reg_4635                           |   8|   0|    8|          0|
    |x_3_reg_5729                           |   8|   0|    8|          0|
    |x_4_reg_4925                           |   8|   0|    8|          0|
    |x_reg_5676                             |   8|   0|    8|          0|
    |y76_0_reg_745                          |   8|   0|    8|          0|
    |y95_0_reg_767                          |   8|   0|    8|          0|
    |y97_0_reg_789                          |   8|   0|    8|          0|
    |y99_0_reg_822                          |   8|   0|    8|          0|
    |y_0_reg_712                            |   8|   0|    8|          0|
    |y_1_reg_4622                           |   8|   0|    8|          0|
    |y_2_reg_5663                           |   8|   0|    8|          0|
    |y_4_reg_5716                           |   8|   0|    8|          0|
    |zext_ln113_reg_4627                    |   8|   0|   16|          8|
    |zext_ln169_reg_5668                    |   8|   0|   16|          8|
    |zext_ln182_reg_5721                    |   8|   0|   16|          8|
    |zext_ln215_1_reg_4640                  |  16|   0|   64|         48|
    |zext_ln215_3_reg_5681                  |  16|   0|   64|         48|
    |zext_ln215_5_reg_5734                  |  16|   0|   64|         48|
    |zext_ln544_1_reg_4854                  |  16|   0|   64|         48|
    |zext_ln544_1_reg_4854_pp0_iter1_reg    |  16|   0|   64|         48|
    |zext_ln544_3_reg_5940                  |  16|   0|   64|         48|
    |f_V_addr_1_reg_5981                    |  64|  32|   14|          0|
    |g1_V_addr_reg_4965                     |  64|  32|   14|          0|
    |g2_V_addr_reg_4971                     |  64|  32|   14|          0|
    |g3_V_addr_reg_4977                     |  64|  32|   14|          0|
    |g4_V_addr_reg_4983                     |  64|  32|   14|          0|
    |g5_V_addr_reg_4989                     |  64|  32|   14|          0|
    |g6_V_addr_2_reg_4995                   |  64|  32|   14|          0|
    |g7_V_addr_2_reg_5001                   |  64|  32|   14|          0|
    |icmp_ln124_reg_4835                    |  64|  32|    1|          0|
    |icmp_ln189_reg_5926                    |  64|  32|    1|          0|
    +---------------------------------------+----+----+-----+-----------+
    |Total                                  |4402| 320| 4188|        312|
    +---------------------------------------+----+----+-----+-----------+



================================================================
== Interface
================================================================
* Summary: 
+---------------------+-----+-----+------------+--------------+--------------+
|      RTL Ports      | Dir | Bits|  Protocol  | Source Object|    C Type    |
+---------------------+-----+-----+------------+--------------+--------------+
|ap_clk               |  in |    1| ap_ctrl_hs | my_filter_v1 | return value |
|ap_rst               |  in |    1| ap_ctrl_hs | my_filter_v1 | return value |
|ap_start             |  in |    1| ap_ctrl_hs | my_filter_v1 | return value |
|ap_done              | out |    1| ap_ctrl_hs | my_filter_v1 | return value |
|ap_idle              | out |    1| ap_ctrl_hs | my_filter_v1 | return value |
|ap_ready             | out |    1| ap_ctrl_hs | my_filter_v1 | return value |
|f_V_address0         | out |   14|  ap_memory |      f_V     |     array    |
|f_V_ce0              | out |    1|  ap_memory |      f_V     |     array    |
|f_V_q0               |  in |    8|  ap_memory |      f_V     |     array    |
|f_V_address1         | out |   14|  ap_memory |      f_V     |     array    |
|f_V_ce1              | out |    1|  ap_memory |      f_V     |     array    |
|f_V_we1              | out |    1|  ap_memory |      f_V     |     array    |
|f_V_d1               | out |    8|  ap_memory |      f_V     |     array    |
|f_V_q1               |  in |    8|  ap_memory |      f_V     |     array    |
|adjChImg_V_address0  | out |   14|  ap_memory |  adjChImg_V  |     array    |
|adjChImg_V_ce0       | out |    1|  ap_memory |  adjChImg_V  |     array    |
|adjChImg_V_q0        |  in |    8|  ap_memory |  adjChImg_V  |     array    |
|adjChImg_V_address1  | out |   14|  ap_memory |  adjChImg_V  |     array    |
|adjChImg_V_ce1       | out |    1|  ap_memory |  adjChImg_V  |     array    |
|adjChImg_V_q1        |  in |    8|  ap_memory |  adjChImg_V  |     array    |
|g1_V_address0        | out |   14|  ap_memory |     g1_V     |     array    |
|g1_V_ce0             | out |    1|  ap_memory |     g1_V     |     array    |
|g1_V_we0             | out |    1|  ap_memory |     g1_V     |     array    |
|g1_V_d0              | out |    8|  ap_memory |     g1_V     |     array    |
|g1_V_q0              |  in |    8|  ap_memory |     g1_V     |     array    |
|g1_V_address1        | out |   14|  ap_memory |     g1_V     |     array    |
|g1_V_ce1             | out |    1|  ap_memory |     g1_V     |     array    |
|g1_V_we1             | out |    1|  ap_memory |     g1_V     |     array    |
|g1_V_d1              | out |    8|  ap_memory |     g1_V     |     array    |
|g1_V_q1              |  in |    8|  ap_memory |     g1_V     |     array    |
|g2_V_address0        | out |   14|  ap_memory |     g2_V     |     array    |
|g2_V_ce0             | out |    1|  ap_memory |     g2_V     |     array    |
|g2_V_we0             | out |    1|  ap_memory |     g2_V     |     array    |
|g2_V_d0              | out |    8|  ap_memory |     g2_V     |     array    |
|g2_V_q0              |  in |    8|  ap_memory |     g2_V     |     array    |
|g2_V_address1        | out |   14|  ap_memory |     g2_V     |     array    |
|g2_V_ce1             | out |    1|  ap_memory |     g2_V     |     array    |
|g2_V_we1             | out |    1|  ap_memory |     g2_V     |     array    |
|g2_V_d1              | out |    8|  ap_memory |     g2_V     |     array    |
|g2_V_q1              |  in |    8|  ap_memory |     g2_V     |     array    |
|g3_V_address0        | out |   14|  ap_memory |     g3_V     |     array    |
|g3_V_ce0             | out |    1|  ap_memory |     g3_V     |     array    |
|g3_V_we0             | out |    1|  ap_memory |     g3_V     |     array    |
|g3_V_d0              | out |    8|  ap_memory |     g3_V     |     array    |
|g3_V_q0              |  in |    8|  ap_memory |     g3_V     |     array    |
|g3_V_address1        | out |   14|  ap_memory |     g3_V     |     array    |
|g3_V_ce1             | out |    1|  ap_memory |     g3_V     |     array    |
|g3_V_we1             | out |    1|  ap_memory |     g3_V     |     array    |
|g3_V_d1              | out |    8|  ap_memory |     g3_V     |     array    |
|g3_V_q1              |  in |    8|  ap_memory |     g3_V     |     array    |
|g4_V_address0        | out |   14|  ap_memory |     g4_V     |     array    |
|g4_V_ce0             | out |    1|  ap_memory |     g4_V     |     array    |
|g4_V_we0             | out |    1|  ap_memory |     g4_V     |     array    |
|g4_V_d0              | out |    8|  ap_memory |     g4_V     |     array    |
|g4_V_q0              |  in |    8|  ap_memory |     g4_V     |     array    |
|g4_V_address1        | out |   14|  ap_memory |     g4_V     |     array    |
|g4_V_ce1             | out |    1|  ap_memory |     g4_V     |     array    |
|g4_V_we1             | out |    1|  ap_memory |     g4_V     |     array    |
|g4_V_d1              | out |    8|  ap_memory |     g4_V     |     array    |
|g4_V_q1              |  in |    8|  ap_memory |     g4_V     |     array    |
|g5_V_address0        | out |   14|  ap_memory |     g5_V     |     array    |
|g5_V_ce0             | out |    1|  ap_memory |     g5_V     |     array    |
|g5_V_we0             | out |    1|  ap_memory |     g5_V     |     array    |
|g5_V_d0              | out |    8|  ap_memory |     g5_V     |     array    |
|g5_V_q0              |  in |    8|  ap_memory |     g5_V     |     array    |
|g5_V_address1        | out |   14|  ap_memory |     g5_V     |     array    |
|g5_V_ce1             | out |    1|  ap_memory |     g5_V     |     array    |
|g5_V_we1             | out |    1|  ap_memory |     g5_V     |     array    |
|g5_V_d1              | out |    8|  ap_memory |     g5_V     |     array    |
|g5_V_q1              |  in |    8|  ap_memory |     g5_V     |     array    |
|g6_V_address0        | out |   14|  ap_memory |     g6_V     |     array    |
|g6_V_ce0             | out |    1|  ap_memory |     g6_V     |     array    |
|g6_V_we0             | out |    1|  ap_memory |     g6_V     |     array    |
|g6_V_d0              | out |    8|  ap_memory |     g6_V     |     array    |
|g6_V_q0              |  in |    8|  ap_memory |     g6_V     |     array    |
|g6_V_address1        | out |   14|  ap_memory |     g6_V     |     array    |
|g6_V_ce1             | out |    1|  ap_memory |     g6_V     |     array    |
|g6_V_we1             | out |    1|  ap_memory |     g6_V     |     array    |
|g6_V_d1              | out |    8|  ap_memory |     g6_V     |     array    |
|g6_V_q1              |  in |    8|  ap_memory |     g6_V     |     array    |
|g7_V_address0        | out |   14|  ap_memory |     g7_V     |     array    |
|g7_V_ce0             | out |    1|  ap_memory |     g7_V     |     array    |
|g7_V_we0             | out |    1|  ap_memory |     g7_V     |     array    |
|g7_V_d0              | out |    8|  ap_memory |     g7_V     |     array    |
|g7_V_q0              |  in |    8|  ap_memory |     g7_V     |     array    |
|g7_V_address1        | out |   14|  ap_memory |     g7_V     |     array    |
|g7_V_ce1             | out |    1|  ap_memory |     g7_V     |     array    |
|g7_V_we1             | out |    1|  ap_memory |     g7_V     |     array    |
|g7_V_d1              | out |    8|  ap_memory |     g7_V     |     array    |
|g7_V_q1              |  in |    8|  ap_memory |     g7_V     |     array    |
+---------------------+-----+-----+------------+--------------+--------------+

